Removed Pin From Net: NetName=ETH_GND Pin=C18-1
Removed Pin From Net: NetName=+Vin Pin=C18-2
Removed Pin From Net: NetName=ETH_GND Pin=C19-1
Removed Pin From Net: NetName=PWR1 Pin=C19-2
Removed Pin From Net: NetName=ETH_GND Pin=J4-1
Removed Pin From Net: NetName=COUNTER Pin=J5-2
Removed Pin From Net: NetName=VDDIO Pin=J7-2
Removed Pin From Net: NetName=COZIR-WX100_RX Pin=J7-3
Removed Pin From Net: NetName=COZIR-WX100_TX Pin=J7-4
Removed Member From Class: ClassName=Sensors Member=J4
Change Component Footprint: Designator=J5 Old Footprint=HDRR_F_1X2 New Footprint=WF_2
Change Component Footprint: Designator=J6 Old Footprint=HDRR_F_1X2 New Footprint=WF_2
Change Component Footprint: Designator=J8 Old Footprint=HDRR_F_1X2 New Footprint=WF_4
Change Component Footprint: Designator=J7 Old Footprint=HDRR_F_1X4 New Footprint=WF_2
Change Component Comment : Designator=J5 Old Comment=HDRF2 New Comment=HDRWF_2
Change Component Comment : Designator=J6 Old Comment=HDRF2 New Comment=HDRWF_2
Change Component Comment : Designator=J8 Old Comment=HDRF2 New Comment=HDRWF_4
Change Component Comment : Designator=J7 Old Comment=HDRF4 New Comment=HDRWF_2
Change Component Designator: OldDesignator=C1 NewDesignator=C3
Change Component Designator: OldDesignator=C2 NewDesignator=C7
Change Component Designator: OldDesignator=C3 NewDesignator=C8
Change Component Designator: OldDesignator=C4 NewDesignator=C9
Change Component Designator: OldDesignator=C5 NewDesignator=C10
Change Component Designator: OldDesignator=C6 NewDesignator=C11
Change Component Designator: OldDesignator=C7 NewDesignator=C12
Change Component Designator: OldDesignator=C8 NewDesignator=C13
Change Component Designator: OldDesignator=C9 NewDesignator=C14
Change Component Designator: OldDesignator=C10 NewDesignator=C15
Change Component Designator: OldDesignator=C11 NewDesignator=C16
Change Component Designator: OldDesignator=C12 NewDesignator=C17
Change Component Designator: OldDesignator=C13 NewDesignator=C18
Change Component Designator: OldDesignator=C14 NewDesignator=C19
Change Component Designator: OldDesignator=C15 NewDesignator=C20
Change Component Designator: OldDesignator=C16 NewDesignator=C21
Change Component Designator: OldDesignator=C17 NewDesignator=C22
Change Component Designator: OldDesignator=C20 NewDesignator=C25
Change Component Designator: OldDesignator=C21 NewDesignator=C26
Change Component Designator: OldDesignator=C22 NewDesignator=C27
Change Component Designator: OldDesignator=C23 NewDesignator=C28
Change Component Designator: OldDesignator=C24 NewDesignator=C29
Change Component Designator: OldDesignator=C25 NewDesignator=C30
Change Component Designator: OldDesignator=C26 NewDesignator=C31
Change Component Designator: OldDesignator=J2 NewDesignator=J3
Change Component Designator: OldDesignator=J3 NewDesignator=J4
Change Component Designator: OldDesignator=U2 NewDesignator=U3
Change Component Designator: OldDesignator=U3 NewDesignator=U4
Change Component Designator: OldDesignator=U4 NewDesignator=U5
Change Component Designator: OldDesignator=U5 NewDesignator=U6
Change Component Designator: OldDesignator=U6 NewDesignator=U7
Change Component Designator: OldDesignator=U7 NewDesignator=U8
Change Component Designator: OldDesignator=U8 NewDesignator=U9
Change Component Designator: OldDesignator=U9 NewDesignator=U10
Change component parameters: Designator = "J5" ("J5"); Footprint = "HDRR_F_1X2"; UniqueID = "\TOFWUMDR" ("\TOFWUMDR")
Change component parameters (AddParameter): Name = "ASSEMBLY"; Value = ""; VariantName = "[No Variations]"
Change component parameters (AddParameter): Name = "DESC"; Value = ""; VariantName = "[No Variations]"
Change component parameters (AddParameter): Name = "DIST#"; Value = ""; VariantName = "[No Variations]"
Change component parameters (AddParameter): Name = "MANF"; Value = ""; VariantName = "[No Variations]"
Change component parameters (AddParameter): Name = "MANF_P#"; Value = ""; VariantName = "[No Variations]"
Change component parameters (AddParameter): Name = "PARAM"; Value = ""; VariantName = "[No Variations]"
Change component parameters (AddParameter): Name = "PARAM2"; Value = ""; VariantName = "[No Variations]"
Change component parameters (AddParameter): Name = "PRICE"; Value = ""; VariantName = "[No Variations]"
Change component parameters (AddParameter): Name = "VALUE"; Value = "HDRWF_2"; VariantName = "[No Variations]"
Change component parameters: Designator = "J6" ("J6"); Footprint = "HDRR_F_1X2"; UniqueID = "\IVYSGSZU" ("\IVYSGSZU")
Change component parameters (AddParameter): Name = "ASSEMBLY"; Value = ""; VariantName = "[No Variations]"
Change component parameters (AddParameter): Name = "DESC"; Value = ""; VariantName = "[No Variations]"
Change component parameters (AddParameter): Name = "DIST#"; Value = ""; VariantName = "[No Variations]"
Change component parameters (AddParameter): Name = "MANF"; Value = ""; VariantName = "[No Variations]"
Change component parameters (AddParameter): Name = "MANF_P#"; Value = ""; VariantName = "[No Variations]"
Change component parameters (AddParameter): Name = "PARAM"; Value = ""; VariantName = "[No Variations]"
Change component parameters (AddParameter): Name = "PARAM2"; Value = ""; VariantName = "[No Variations]"
Change component parameters (AddParameter): Name = "PRICE"; Value = ""; VariantName = "[No Variations]"
Change component parameters (AddParameter): Name = "VALUE"; Value = "HDRWF_2"; VariantName = "[No Variations]"
Change component parameters: Designator = "J7" ("J7"); Footprint = "HDRR_F_1X4"; UniqueID = "\HTAFCBOS" ("\HTAFCBOS")
Change component parameters (AddParameter): Name = "ASSEMBLY"; Value = ""; VariantName = "[No Variations]"
Change component parameters (AddParameter): Name = "DESC"; Value = ""; VariantName = "[No Variations]"
Change component parameters (AddParameter): Name = "DIST#"; Value = ""; VariantName = "[No Variations]"
Change component parameters (AddParameter): Name = "MANF"; Value = ""; VariantName = "[No Variations]"
Change component parameters (AddParameter): Name = "MANF_P#"; Value = ""; VariantName = "[No Variations]"
Change component parameters (AddParameter): Name = "PARAM"; Value = ""; VariantName = "[No Variations]"
Change component parameters (AddParameter): Name = "PARAM2"; Value = ""; VariantName = "[No Variations]"
Change component parameters (AddParameter): Name = "PRICE"; Value = ""; VariantName = "[No Variations]"
Change component parameters (AddParameter): Name = "VALUE"; Value = "HDRWF_2"; VariantName = "[No Variations]"
Change component parameters: Designator = "J8" ("J8"); Footprint = "HDRR_F_1X2"; UniqueID = "\BZYFLRJN" ("\BZYFLRJN")
Change component parameters (AddParameter): Name = "ASSEMBLY"; Value = ""; VariantName = "[No Variations]"
Change component parameters (AddParameter): Name = "DESC"; Value = ""; VariantName = "[No Variations]"
Change component parameters (AddParameter): Name = "DIST#"; Value = ""; VariantName = "[No Variations]"
Change component parameters (AddParameter): Name = "MANF"; Value = ""; VariantName = "[No Variations]"
Change component parameters (AddParameter): Name = "MANF_P#"; Value = ""; VariantName = "[No Variations]"
Change component parameters (AddParameter): Name = "PARAM"; Value = ""; VariantName = "[No Variations]"
Change component parameters (AddParameter): Name = "PARAM2"; Value = ""; VariantName = "[No Variations]"
Change component parameters (AddParameter): Name = "PRICE"; Value = ""; VariantName = "[No Variations]"
Change component parameters (AddParameter): Name = "VALUE"; Value = "HDRWF_4"; VariantName = "[No Variations]"
Add Component: Footprint Not Found Elko C package
Added Component: Designator=C2(C0805)
Add component (AddParameter): Name = "Adding Date"; Value = "1387/12/20"; VariantName = "[No Variations]"
Add component (AddParameter): Name = "Designer"; Value = "Saeid Jorablo"; VariantName = "[No Variations]"
Add component (AddParameter): Name = "Organazation"; Value = "ControTec"; VariantName = "[No Variations]"
Add component (AddParameter): Name = "Value"; Value = "100nF"; VariantName = "[No Variations]"
Add component (AddParameter): Name = "Voltage"; Value = "100V"; VariantName = "[No Variations]"
Add Component: Footprint Not Found Elko C package
Add Component: Footprint Not Found Elko C package
Add Component: Footprint Not Found Elko C package
Added Component: Designator=C23(C_EL_8)
Add component (AddParameter): Name = "ASSEMBLY"; Value = "ASSEMBLY"; VariantName = "[No Variations]"
Add component (AddParameter): Name = "DESC"; Value = "DESCRIPTION"; VariantName = "[No Variations]"
Add component (AddParameter): Name = "DIST#"; Value = "MOUSER"; VariantName = "[No Variations]"
Add component (AddParameter): Name = "MANF"; Value = "MANF"; VariantName = "[No Variations]"
Add component (AddParameter): Name = "MANF_P#"; Value = "MANF_PART#"; VariantName = "[No Variations]"
Add component (AddParameter): Name = "PARAM"; Value = "20%"; VariantName = "[No Variations]"
Add component (AddParameter): Name = "PARAM2"; Value = "-V"; VariantName = "[No Variations]"
Add component (AddParameter): Name = "PRICE"; Value = "10= -$"; VariantName = "[No Variations]"
Add component (AddParameter): Name = "VALUE"; Value = "470uF"; VariantName = "[No Variations]"
Added Component: Designator=C24(C_EL_8)
Add component (AddParameter): Name = "ASSEMBLY"; Value = "ASSEMBLY"; VariantName = "[No Variations]"
Add component (AddParameter): Name = "DESC"; Value = "DESCRIPTION"; VariantName = "[No Variations]"
Add component (AddParameter): Name = "DIST#"; Value = "MOUSER"; VariantName = "[No Variations]"
Add component (AddParameter): Name = "MANF"; Value = "MANF"; VariantName = "[No Variations]"
Add component (AddParameter): Name = "MANF_P#"; Value = "MANF_PART#"; VariantName = "[No Variations]"
Add component (AddParameter): Name = "PARAM"; Value = "20%"; VariantName = "[No Variations]"
Add component (AddParameter): Name = "PARAM2"; Value = "-V"; VariantName = "[No Variations]"
Add component (AddParameter): Name = "PRICE"; Value = "10= -$"; VariantName = "[No Variations]"
Add component (AddParameter): Name = "VALUE"; Value = "470uF"; VariantName = "[No Variations]"
Added Component: Designator=J2(HDRR_F_1X4)
Add component (AddParameter): Name = "ASSEMBLY"; Value = ""; VariantName = "[No Variations]"
Add component (AddParameter): Name = "DESC"; Value = ""; VariantName = "[No Variations]"
Add component (AddParameter): Name = "MANF"; Value = ""; VariantName = "[No Variations]"
Add component (AddParameter): Name = "MANF_P#"; Value = ""; VariantName = "[No Variations]"
Add component (AddParameter): Name = "PARAM"; Value = ""; VariantName = "[No Variations]"
Add component (AddParameter): Name = "PRICE"; Value = ""; VariantName = "[No Variations]"
Add component (AddParameter): Name = "VALUE"; Value = "HDRF4"; VariantName = "[No Variations]"
Added Component: Designator=J9(WF_2)
Add component (AddParameter): Name = "ASSEMBLY"; Value = ""; VariantName = "[No Variations]"
Add component (AddParameter): Name = "DESC"; Value = ""; VariantName = "[No Variations]"
Add component (AddParameter): Name = "DIST#"; Value = ""; VariantName = "[No Variations]"
Add component (AddParameter): Name = "MANF"; Value = ""; VariantName = "[No Variations]"
Add component (AddParameter): Name = "MANF_P#"; Value = ""; VariantName = "[No Variations]"
Add component (AddParameter): Name = "PARAM"; Value = ""; VariantName = "[No Variations]"
Add component (AddParameter): Name = "PARAM2"; Value = ""; VariantName = "[No Variations]"
Add component (AddParameter): Name = "PRICE"; Value = ""; VariantName = "[No Variations]"
Add component (AddParameter): Name = "VALUE"; Value = "HDRWF_2"; VariantName = "[No Variations]"
Added Component: Designator=U2(SO_16)
Added Pin To Net: NetName=ETH_GND Pin=C2-1
Added Pin To Net: NetName=PWR1 Pin=C2-2
Add Pin To Net: Unknown Pin: Pin C4-2
Add Pin To Net: Unknown Pin: Pin C5-1
Added Pin To Net: NetName=+Vin Pin=C23-1
Added Pin To Net: NetName=ETH_GND Pin=C23-2
Added Pin To Net: NetName=PWR1 Pin=C24-1
Added Pin To Net: NetName=ETH_GND Pin=C24-2
Added Pin To Net: NetName=VDDIO Pin=J2-1
Added Pin To Net: NetName=ETH_GND Pin=J2-4
Added Pin To Net: NetName=COUNTER Pin=J6-2
Added Pin To Net: NetName=VDDIO Pin=J8-2
Added Pin To Net: NetName=COZIR-WX100_RX Pin=J8-3
Added Pin To Net: NetName=COZIR-WX100_TX Pin=J8-4
Added Pin To Net: NetName=ETH_GND Pin=J9-1
Add Pin To Net: Unknown Pin: Pin RJ1-13
Add Pin To Net: Unknown Pin: Pin RJ1-14
Added Pin To Net: NetName=ETH_GND Pin=U2-15
Added Pin To Net: NetName=PWR1 Pin=U2-16
Change Net Name : Old Net Name=NetC10_2 New Net Name=NetC15_2
Change Net Name : Old Net Name=NetC11_2 New Net Name=NetC16_2
Change Net Name : Old Net Name=NetC12_1 New Net Name=NetC17_1
Change Net Name : Old Net Name=NetC14_1 New Net Name=NetC19_1
Change Net Name : Old Net Name=NetC15_1 New Net Name=NetC20_1
Change Net Name : Old Net Name=NetC26_1 New Net Name=NetC31_1
Added Pin To Net: NetName=NetC1_1 Pin=U2-1
Added Net: Name=NetC1_1
Added Pin To Net: NetName=NetC1_2 Pin=U2-3
Added Net: Name=NetC1_2
Added Pin To Net: NetName=NetC4_1 Pin=U2-2
Added Net: Name=NetC4_1
Added Pin To Net: NetName=NetC5_2 Pin=U2-6
Added Net: Name=NetC5_2
Added Pin To Net: NetName=NetC6_1 Pin=U2-4
Added Net: Name=NetC6_1
Added Pin To Net: NetName=NetC6_2 Pin=U2-5
Added Net: Name=NetC6_2
Added Pin To Net: NetName=NetJ5_2 Pin=J5-2
Added Pin To Net: NetName=NetJ5_2 Pin=U7-3
Added Net: Name=NetJ5_2
Added Pin To Net: NetName=NetJ7_2 Pin=J7-2
Added Pin To Net: NetName=NetJ7_2 Pin=U9-3
Added Net: Name=NetJ7_2
Added Pin To Net: NetName=NetJ9_2 Pin=J9-2
Added Pin To Net: NetName=NetJ9_2 Pin=U10-3
Added Net: Name=NetJ9_2
Added Pin To Net: NetName=RS232_RXD Pin=U1-56
Added Pin To Net: NetName=RS232_RXD Pin=U2-12
Added Net: Name=RS232_RXD
Added Pin To Net: NetName=RS232_TXD Pin=U1-55
Added Pin To Net: NetName=RS232_TXD Pin=U2-11
Added Net: Name=RS232_TXD
Added Pin To Net: NetName=RS232RX Pin=J2-2
Added Pin To Net: NetName=RS232RX Pin=U2-13
Added Net: Name=RS232RX
Added Pin To Net: NetName=RS232TX Pin=J2-3
Added Pin To Net: NetName=RS232TX Pin=U2-14
Added Net: Name=RS232TX
Added Member To Class: ClassName=SensorReader Member=Component C25 100nF
Added Member To Class: ClassName=SensorReader Member=Component C26 10uF
Added Member To Class: ClassName=SensorReader Member=Component C27 100nF
Added Member To Class: ClassName=SensorReader Member=Component C28 100nF
Added Member To Class: ClassName=SensorReader Member=Component C29 10uF
Added Member To Class: ClassName=SensorReader Member=Component J4 CONN_TB2
Added Member To Class: ClassName=Sensors Member=Component J9 HDRWF_2
Added Member To Class: ClassName=SensorReader Member=Component U6 AMS1117
