Removed Pin From Net: NetName=GND Pin=C4-1
Removed Pin From Net: NetName=GND Pin=C9-1
Removed Pin From Net: NetName=+3V3 Pin=C12-1
Removed Pin From Net: NetName=+3V3 Pin=C14-1
Removed Pin From Net: NetName=+3V3 Pin=C16-2
Removed Pin From Net: NetName=+3V3 Pin=C18-1
Removed Pin From Net: NetName=+3V3 Pin=C20-1
Removed Pin From Net: NetName=+3V3 Pin=C22-2
Removed Pin From Net: NetName=GND Pin=D6-2
Removed Pin From Net: NetName=+Vin Pin=J1-1
Removed Pin From Net: NetName=-Vin Pin=J1-2
Removed Pin From Net: NetName=NetD2_2 Pin=L1-1
Removed Pin From Net: NetName=+3V3 Pin=L1-2
Removed Pin From Net: NetName=NetD5_2 Pin=L2-1
Removed Pin From Net: NetName=+3V3 Pin=L2-2
Removed Pin From Net: NetName=+3V3 Pin=R5-1
Removed Pin From Net: NetName=GND Pin=R8-2
Removed Pin From Net: NetName=+3V3 Pin=R10-1
Removed Pin From Net: NetName=+3V3 Pin=R11-2
Removed Pin From Net: NetName=GND Pin=R12-2
Removed Pin From Net: NetName=+3V3 Pin=U1-1
Removed Pin From Net: NetName=F_CS Pin=U1-30
Removed Member From Class: ClassName=PressCounter Member=L1
Removed Member From Class: ClassName=PressCounter Member=L2
Removed Member From Class: ClassName=PressCounter Member=R11
Removed Member From Class: ClassName=PressCounter Member=R12
Change Component Footprint: Designator=C4 Old Footprint=C0805 New Footprint=C0603
Change Component Footprint: Designator=C9 Old Footprint=C0805 New Footprint=C0603
Change Component Footprint: Designator=C12 Old Footprint=C0805 New Footprint=C0603
Change Component Footprint: Designator=C18 Old Footprint=C0805 New Footprint=C0603
Change Component Footprint: Designator=D6 Old Footprint=LED0603BLU New Footprint=D_SOD323
Change Component Comment : Designator=R8 Old Comment=3K New Comment=150R
Change Component Comment : Designator=R5 Old Comment=7K New Comment=1k
Change Component Comment : Designator=R10 Old Comment=7K New Comment=150R
Change Component Comment : Designator=C18 Old Comment=10nF New Comment=10uF
Change Component Comment : Designator=C12 Old Comment=10nF New Comment=100nF
Change Component Comment : Designator=C4 Old Comment=22uF New Comment=10uF
Change Component Comment : Designator=C9 Old Comment=22uF New Comment=100nF
Change Component Comment : Designator=D6 Old Comment=LED0805 New Comment=1N4148
Change component parameters: Designator = "C4" ("C4"); Footprint = "C0805"; UniqueID = "\GKSJPEWE" ("\GKSJPEWE")
Change component parameters (AddParameter): Name = "ASSEMBLY"; Value = "ASSEMBLY"; VariantName = "[No Variations]"
Change component parameters (AddParameter): Name = "DESC"; Value = ""; VariantName = "[No Variations]"
Change component parameters (AddParameter): Name = "DIST#"; Value = ""; VariantName = "[No Variations]"
Change component parameters (AddParameter): Name = "MANF"; Value = "-"; VariantName = "[No Variations]"
Change component parameters (AddParameter): Name = "MANF_P#"; Value = "MANF_PART#"; VariantName = "[No Variations]"
Change component parameters (AddParameter): Name = "PARAM"; Value = "-, -%"; VariantName = "[No Variations]"
Change component parameters (AddParameter): Name = "PARAM2"; Value = "-V"; VariantName = "[No Variations]"
Change component parameters (AddParameter): Name = "PRICE"; Value = "100= 1$"; VariantName = "[No Variations]"
Change component parameters (AddParameter): Name = "VALUE"; Value = "10uF"; VariantName = "[No Variations]"
Change component parameters: Designator = "C9" ("C9"); Footprint = "C0805"; UniqueID = "\XWDRASTS" ("\XWDRASTS")
Change component parameters (AddParameter): Name = "ASSEMBLY"; Value = "ASSEMBLY"; VariantName = "[No Variations]"
Change component parameters (AddParameter): Name = "DESC"; Value = ""; VariantName = "[No Variations]"
Change component parameters (AddParameter): Name = "DIST#"; Value = ""; VariantName = "[No Variations]"
Change component parameters (AddParameter): Name = "MANF"; Value = "-"; VariantName = "[No Variations]"
Change component parameters (AddParameter): Name = "MANF_P#"; Value = "MANF_PART#"; VariantName = "[No Variations]"
Change component parameters (AddParameter): Name = "PARAM"; Value = "-, -%"; VariantName = "[No Variations]"
Change component parameters (AddParameter): Name = "PARAM2"; Value = "-V"; VariantName = "[No Variations]"
Change component parameters (AddParameter): Name = "PRICE"; Value = "100= 1$"; VariantName = "[No Variations]"
Change component parameters (AddParameter): Name = "VALUE"; Value = "100nF"; VariantName = "[No Variations]"
Change component parameters: Designator = "C12" ("C12"); Footprint = "C0805"; UniqueID = "\CDAVNOHH" ("\CDAVNOHH")
Change component parameters (AddParameter): Name = "ASSEMBLY"; Value = "ASSEMBLY"; VariantName = "[No Variations]"
Change component parameters (AddParameter): Name = "DESC"; Value = ""; VariantName = "[No Variations]"
Change component parameters (AddParameter): Name = "DIST#"; Value = ""; VariantName = "[No Variations]"
Change component parameters (AddParameter): Name = "MANF"; Value = "-"; VariantName = "[No Variations]"
Change component parameters (AddParameter): Name = "MANF_P#"; Value = "MANF_PART#"; VariantName = "[No Variations]"
Change component parameters (AddParameter): Name = "PARAM"; Value = "-, -%"; VariantName = "[No Variations]"
Change component parameters (AddParameter): Name = "PARAM2"; Value = "-V"; VariantName = "[No Variations]"
Change component parameters (AddParameter): Name = "PRICE"; Value = "100= 1$"; VariantName = "[No Variations]"
Change component parameters (AddParameter): Name = "VALUE"; Value = "100nF"; VariantName = "[No Variations]"
Change component parameters: Designator = "C18" ("C18"); Footprint = "C0805"; UniqueID = "\CLSISQNW" ("\CLSISQNW")
Change component parameters (AddParameter): Name = "ASSEMBLY"; Value = "ASSEMBLY"; VariantName = "[No Variations]"
Change component parameters (AddParameter): Name = "DESC"; Value = ""; VariantName = "[No Variations]"
Change component parameters (AddParameter): Name = "DIST#"; Value = ""; VariantName = "[No Variations]"
Change component parameters (AddParameter): Name = "MANF"; Value = "-"; VariantName = "[No Variations]"
Change component parameters (AddParameter): Name = "MANF_P#"; Value = "MANF_PART#"; VariantName = "[No Variations]"
Change component parameters (AddParameter): Name = "PARAM"; Value = "-, -%"; VariantName = "[No Variations]"
Change component parameters (AddParameter): Name = "PARAM2"; Value = "-V"; VariantName = "[No Variations]"
Change component parameters (AddParameter): Name = "PRICE"; Value = "100= 1$"; VariantName = "[No Variations]"
Change component parameters (AddParameter): Name = "VALUE"; Value = "10uF"; VariantName = "[No Variations]"
Change component parameters: Designator = "D6" ("D6"); Footprint = "LED0603BLU"; UniqueID = "\GNZQGJID" ("\GNZQGJID")
Change component parameters (AddParameter): Name = "ASSEMBLY"; Value = "ASSEMBLY"; VariantName = "[No Variations]"
Change component parameters (AddParameter): Name = "DESC"; Value = "DESCRIPTION"; VariantName = "[No Variations]"
Change component parameters (AddParameter): Name = "MANF"; Value = "Diodes"; VariantName = "[No Variations]"
Change component parameters (AddParameter): Name = "MANF_P#"; Value = "1N4148WS"; VariantName = "[No Variations]"
Change component parameters (AddParameter): Name = "PARAM"; Value = "200~300mA"; VariantName = "[No Variations]"
Change component parameters (AddParameter): Name = "PARAM2"; Value = "75V"; VariantName = "[No Variations]"
Change component parameters (AddParameter): Name = "PRICE"; Value = "0.2$"; VariantName = "[No Variations]"
Change component parameters (AddParameter): Name = "VALUE"; Value = "1N4148"; VariantName = "[No Variations]"
Change component parameters: Designator = "R5" ("R5"); Footprint = "R0805"; UniqueID = "\PYRENFQA" ("\PYRENFQA")
Change component parameters (AddParameter): Name = "ASSEMBLY"; Value = "ASSEMBLY"; VariantName = "[No Variations]"
Change component parameters (AddParameter): Name = "DESC"; Value = "DESCRIPTION"; VariantName = "[No Variations]"
Change component parameters (AddParameter): Name = "DIST#"; Value = "MOUSER"; VariantName = "[No Variations]"
Change component parameters (AddParameter): Name = "MANF"; Value = "-"; VariantName = "[No Variations]"
Change component parameters (AddParameter): Name = "MANF_P#"; Value = "-"; VariantName = "[No Variations]"
Change component parameters (AddParameter): Name = "PARAM"; Value = "-W"; VariantName = "[No Variations]"
Change component parameters (AddParameter): Name = "PARAM2"; Value = "1%"; VariantName = "[No Variations]"
Change component parameters (AddParameter): Name = "PRICE"; Value = "100= 0.5$"; VariantName = "[No Variations]"
Change component parameters (AddParameter): Name = "VALUE"; Value = "1k"; VariantName = "[No Variations]"
Change component parameters: Designator = "R8" ("R8"); Footprint = "R0805"; UniqueID = "\KZWIACRU" ("\KZWIACRU")
Change component parameters (AddParameter): Name = "ASSEMBLY"; Value = "ASSEMBLY"; VariantName = "[No Variations]"
Change component parameters (AddParameter): Name = "DESC"; Value = "DESCRIPTION"; VariantName = "[No Variations]"
Change component parameters (AddParameter): Name = "DIST#"; Value = "MOUSER"; VariantName = "[No Variations]"
Change component parameters (AddParameter): Name = "MANF"; Value = "-"; VariantName = "[No Variations]"
Change component parameters (AddParameter): Name = "MANF_P#"; Value = "-"; VariantName = "[No Variations]"
Change component parameters (AddParameter): Name = "PARAM"; Value = "-W"; VariantName = "[No Variations]"
Change component parameters (AddParameter): Name = "PARAM2"; Value = "1%"; VariantName = "[No Variations]"
Change component parameters (AddParameter): Name = "PRICE"; Value = "100= 0.5$"; VariantName = "[No Variations]"
Change component parameters (AddParameter): Name = "VALUE"; Value = "150R"; VariantName = "[No Variations]"
Change component parameters: Designator = "R10" ("R10"); Footprint = "R0805"; UniqueID = "\NAIAZHIO" ("\NAIAZHIO")
Change component parameters (AddParameter): Name = "ASSEMBLY"; Value = "ASSEMBLY"; VariantName = "[No Variations]"
Change component parameters (AddParameter): Name = "DESC"; Value = "DESCRIPTION"; VariantName = "[No Variations]"
Change component parameters (AddParameter): Name = "DIST#"; Value = "MOUSER"; VariantName = "[No Variations]"
Change component parameters (AddParameter): Name = "MANF"; Value = "-"; VariantName = "[No Variations]"
Change component parameters (AddParameter): Name = "MANF_P#"; Value = "-"; VariantName = "[No Variations]"
Change component parameters (AddParameter): Name = "PARAM"; Value = "-W"; VariantName = "[No Variations]"
Change component parameters (AddParameter): Name = "PARAM2"; Value = "1%"; VariantName = "[No Variations]"
Change component parameters (AddParameter): Name = "PRICE"; Value = "100= 0.5$"; VariantName = "[No Variations]"
Change component parameters (AddParameter): Name = "VALUE"; Value = "150R"; VariantName = "[No Variations]"
Added Component: Designator=BT1(BTH1220)
Add component (AddParameter): Name = "."; Value = "http://www.chila.ir"; VariantName = "[No Variations]"
Add component (AddParameter): Name = "MANF"; Value = ""; VariantName = "[No Variations]"
Add component (AddParameter): Name = "MANF_P#"; Value = "-"; VariantName = "[No Variations]"
Add component (AddParameter): Name = "VALUE"; Value = "BAT3volt"; VariantName = "[No Variations]"
Added Component: Designator=C23(C0805)
Add component (AddParameter): Name = "ASSEMBLY"; Value = "ASSEMBLY"; VariantName = "[No Variations]"
Add component (AddParameter): Name = "DESC"; Value = ""; VariantName = "[No Variations]"
Add component (AddParameter): Name = "DIST#"; Value = ""; VariantName = "[No Variations]"
Add component (AddParameter): Name = "MANF"; Value = "-"; VariantName = "[No Variations]"
Add component (AddParameter): Name = "MANF_P#"; Value = "MANF_PART#"; VariantName = "[No Variations]"
Add component (AddParameter): Name = "PARAM"; Value = "-, -%"; VariantName = "[No Variations]"
Add component (AddParameter): Name = "PARAM2"; Value = "-V"; VariantName = "[No Variations]"
Add component (AddParameter): Name = "PRICE"; Value = "100= 1$"; VariantName = "[No Variations]"
Add component (AddParameter): Name = "VALUE"; Value = "100nF"; VariantName = "[No Variations]"
Added Component: Designator=C24(C0805)
Add component (AddParameter): Name = "ASSEMBLY"; Value = "ASSEMBLY"; VariantName = "[No Variations]"
Add component (AddParameter): Name = "DESC"; Value = ""; VariantName = "[No Variations]"
Add component (AddParameter): Name = "DIST#"; Value = ""; VariantName = "[No Variations]"
Add component (AddParameter): Name = "MANF"; Value = "-"; VariantName = "[No Variations]"
Add component (AddParameter): Name = "MANF_P#"; Value = "MANF_PART#"; VariantName = "[No Variations]"
Add component (AddParameter): Name = "PARAM"; Value = "-, -%"; VariantName = "[No Variations]"
Add component (AddParameter): Name = "PARAM2"; Value = "-V"; VariantName = "[No Variations]"
Add component (AddParameter): Name = "PRICE"; Value = "100= 1$"; VariantName = "[No Variations]"
Add component (AddParameter): Name = "VALUE"; Value = "33uF"; VariantName = "[No Variations]"
Added Component: Designator=C25(C0805)
Add component (AddParameter): Name = "ASSEMBLY"; Value = "ASSEMBLY"; VariantName = "[No Variations]"
Add component (AddParameter): Name = "DESC"; Value = ""; VariantName = "[No Variations]"
Add component (AddParameter): Name = "DIST#"; Value = ""; VariantName = "[No Variations]"
Add component (AddParameter): Name = "MANF"; Value = "-"; VariantName = "[No Variations]"
Add component (AddParameter): Name = "MANF_P#"; Value = "MANF_PART#"; VariantName = "[No Variations]"
Add component (AddParameter): Name = "PARAM"; Value = "-, -%"; VariantName = "[No Variations]"
Add component (AddParameter): Name = "PARAM2"; Value = "-V"; VariantName = "[No Variations]"
Add component (AddParameter): Name = "PRICE"; Value = "100= 1$"; VariantName = "[No Variations]"
Add component (AddParameter): Name = "VALUE"; Value = "33uF"; VariantName = "[No Variations]"
Added Component: Designator=D8(D_SOD323)
Add component (AddParameter): Name = "ASSEMBLY"; Value = "ASSEMBLY"; VariantName = "[No Variations]"
Add component (AddParameter): Name = "DESC"; Value = "DESCRIPTION"; VariantName = "[No Variations]"
Add component (AddParameter): Name = "MANF"; Value = "Diodes"; VariantName = "[No Variations]"
Add component (AddParameter): Name = "MANF_P#"; Value = "1N4148WS"; VariantName = "[No Variations]"
Add component (AddParameter): Name = "PARAM"; Value = "200~300mA"; VariantName = "[No Variations]"
Add component (AddParameter): Name = "PARAM2"; Value = "75V"; VariantName = "[No Variations]"
Add component (AddParameter): Name = "PRICE"; Value = "0.2$"; VariantName = "[No Variations]"
Add component (AddParameter): Name = "VALUE"; Value = "1N4148"; VariantName = "[No Variations]"
Added Component: Designator=D9(LED0805BLU)
Add component (AddParameter): Name = "ASSEMBLY"; Value = "ASSEMBLY"; VariantName = "[No Variations]"
Add component (AddParameter): Name = "DESC"; Value = "DESCRIPTION"; VariantName = "[No Variations]"
Add component (AddParameter): Name = "MANF"; Value = "MANF"; VariantName = "[No Variations]"
Add component (AddParameter): Name = "MANF_P#"; Value = "MANF_PART#"; VariantName = "[No Variations]"
Add component (AddParameter): Name = "PARAM"; Value = ""; VariantName = "[No Variations]"
Add component (AddParameter): Name = "PARAM2"; Value = "2.2V"; VariantName = "[No Variations]"
Add component (AddParameter): Name = "PRICE"; Value = "PRICE"; VariantName = "[No Variations]"
Add component (AddParameter): Name = "VALUE"; Value = "LED0805"; VariantName = "[No Variations]"
Added Component: Designator=D10(LED0805BLU)
Add component (AddParameter): Name = "ASSEMBLY"; Value = "ASSEMBLY"; VariantName = "[No Variations]"
Add component (AddParameter): Name = "DESC"; Value = "DESCRIPTION"; VariantName = "[No Variations]"
Add component (AddParameter): Name = "MANF"; Value = "MANF"; VariantName = "[No Variations]"
Add component (AddParameter): Name = "MANF_P#"; Value = "MANF_PART#"; VariantName = "[No Variations]"
Add component (AddParameter): Name = "PARAM"; Value = ""; VariantName = "[No Variations]"
Add component (AddParameter): Name = "PARAM2"; Value = "2.2V"; VariantName = "[No Variations]"
Add component (AddParameter): Name = "PRICE"; Value = "PRICE"; VariantName = "[No Variations]"
Add component (AddParameter): Name = "VALUE"; Value = "LED0805"; VariantName = "[No Variations]"
Added Component: Designator=LP1(L_7)
Add component (AddParameter): Name = "ASSEMBLY"; Value = "ASSEMBLY"; VariantName = "[No Variations]"
Add component (AddParameter): Name = "DESC"; Value = "INDUCTOR, 3.3uH, 8A (Irms), 10mOhm"; VariantName = "[No Variations]"
Add component (AddParameter): Name = "DIST#"; Value = ""; VariantName = "[No Variations]"
Add component (AddParameter): Name = "MANF"; Value = "Bourns"; VariantName = "[No Variations]"
Add component (AddParameter): Name = "MANF_P#"; Value = "SRP7050TA-3R3M"; VariantName = "[No Variations]"
Add component (AddParameter): Name = "PARAM"; Value = "8A (Irms), 12A Isat"; VariantName = "[No Variations]"
Add component (AddParameter): Name = "PARAM2"; Value = "10mOhm"; VariantName = "[No Variations]"
Add component (AddParameter): Name = "PRICE"; Value = "1.3$"; VariantName = "[No Variations]"
Add component (AddParameter): Name = "VALUE"; Value = "3.3uH"; VariantName = "[No Variations]"
Added Component: Designator=LP2(L_7)
Add component (AddParameter): Name = "ASSEMBLY"; Value = "ASSEMBLY"; VariantName = "[No Variations]"
Add component (AddParameter): Name = "DESC"; Value = "INDUCTOR, 3.3uH, 8A (Irms), 10mOhm"; VariantName = "[No Variations]"
Add component (AddParameter): Name = "DIST#"; Value = ""; VariantName = "[No Variations]"
Add component (AddParameter): Name = "MANF"; Value = "Bourns"; VariantName = "[No Variations]"
Add component (AddParameter): Name = "MANF_P#"; Value = "SRP7050TA-3R3M"; VariantName = "[No Variations]"
Add component (AddParameter): Name = "PARAM"; Value = "8A (Irms), 12A Isat"; VariantName = "[No Variations]"
Add component (AddParameter): Name = "PARAM2"; Value = "10mOhm"; VariantName = "[No Variations]"
Add component (AddParameter): Name = "PRICE"; Value = "1.3$"; VariantName = "[No Variations]"
Add component (AddParameter): Name = "VALUE"; Value = "3.3uH"; VariantName = "[No Variations]"
Added Component: Designator=Q1(SOT23_3)
Add component (AddParameter): Name = "ASSEMBLY"; Value = ""; VariantName = "[No Variations]"
Add component (AddParameter): Name = "DESC"; Value = ""; VariantName = "[No Variations]"
Add component (AddParameter): Name = "MANF"; Value = "UTC"; VariantName = "[No Variations]"
Add component (AddParameter): Name = "MANF_P#"; Value = "BC807-40"; VariantName = "[No Variations]"
Add component (AddParameter): Name = "PARAM"; Value = "50v, 0.15A"; VariantName = "[No Variations]"
Add component (AddParameter): Name = "PARAM2"; Value = "300mW"; VariantName = "[No Variations]"
Add component (AddParameter): Name = "PRICE"; Value = ""; VariantName = "[No Variations]"
Add component (AddParameter): Name = "VALUE"; Value = "BC807-40"; VariantName = "[No Variations]"
Added Component: Designator=Q2(SOT23_3)
Add component (AddParameter): Name = "ASSEMBLY"; Value = ""; VariantName = "[No Variations]"
Add component (AddParameter): Name = "DESC"; Value = ""; VariantName = "[No Variations]"
Add component (AddParameter): Name = "MANF"; Value = "UTC"; VariantName = "[No Variations]"
Add component (AddParameter): Name = "MANF_P#"; Value = "BC807-40"; VariantName = "[No Variations]"
Add component (AddParameter): Name = "PARAM"; Value = "50v, 0.15A"; VariantName = "[No Variations]"
Add component (AddParameter): Name = "PARAM2"; Value = "300mW"; VariantName = "[No Variations]"
Add component (AddParameter): Name = "PRICE"; Value = ""; VariantName = "[No Variations]"
Add component (AddParameter): Name = "VALUE"; Value = "BC807-40"; VariantName = "[No Variations]"
Added Component: Designator=R6(R0805)
Add component (AddParameter): Name = "ASSEMBLY"; Value = "ASSEMBLY"; VariantName = "[No Variations]"
Add component (AddParameter): Name = "DESC"; Value = "DESCRIPTION"; VariantName = "[No Variations]"
Add component (AddParameter): Name = "DIST#"; Value = "MOUSER"; VariantName = "[No Variations]"
Add component (AddParameter): Name = "MANF"; Value = "-"; VariantName = "[No Variations]"
Add component (AddParameter): Name = "MANF_P#"; Value = "-"; VariantName = "[No Variations]"
Add component (AddParameter): Name = "PARAM"; Value = "-W"; VariantName = "[No Variations]"
Add component (AddParameter): Name = "PARAM2"; Value = "1%"; VariantName = "[No Variations]"
Add component (AddParameter): Name = "PRICE"; Value = "100= 0.5$"; VariantName = "[No Variations]"
Add component (AddParameter): Name = "VALUE"; Value = "1k"; VariantName = "[No Variations]"
Added Component: Designator=U6(SOT223_4)
Add component (AddParameter): Name = "VALUE"; Value = "AMS1117"; VariantName = "[No Variations]"
Added Component: Designator=U7(SO_8)
Add component (AddParameter): Name = "ASSEMBLY"; Value = ""; VariantName = "[No Variations]"
Add component (AddParameter): Name = "DESC"; Value = ""; VariantName = "[No Variations]"
Add component (AddParameter): Name = "DIST#"; Value = ""; VariantName = "[No Variations]"
Add component (AddParameter): Name = "MANF"; Value = "Maxim Integrated"; VariantName = "[No Variations]"
Add component (AddParameter): Name = "MANF_P#"; Value = "DS1307ZN+"; VariantName = "[No Variations]"
Add component (AddParameter): Name = "PARAM"; Value = "64 X8, I2C, 56B, Batt, -40~85oC"; VariantName = "[No Variations]"
Add component (AddParameter): Name = "PARAM2"; Value = "4.5~5.5V"; VariantName = "[No Variations]"
Add component (AddParameter): Name = "PRICE"; Value = "3.7$"; VariantName = "[No Variations]"
Add component (AddParameter): Name = "VALUE"; Value = "DS1307"; VariantName = "[No Variations]"
Added Pin To Net: NetName=GND Pin=BT1-2
Added Pin To Net: NetName=+3V3 Pin=C4-1
Added Pin To Net: NetName=GND Pin=C4-2
Added Pin To Net: NetName=+3V3 Pin=C9-1
Added Pin To Net: NetName=GND Pin=C9-2
Added Pin To Net: NetName=GND Pin=C12-2
Added Pin To Net: NetName=GND Pin=C18-2
Added Pin To Net: NetName=+3V3 Pin=C23-1
Added Pin To Net: NetName=GND Pin=C23-2
Added Pin To Net: NetName=GND Pin=C24-1
Added Pin To Net: NetName=GND Pin=C25-1
Added Pin To Net: NetName=GND Pin=D9-2
Added Pin To Net: NetName=GND Pin=D10-2
Added Pin To Net: NetName=-Vin Pin=J1-1
Added Pin To Net: NetName=+Vin Pin=J1-2
Added Pin To Net: NetName=NetD2_2 Pin=LP1-1
Added Pin To Net: NetName=NetD5_2 Pin=LP2-1
Added Pin To Net: NetName=+3V3 Pin=R5-2
Added Pin To Net: NetName=+3V3 Pin=R6-2
Added Pin To Net: NetName=F_CS Pin=U1-12
Added Pin To Net: NetName=GND Pin=U6-1
Added Pin To Net: NetName=+3V3 Pin=U6-2
Added Pin To Net: NetName=+3V3 Pin=U6-4
Added Pin To Net: NetName=+3V3 Pin=U7-8
Added Pin To Net: NetName=+5V0 Pin=C12-1
Added Pin To Net: NetName=+5V0 Pin=C18-1
Added Pin To Net: NetName=+5V0 Pin=D6-2
Added Pin To Net: NetName=+5V0 Pin=D8-2
Added Pin To Net: NetName=+5V0 Pin=U6-3
Added Net: Name=+5V0
Added Pin To Net: NetName=+VBAT Pin=BT1-1
Added Pin To Net: NetName=+VBAT Pin=U1-1
Added Pin To Net: NetName=+VBAT Pin=U7-3
Added Net: Name=+VBAT
Added Pin To Net: NetName=NetC24_2 Pin=C24-2
Added Pin To Net: NetName=NetC24_2 Pin=U7-1
Added Pin To Net: NetName=NetC24_2 Pin=X2-1
Added Net: Name=NetC24_2
Added Pin To Net: NetName=NetC25_2 Pin=C25-2
Added Pin To Net: NetName=NetC25_2 Pin=U7-2
Added Pin To Net: NetName=NetC25_2 Pin=X2-2
Added Net: Name=NetC25_2
Added Pin To Net: NetName=NetD9_1 Pin=D9-1
Added Pin To Net: NetName=NetD9_1 Pin=R8-2
Added Net: Name=NetD9_1
Added Pin To Net: NetName=NetD10_1 Pin=D10-1
Added Pin To Net: NetName=NetD10_1 Pin=R10-2
Added Net: Name=NetD10_1
Added Pin To Net: NetName=NetQ1_2 Pin=Q1-2
Added Pin To Net: NetName=NetQ1_2 Pin=R5-1
Added Net: Name=NetQ1_2
Added Pin To Net: NetName=NetQ1_3 Pin=Q1-3
Added Pin To Net: NetName=NetQ1_3 Pin=R8-1
Added Net: Name=NetQ1_3
Added Pin To Net: NetName=NetQ2_2 Pin=Q2-2
Added Pin To Net: NetName=NetQ2_2 Pin=R6-1
Added Net: Name=NetQ2_2
Added Pin To Net: NetName=NetQ2_3 Pin=Q2-3
Added Pin To Net: NetName=NetQ2_3 Pin=R10-1
Added Net: Name=NetQ2_3
Added Pin To Net: NetName=PWR1 Pin=C14-1
Added Pin To Net: NetName=PWR1 Pin=C16-2
Added Pin To Net: NetName=PWR1 Pin=D6-1
Added Pin To Net: NetName=PWR1 Pin=LP1-2
Added Pin To Net: NetName=PWR1 Pin=Q1-1
Added Pin To Net: NetName=PWR1 Pin=U4-4
Added Net: Name=PWR1
Added Pin To Net: NetName=PWR2 Pin=C20-1
Added Pin To Net: NetName=PWR2 Pin=C22-2
Added Pin To Net: NetName=PWR2 Pin=D8-1
Added Pin To Net: NetName=PWR2 Pin=LP2-2
Added Pin To Net: NetName=PWR2 Pin=Q2-1
Added Pin To Net: NetName=PWR2 Pin=U5-4
Added Net: Name=PWR2
Added Pin To Net: NetName=RTC_SCL Pin=U1-30
Added Pin To Net: NetName=RTC_SCL Pin=U7-6
Added Net: Name=RTC_SCL
Added Pin To Net: NetName=RTC_SDA Pin=U1-42
Added Pin To Net: NetName=RTC_SDA Pin=U7-5
Added Net: Name=RTC_SDA
Added Member To Class: ClassName=PressCounter Member=Component BT1 BAT3volt
Added Member To Class: ClassName=PressCounter Member=Component C23 100nF
Added Member To Class: ClassName=PressCounter Member=Component C24 33uF
Added Member To Class: ClassName=PressCounter Member=Component C25 33uF
Added Member To Class: ClassName=PressCounter Member=Component D8 1N4148
Added Member To Class: ClassName=PressCounter Member=Component D9 LED0805
Added Member To Class: ClassName=PressCounter Member=Component D10 LED0805
Added Member To Class: ClassName=PressCounter Member=Component LP1 3.3uH
Added Member To Class: ClassName=PressCounter Member=Component LP2 3.3uH
Added Member To Class: ClassName=PressCounter Member=Component Q1 BC807-40
Added Member To Class: ClassName=PressCounter Member=Component Q2 BC807-40
Added Member To Class: ClassName=PressCounter Member=Component R6 1k
Added Member To Class: ClassName=PressCounter Member=Component U6 AMS1117
Added Member To Class: ClassName=PressCounter Member=Component U7 DS1307
