Removed Pin From Net: NetName=NetC16_1 Pin=C17-1
Removed Pin From Net: NetName=GND Pin=C17-2
Removed Pin From Net: NetName=GND Pin=C18-1
Removed Pin From Net: NetName=+5V0 Pin=C18-2
Removed Pin From Net: NetName=GND Pin=D3-1
Removed Pin From Net: NetName=GND Pin=D5-1
Removed Pin From Net: NetName=Null Pin=D5-2
Removed Pin From Net: NetName=Null Pin=D6-1
Removed Pin From Net: NetName=NetC16_1 Pin=U3-1
Removed Pin From Net: NetName=+5V0 Pin=U3-3
Removed Pin From Net: NetName=GND Pin=U3-4
Removed Member From Class: ClassName=SmartKey Member=C18
Removed Member From Class: ClassName=SmartKey Member=U3
Change Component Footprint: Designator=C17 Old Footprint=C_EL_5 New Footprint=C0402
Change Component Comment : Designator=C17 Old Comment=10uF New Comment=1uF/400V
Change component parameters: Designator = "C17" ("C17"); Footprint = "C_EL_5"; UniqueID = "\UUXGVIDT" ("\UUXGVIDT")
Change component parameters (AddParameter): Name = "ASSEMBLY"; Value = "ASSEMBLY"; VariantName = "[No Variations]"
Change component parameters (AddParameter): Name = "DESC"; Value = ""; VariantName = "[No Variations]"
Change component parameters (AddParameter): Name = "DIST#"; Value = ""; VariantName = "[No Variations]"
Change component parameters (AddParameter): Name = "MANF"; Value = "-"; VariantName = "[No Variations]"
Change component parameters (AddParameter): Name = "MANF_P#"; Value = "MANF_PART#"; VariantName = "[No Variations]"
Change component parameters (AddParameter): Name = "PARAM"; Value = "-, -%"; VariantName = "[No Variations]"
Change component parameters (AddParameter): Name = "PARAM2"; Value = "-V"; VariantName = "[No Variations]"
Change component parameters (AddParameter): Name = "PRICE"; Value = "100= 1$"; VariantName = "[No Variations]"
Change component parameters (AddParameter): Name = "VALUE"; Value = "1uF/400V"; VariantName = "[No Variations]"
Added Component: Designator=D8(D_SMA)
Add component (AddParameter): Name = "ASSEMBLY"; Value = "ASSEMBLY"; VariantName = "[No Variations]"
Add component (AddParameter): Name = "DESC"; Value = "DESCRIPTION"; VariantName = "[No Variations]"
Add component (AddParameter): Name = "MANF"; Value = "Diodes"; VariantName = "[No Variations]"
Add component (AddParameter): Name = "MANF_P#"; Value = "SMAZ5V6-13-F"; VariantName = "[No Variations]"
Add component (AddParameter): Name = "PARAM"; Value = "5.6V"; VariantName = "[No Variations]"
Add component (AddParameter): Name = "PARAM2"; Value = "1W, 2Ohm, -55~150oC"; VariantName = "[No Variations]"
Add component (AddParameter): Name = "PRICE"; Value = "0.5$"; VariantName = "[No Variations]"
Add component (AddParameter): Name = "VALUE"; Value = "ZENER5V6"; VariantName = "[No Variations]"
Added Component: Designator=D9(D_SMA)
Add component (AddParameter): Name = "ASSEMBLY"; Value = "ASSEMBLY"; VariantName = "[No Variations]"
Add component (AddParameter): Name = "DESC"; Value = "DESCRIPTION"; VariantName = "[No Variations]"
Add component (AddParameter): Name = "MANF"; Value = "Diodes"; VariantName = "[No Variations]"
Add component (AddParameter): Name = "MANF_P#"; Value = "SMAZ5V6-13-F"; VariantName = "[No Variations]"
Add component (AddParameter): Name = "PARAM"; Value = "5.6V"; VariantName = "[No Variations]"
Add component (AddParameter): Name = "PARAM2"; Value = "1W, 2Ohm, -55~150oC"; VariantName = "[No Variations]"
Add component (AddParameter): Name = "PRICE"; Value = "0.5$"; VariantName = "[No Variations]"
Add component (AddParameter): Name = "VALUE"; Value = "ZENER5V6"; VariantName = "[No Variations]"
Added Component: Designator=D10(D_SOD123W)
Add component (AddParameter): Name = "ASSEMBLY"; Value = "ASSEMBLY"; VariantName = "[No Variations]"
Add component (AddParameter): Name = "DESC"; Value = "DESCRIPTION"; VariantName = "[No Variations]"
Add component (AddParameter): Name = "MANF"; Value = "Diodes"; VariantName = "[No Variations]"
Add component (AddParameter): Name = "MANF_P#"; Value = "BZT52HC5V1WF-7"; VariantName = "[No Variations]"
Add component (AddParameter): Name = "PARAM"; Value = "5.1V"; VariantName = "[No Variations]"
Add component (AddParameter): Name = "PARAM2"; Value = "1W, 4Ohm, -55~150oC"; VariantName = "[No Variations]"
Add component (AddParameter): Name = "PRICE"; Value = "0.25$"; VariantName = "[No Variations]"
Add component (AddParameter): Name = "VALUE"; Value = "ZENER5V1"; VariantName = "[No Variations]"
Added Component: Designator=R6(R0402)
Add component (AddParameter): Name = "ASSEMBLY"; Value = "ASSEMBLY"; VariantName = "[No Variations]"
Add component (AddParameter): Name = "DESC"; Value = "DESCRIPTION"; VariantName = "[No Variations]"
Add component (AddParameter): Name = "DIST#"; Value = "MOUSER"; VariantName = "[No Variations]"
Add component (AddParameter): Name = "MANF"; Value = "-"; VariantName = "[No Variations]"
Add component (AddParameter): Name = "MANF_P#"; Value = "-"; VariantName = "[No Variations]"
Add component (AddParameter): Name = "PARAM"; Value = "-W"; VariantName = "[No Variations]"
Add component (AddParameter): Name = "PARAM2"; Value = "1%"; VariantName = "[No Variations]"
Add component (AddParameter): Name = "PRICE"; Value = "100= 0.5$"; VariantName = "[No Variations]"
Add component (AddParameter): Name = "VALUE"; Value = "1K/1W"; VariantName = "[No Variations]"
Added Component: Designator=R7(R0402)
Add component (AddParameter): Name = "ASSEMBLY"; Value = "ASSEMBLY"; VariantName = "[No Variations]"
Add component (AddParameter): Name = "DESC"; Value = "DESCRIPTION"; VariantName = "[No Variations]"
Add component (AddParameter): Name = "DIST#"; Value = "MOUSER"; VariantName = "[No Variations]"
Add component (AddParameter): Name = "MANF"; Value = "-"; VariantName = "[No Variations]"
Add component (AddParameter): Name = "MANF_P#"; Value = "-"; VariantName = "[No Variations]"
Add component (AddParameter): Name = "PARAM"; Value = "-W"; VariantName = "[No Variations]"
Add component (AddParameter): Name = "PARAM2"; Value = "1%"; VariantName = "[No Variations]"
Add component (AddParameter): Name = "PRICE"; Value = "100= 0.5$"; VariantName = "[No Variations]"
Add component (AddParameter): Name = "VALUE"; Value = "3W_68"; VariantName = "[No Variations]"
Added Component: Designator=R8(R0402)
Add component (AddParameter): Name = "ASSEMBLY"; Value = "ASSEMBLY"; VariantName = "[No Variations]"
Add component (AddParameter): Name = "DESC"; Value = "DESCRIPTION"; VariantName = "[No Variations]"
Add component (AddParameter): Name = "DIST#"; Value = "MOUSER"; VariantName = "[No Variations]"
Add component (AddParameter): Name = "MANF"; Value = "-"; VariantName = "[No Variations]"
Add component (AddParameter): Name = "MANF_P#"; Value = "-"; VariantName = "[No Variations]"
Add component (AddParameter): Name = "PARAM"; Value = "-W"; VariantName = "[No Variations]"
Add component (AddParameter): Name = "PARAM2"; Value = "1%"; VariantName = "[No Variations]"
Add component (AddParameter): Name = "PRICE"; Value = "100= 0.5$"; VariantName = "[No Variations]"
Add component (AddParameter): Name = "VALUE"; Value = "1M"; VariantName = "[No Variations]"
Added Pin To Net: NetName=Null Pin=C17-1
Added Pin To Net: NetName=GND Pin=D8-1
Added Pin To Net: NetName=NetC16_1 Pin=D8-2
Added Pin To Net: NetName=GND Pin=D9-1
Added Pin To Net: NetName=NetC16_1 Pin=D9-2
Added Pin To Net: NetName=GND Pin=D10-1
Added Pin To Net: NetName=+5V0 Pin=D10-2
Added Pin To Net: NetName=+5V0 Pin=R6-1
Added Pin To Net: NetName=NetC16_1 Pin=R6-2
Added Pin To Net: NetName=GND Pin=R7-2
Added Pin To Net: NetName=Null Pin=R8-2
Added Pin To Net: NetName=NetC17_2 Pin=C17-2
Added Pin To Net: NetName=NetC17_2 Pin=D5-2
Added Pin To Net: NetName=NetC17_2 Pin=D6-1
Added Pin To Net: NetName=NetC17_2 Pin=R8-1
Added Net: Name=NetC17_2
Added Pin To Net: NetName=NetD3_1 Pin=D3-1
Added Pin To Net: NetName=NetD3_1 Pin=D5-1
Added Pin To Net: NetName=NetD3_1 Pin=R7-1
Added Net: Name=NetD3_1
Added Member To Class: ClassName=SmartKey Member=Component D8 ZENER5V6
Added Member To Class: ClassName=SmartKey Member=Component D9 ZENER5V6
Added Member To Class: ClassName=SmartKey Member=Component D10 ZENER5V1
Added Member To Class: ClassName=SmartKey Member=Component R6 1K/1W
Added Member To Class: ClassName=SmartKey Member=Component R7 3W_68
Added Member To Class: ClassName=SmartKey Member=Component R8 1M
