Removed Pin From Net: NetName=GND Pin=C18-1
Removed Pin From Net: NetName=+3V3 Pin=C18-2
Removed Pin From Net: NetName=GND Pin=C23-1
Removed Pin From Net: NetName=+3V3 Pin=C23-2
Removed Pin From Net: NetName=GND Pin=C24-2
Removed Pin From Net: NetName=GND Pin=GND2-1
Removed Pin From Net: NetName=+3V3 Pin=R9-1
Removed Pin From Net: NetName=GND Pin=U3-1
Removed Pin From Net: NetName=+3V3 Pin=U3-2
Removed Pin From Net: NetName=GND Pin=U3-15
Removed Pin From Net: NetName=Touch_S1 Pin=U3-16
Removed Pin From Net: NetName=Touch_S2 Pin=U3-23
Removed Pin From Net: NetName=Relay_2 Pin=U3-24
Removed Pin From Net: NetName=Relay_1 Pin=U3-25
Removed Pin From Net: NetName=Touch_S3 Pin=U3-26
Removed Pin From Net: NetName=GND Pin=U3-38
Removed Member From Class: ClassName=SmartKey_V2 Member=C18
Removed Member From Class: ClassName=SmartKey_V2 Member=C23
Removed Member From Class: ClassName=SmartKey_V2 Member=C24
Removed Member From Class: ClassName=SmartKey_V2 Member=GND2
Removed Member From Class: ClassName=SmartKey_V2 Member=PR_RXD2
Removed Member From Class: ClassName=SmartKey_V2 Member=PR_TXD2
Removed Member From Class: ClassName=SmartKey_V2 Member=R9
Removed Member From Class: ClassName=SmartKey_V2 Member=U3
Added Component: Designator=U2(MODULE_ESP32-DEVKITC)
Add component (AddParameter): Name = "Availability"; Value = "Unavailable"; VariantName = "[No Variations]"
Add component (AddParameter): Name = "MF"; Value = "{'manufacturer': u'Espressif Systems'}"; VariantName = "[No Variations]"
Add component (AddParameter): Name = "MP"; Value = "ESP32-DEVKITC"; VariantName = "[No Variations]"
Add component (AddParameter): Name = "Package"; Value = "None"; VariantName = "[No Variations]"
Add component (AddParameter): Name = "Price"; Value = "None"; VariantName = "[No Variations]"
Add component (AddParameter): Name = "Value"; Value = ""; VariantName = "[No Variations]"
Added Pin To Net: NetName=GND Pin=U2-14
Added Pin To Net: NetName=Touch_S1 Pin=U2-17
Added Pin To Net: NetName=+3V3 Pin=U2-19
Added Pin To Net: NetName=Touch_S2 Pin=U2-23
Added Pin To Net: NetName=Relay_2 Pin=U2-24
Added Pin To Net: NetName=Relay_1 Pin=U2-25
Added Pin To Net: NetName=Touch_S3 Pin=U2-26
Added Pin To Net: NetName=GND Pin=U2-32
Added Pin To Net: NetName=GND Pin=U2-38
Change Net Name : Old Net Name=+3V3 New Net Name=+5V0
Change Class Name : Old Net Name=SmartKey_V2 New Net Name=SmartKey_V3
Added Member To Class: ClassName=SmartKey_V3 Member=Component U2 ESP32-DEVKITC
