Removed Pin From Net: NetName=GND Pin=ANT1-2
Removed Pin From Net: NetName=GND Pin=C1-1
Removed Pin From Net: NetName=+3V3 Pin=C1-2
Removed Pin From Net: NetName=GND Pin=C2-1
Removed Pin From Net: NetName=+3V3 Pin=C2-2
Removed Pin From Net: NetName=GND Pin=C3-1
Removed Pin From Net: NetName=+3V3 Pin=C3-2
Removed Pin From Net: NetName=GND Pin=C5-1
Removed Pin From Net: NetName=+3V3 Pin=C5-2
Removed Pin From Net: NetName=GND Pin=C6-1
Removed Pin From Net: NetName=+3V3 Pin=C6-2
Removed Pin From Net: NetName=GND Pin=C7-1
Removed Pin From Net: NetName=+3V3 Pin=C7-2
Removed Pin From Net: NetName=GND Pin=C8-2
Removed Pin From Net: NetName=GND Pin=C9-1
Removed Pin From Net: NetName=GND Pin=C10-2
Removed Pin From Net: NetName=GND Pin=C11-1
Removed Pin From Net: NetName=+3V3 Pin=C11-2
Removed Pin From Net: NetName=GND Pin=C12-1
Removed Pin From Net: NetName=+3V3 Pin=C12-2
Removed Pin From Net: NetName=GND Pin=C13-2
Removed Pin From Net: NetName=GND Pin=C14-1
Removed Pin From Net: NetName=GND Pin=C15-1
Removed Pin From Net: NetName=GND Pin=GND1-1
Removed Pin From Net: NetName=+3V3 Pin=L1-2
Removed Pin From Net: NetName=+3V3 Pin=U1-1
Removed Pin From Net: NetName=+3V3 Pin=U1-19
Removed Pin From Net: NetName=Relay_2 Pin=U1-22
Removed Pin From Net: NetName=Relay_1 Pin=U1-23
Removed Pin From Net: NetName=+3V3 Pin=U1-37
Removed Pin From Net: NetName=+3V3 Pin=U1-43
Removed Pin From Net: NetName=+3V3 Pin=U1-46
Removed Pin From Net: NetName=GND Pin=U1-49
Removed Pin From Net: NetName=GND Pin=U2-4
Removed Member From Class: ClassName=SmartKey Member=ANT1
Removed Member From Class: ClassName=SmartKey Member=C1
Removed Member From Class: ClassName=SmartKey Member=C2
Removed Member From Class: ClassName=SmartKey Member=C3
Removed Member From Class: ClassName=SmartKey Member=C4
Removed Member From Class: ClassName=SmartKey Member=C5
Removed Member From Class: ClassName=SmartKey Member=C6
Removed Member From Class: ClassName=SmartKey Member=C7
Removed Member From Class: ClassName=SmartKey Member=C8
Removed Member From Class: ClassName=SmartKey Member=C9
Removed Member From Class: ClassName=SmartKey Member=C10
Removed Member From Class: ClassName=SmartKey Member=C11
Removed Member From Class: ClassName=SmartKey Member=C12
Removed Member From Class: ClassName=SmartKey Member=C13
Removed Member From Class: ClassName=SmartKey Member=C14
Removed Member From Class: ClassName=SmartKey Member=C15
Removed Member From Class: ClassName=SmartKey Member=GND1
Removed Member From Class: ClassName=SmartKey Member=L1
Removed Member From Class: ClassName=SmartKey Member=L2
Removed Member From Class: ClassName=SmartKey Member=PR_RXD1
Removed Member From Class: ClassName=SmartKey Member=PR_TXD1
Removed Member From Class: ClassName=SmartKey Member=R1
Removed Member From Class: ClassName=SmartKey Member=R3
Removed Member From Class: ClassName=SmartKey Member=U1
Removed Member From Class: ClassName=SmartKey Member=U2
Removed Member From Class: ClassName=SmartKey Member=X1
Added Component: Designator=C18(C0805)
Add component (AddParameter): Name = "ASSEMBLY"; Value = "ASSEMBLY"; VariantName = "[No Variations]"
Add component (AddParameter): Name = "DESC"; Value = ""; VariantName = "[No Variations]"
Add component (AddParameter): Name = "DIST#"; Value = ""; VariantName = "[No Variations]"
Add component (AddParameter): Name = "MANF"; Value = "-"; VariantName = "[No Variations]"
Add component (AddParameter): Name = "MANF_P#"; Value = "MANF_PART#"; VariantName = "[No Variations]"
Add component (AddParameter): Name = "PARAM"; Value = "-, -%"; VariantName = "[No Variations]"
Add component (AddParameter): Name = "PARAM2"; Value = "-V"; VariantName = "[No Variations]"
Add component (AddParameter): Name = "PRICE"; Value = "100= 1$"; VariantName = "[No Variations]"
Add component (AddParameter): Name = "VALUE"; Value = "10uF"; VariantName = "[No Variations]"
Added Component: Designator=C23(C0805)
Add component (AddParameter): Name = "ASSEMBLY"; Value = "ASSEMBLY"; VariantName = "[No Variations]"
Add component (AddParameter): Name = "DESC"; Value = ""; VariantName = "[No Variations]"
Add component (AddParameter): Name = "DIST#"; Value = ""; VariantName = "[No Variations]"
Add component (AddParameter): Name = "MANF"; Value = "-"; VariantName = "[No Variations]"
Add component (AddParameter): Name = "MANF_P#"; Value = "MANF_PART#"; VariantName = "[No Variations]"
Add component (AddParameter): Name = "PARAM"; Value = "-, -%"; VariantName = "[No Variations]"
Add component (AddParameter): Name = "PARAM2"; Value = "-V"; VariantName = "[No Variations]"
Add component (AddParameter): Name = "PRICE"; Value = "100= 1$"; VariantName = "[No Variations]"
Add component (AddParameter): Name = "VALUE"; Value = "10uF"; VariantName = "[No Variations]"
Added Component: Designator=C24(C0805)
Add component (AddParameter): Name = "ASSEMBLY"; Value = "ASSEMBLY"; VariantName = "[No Variations]"
Add component (AddParameter): Name = "DESC"; Value = ""; VariantName = "[No Variations]"
Add component (AddParameter): Name = "DIST#"; Value = ""; VariantName = "[No Variations]"
Add component (AddParameter): Name = "MANF"; Value = "-"; VariantName = "[No Variations]"
Add component (AddParameter): Name = "MANF_P#"; Value = "MANF_PART#"; VariantName = "[No Variations]"
Add component (AddParameter): Name = "PARAM"; Value = "-, -%"; VariantName = "[No Variations]"
Add component (AddParameter): Name = "PARAM2"; Value = "-V"; VariantName = "[No Variations]"
Add component (AddParameter): Name = "PRICE"; Value = "100= 1$"; VariantName = "[No Variations]"
Add component (AddParameter): Name = "VALUE"; Value = "1uF"; VariantName = "[No Variations]"
Added Component: Designator=GND2(TPSMD_S1)
Add component (AddParameter): Name = "MANF"; Value = "MANF"; VariantName = "[No Variations]"
Add component (AddParameter): Name = "MANF_P#"; Value = "MANF_P#"; VariantName = "[No Variations]"
Add component (AddParameter): Name = "VALUE"; Value = "VALUE"; VariantName = "[No Variations]"
Added Component: Designator=PR_RXD2(TPSMD_S1)
Add component (AddParameter): Name = "MANF"; Value = "MANF"; VariantName = "[No Variations]"
Add component (AddParameter): Name = "MANF_P#"; Value = "MANF_P#"; VariantName = "[No Variations]"
Add component (AddParameter): Name = "VALUE"; Value = "VALUE"; VariantName = "[No Variations]"
Added Component: Designator=PR_TXD2(TPSMD_S1)
Add component (AddParameter): Name = "MANF"; Value = "MANF"; VariantName = "[No Variations]"
Add component (AddParameter): Name = "MANF_P#"; Value = "MANF_P#"; VariantName = "[No Variations]"
Add component (AddParameter): Name = "VALUE"; Value = "VALUE"; VariantName = "[No Variations]"
Added Component: Designator=R9(R0805)
Add component (AddParameter): Name = "ASSEMBLY"; Value = "ASSEMBLY"; VariantName = "[No Variations]"
Add component (AddParameter): Name = "DESC"; Value = "DESCRIPTION"; VariantName = "[No Variations]"
Add component (AddParameter): Name = "DIST#"; Value = "MOUSER"; VariantName = "[No Variations]"
Add component (AddParameter): Name = "MANF"; Value = "-"; VariantName = "[No Variations]"
Add component (AddParameter): Name = "MANF_P#"; Value = "-"; VariantName = "[No Variations]"
Add component (AddParameter): Name = "PARAM"; Value = "-W"; VariantName = "[No Variations]"
Add component (AddParameter): Name = "PARAM2"; Value = "1%"; VariantName = "[No Variations]"
Add component (AddParameter): Name = "PRICE"; Value = "100= 0.5$"; VariantName = "[No Variations]"
Add component (AddParameter): Name = "VALUE"; Value = "10K"; VariantName = "[No Variations]"
Added Component: Designator=U3(ESP32S)
Add component (AddParameter): Name = "ASSEMBLY"; Value = ""; VariantName = "[No Variations]"
Add component (AddParameter): Name = "DESC"; Value = ""; VariantName = "[No Variations]"
Add component (AddParameter): Name = "DIST#"; Value = ""; VariantName = "[No Variations]"
Add component (AddParameter): Name = "MANF"; Value = ""; VariantName = "[No Variations]"
Add component (AddParameter): Name = "MANF_P#"; Value = "ESP32-WROOM-32E"; VariantName = "[No Variations]"
Add component (AddParameter): Name = "PARAM"; Value = ""; VariantName = "[No Variations]"
Add component (AddParameter): Name = "PARAM2"; Value = ""; VariantName = "[No Variations]"
Add component (AddParameter): Name = "PRICE"; Value = ""; VariantName = "[No Variations]"
Add component (AddParameter): Name = "VALUE"; Value = "ESP32-WROOM-32E"; VariantName = "[No Variations]"
Added Pin To Net: NetName=GND Pin=C18-1
Added Pin To Net: NetName=+3V3 Pin=C18-2
Added Pin To Net: NetName=GND Pin=C23-1
Added Pin To Net: NetName=+3V3 Pin=C23-2
Added Pin To Net: NetName=GND Pin=C24-2
Added Pin To Net: NetName=GND Pin=GND2-1
Added Pin To Net: NetName=+3V3 Pin=R9-1
Added Pin To Net: NetName=GND Pin=U3-1
Added Pin To Net: NetName=+3V3 Pin=U3-2
Added Pin To Net: NetName=GND Pin=U3-15
Added Pin To Net: NetName=Relay_2 Pin=U3-24
Added Pin To Net: NetName=Relay_1 Pin=U3-25
Added Pin To Net: NetName=GND Pin=U3-38
Add Pin To Net: Unknown Pin: Pin U3-39
Added Pin To Net: NetName=NetC24_1 Pin=C24-1
Added Pin To Net: NetName=NetC24_1 Pin=R9-2
Added Pin To Net: NetName=NetC24_1 Pin=U3-3
Added Net: Name=NetC24_1
Added Pin To Net: NetName=NetPR_RXD2_1 Pin=PR_RXD2-1
Added Pin To Net: NetName=NetPR_RXD2_1 Pin=U3-34
Added Net: Name=NetPR_RXD2_1
Added Pin To Net: NetName=NetPR_TXD2_1 Pin=PR_TXD2-1
Added Pin To Net: NetName=NetPR_TXD2_1 Pin=U3-35
Added Net: Name=NetPR_TXD2_1
Change Class Name : Old Net Name=SmartKey New Net Name=SmartKey_V2
Added Member To Class: ClassName=SmartKey_V2 Member=Component C18 10uF
Added Member To Class: ClassName=SmartKey_V2 Member=Component C23 10uF
Added Member To Class: ClassName=SmartKey_V2 Member=Component C24 1uF
Added Member To Class: ClassName=SmartKey_V2 Member=Component GND2 TESTPOINT_SMD
Added Member To Class: ClassName=SmartKey_V2 Member=Component PR_RXD2 TESTPOINT_SMD
Added Member To Class: ClassName=SmartKey_V2 Member=Component PR_TXD2 TESTPOINT_SMD
Added Member To Class: ClassName=SmartKey_V2 Member=Component R9 10K
Added Member To Class: ClassName=SmartKey_V2 Member=Component U3 ESP32-WROOM-32E
