Added Component: Designator=ANT1(ANT_PCB_2P4G_IFA)
Add component (AddParameter): Name = "MANF"; Value = "MANF"; VariantName = "[No Variations]"
Add component (AddParameter): Name = "MANF_P#"; Value = "MANF_P#"; VariantName = "[No Variations]"
Add component (AddParameter): Name = "VALUE"; Value = "Antenna"; VariantName = "[No Variations]"
Added Component: Designator=C1(C0402)
Add component (AddParameter): Name = "ASSEMBLY"; Value = "ASSEMBLY"; VariantName = "[No Variations]"
Add component (AddParameter): Name = "DESC"; Value = ""; VariantName = "[No Variations]"
Add component (AddParameter): Name = "DIST#"; Value = ""; VariantName = "[No Variations]"
Add component (AddParameter): Name = "MANF"; Value = "-"; VariantName = "[No Variations]"
Add component (AddParameter): Name = "MANF_P#"; Value = "MANF_PART#"; VariantName = "[No Variations]"
Add component (AddParameter): Name = "PARAM"; Value = "-, -%"; VariantName = "[No Variations]"
Add component (AddParameter): Name = "PARAM2"; Value = "-V"; VariantName = "[No Variations]"
Add component (AddParameter): Name = "PRICE"; Value = "100= 1$"; VariantName = "[No Variations]"
Add component (AddParameter): Name = "VALUE"; Value = "100nF"; VariantName = "[No Variations]"
Added Component: Designator=C2(C0402)
Add component (AddParameter): Name = "ASSEMBLY"; Value = "ASSEMBLY"; VariantName = "[No Variations]"
Add component (AddParameter): Name = "DESC"; Value = ""; VariantName = "[No Variations]"
Add component (AddParameter): Name = "DIST#"; Value = ""; VariantName = "[No Variations]"
Add component (AddParameter): Name = "MANF"; Value = "-"; VariantName = "[No Variations]"
Add component (AddParameter): Name = "MANF_P#"; Value = "MANF_PART#"; VariantName = "[No Variations]"
Add component (AddParameter): Name = "PARAM"; Value = "-, -%"; VariantName = "[No Variations]"
Add component (AddParameter): Name = "PARAM2"; Value = "-V"; VariantName = "[No Variations]"
Add component (AddParameter): Name = "PRICE"; Value = "100= 1$"; VariantName = "[No Variations]"
Add component (AddParameter): Name = "VALUE"; Value = "1uF"; VariantName = "[No Variations]"
Added Component: Designator=C3(C0402)
Add component (AddParameter): Name = "ASSEMBLY"; Value = "ASSEMBLY"; VariantName = "[No Variations]"
Add component (AddParameter): Name = "DESC"; Value = ""; VariantName = "[No Variations]"
Add component (AddParameter): Name = "DIST#"; Value = ""; VariantName = "[No Variations]"
Add component (AddParameter): Name = "MANF"; Value = "-"; VariantName = "[No Variations]"
Add component (AddParameter): Name = "MANF_P#"; Value = "MANF_PART#"; VariantName = "[No Variations]"
Add component (AddParameter): Name = "PARAM"; Value = "-, -%"; VariantName = "[No Variations]"
Add component (AddParameter): Name = "PARAM2"; Value = "-V"; VariantName = "[No Variations]"
Add component (AddParameter): Name = "PRICE"; Value = "100= 1$"; VariantName = "[No Variations]"
Add component (AddParameter): Name = "VALUE"; Value = "10uF"; VariantName = "[No Variations]"
Added Component: Designator=C4(C0402)
Add component (AddParameter): Name = "ASSEMBLY"; Value = "ASSEMBLY"; VariantName = "[No Variations]"
Add component (AddParameter): Name = "DESC"; Value = ""; VariantName = "[No Variations]"
Add component (AddParameter): Name = "DIST#"; Value = ""; VariantName = "[No Variations]"
Add component (AddParameter): Name = "MANF"; Value = "-"; VariantName = "[No Variations]"
Add component (AddParameter): Name = "MANF_P#"; Value = "MANF_PART#"; VariantName = "[No Variations]"
Add component (AddParameter): Name = "PARAM"; Value = "-, -%"; VariantName = "[No Variations]"
Add component (AddParameter): Name = "PARAM2"; Value = "-V"; VariantName = "[No Variations]"
Add component (AddParameter): Name = "PRICE"; Value = "100= 1$"; VariantName = "[No Variations]"
Add component (AddParameter): Name = "VALUE"; Value = "3.3nF"; VariantName = "[No Variations]"
Added Component: Designator=C5(C0402)
Add component (AddParameter): Name = "ASSEMBLY"; Value = "ASSEMBLY"; VariantName = "[No Variations]"
Add component (AddParameter): Name = "DESC"; Value = ""; VariantName = "[No Variations]"
Add component (AddParameter): Name = "DIST#"; Value = ""; VariantName = "[No Variations]"
Add component (AddParameter): Name = "MANF"; Value = "-"; VariantName = "[No Variations]"
Add component (AddParameter): Name = "MANF_P#"; Value = "MANF_PART#"; VariantName = "[No Variations]"
Add component (AddParameter): Name = "PARAM"; Value = "-, -%"; VariantName = "[No Variations]"
Add component (AddParameter): Name = "PARAM2"; Value = "-V"; VariantName = "[No Variations]"
Add component (AddParameter): Name = "PRICE"; Value = "100= 1$"; VariantName = "[No Variations]"
Add component (AddParameter): Name = "VALUE"; Value = "100nF"; VariantName = "[No Variations]"
Added Component: Designator=C6(C0402)
Add component (AddParameter): Name = "ASSEMBLY"; Value = "ASSEMBLY"; VariantName = "[No Variations]"
Add component (AddParameter): Name = "DESC"; Value = ""; VariantName = "[No Variations]"
Add component (AddParameter): Name = "DIST#"; Value = ""; VariantName = "[No Variations]"
Add component (AddParameter): Name = "MANF"; Value = "-"; VariantName = "[No Variations]"
Add component (AddParameter): Name = "MANF_P#"; Value = "MANF_PART#"; VariantName = "[No Variations]"
Add component (AddParameter): Name = "PARAM"; Value = "-, -%"; VariantName = "[No Variations]"
Add component (AddParameter): Name = "PARAM2"; Value = "-V"; VariantName = "[No Variations]"
Add component (AddParameter): Name = "PRICE"; Value = "100= 1$"; VariantName = "[No Variations]"
Add component (AddParameter): Name = "VALUE"; Value = "1uF"; VariantName = "[No Variations]"
Added Component: Designator=C7(C0402)
Add component (AddParameter): Name = "ASSEMBLY"; Value = "ASSEMBLY"; VariantName = "[No Variations]"
Add component (AddParameter): Name = "DESC"; Value = ""; VariantName = "[No Variations]"
Add component (AddParameter): Name = "DIST#"; Value = ""; VariantName = "[No Variations]"
Add component (AddParameter): Name = "MANF"; Value = "-"; VariantName = "[No Variations]"
Add component (AddParameter): Name = "MANF_P#"; Value = "MANF_PART#"; VariantName = "[No Variations]"
Add component (AddParameter): Name = "PARAM"; Value = "-, -%"; VariantName = "[No Variations]"
Add component (AddParameter): Name = "PARAM2"; Value = "-V"; VariantName = "[No Variations]"
Add component (AddParameter): Name = "PRICE"; Value = "100= 1$"; VariantName = "[No Variations]"
Add component (AddParameter): Name = "VALUE"; Value = "10uF"; VariantName = "[No Variations]"
Added Component: Designator=C8(C0402)
Add component (AddParameter): Name = "ASSEMBLY"; Value = "ASSEMBLY"; VariantName = "[No Variations]"
Add component (AddParameter): Name = "DESC"; Value = ""; VariantName = "[No Variations]"
Add component (AddParameter): Name = "DIST#"; Value = ""; VariantName = "[No Variations]"
Add component (AddParameter): Name = "MANF"; Value = "-"; VariantName = "[No Variations]"
Add component (AddParameter): Name = "MANF_P#"; Value = "MANF_PART#"; VariantName = "[No Variations]"
Add component (AddParameter): Name = "PARAM"; Value = "-, -%"; VariantName = "[No Variations]"
Add component (AddParameter): Name = "PARAM2"; Value = "-V"; VariantName = "[No Variations]"
Add component (AddParameter): Name = "PRICE"; Value = "100= 1$"; VariantName = "[No Variations]"
Add component (AddParameter): Name = "VALUE"; Value = "10nF"; VariantName = "[No Variations]"
Added Component: Designator=C9(C0402)
Add component (AddParameter): Name = "ASSEMBLY"; Value = "ASSEMBLY"; VariantName = "[No Variations]"
Add component (AddParameter): Name = "DESC"; Value = ""; VariantName = "[No Variations]"
Add component (AddParameter): Name = "DIST#"; Value = ""; VariantName = "[No Variations]"
Add component (AddParameter): Name = "MANF"; Value = "-"; VariantName = "[No Variations]"
Add component (AddParameter): Name = "MANF_P#"; Value = "MANF_PART#"; VariantName = "[No Variations]"
Add component (AddParameter): Name = "PARAM"; Value = "-, -%"; VariantName = "[No Variations]"
Add component (AddParameter): Name = "PARAM2"; Value = "-V"; VariantName = "[No Variations]"
Add component (AddParameter): Name = "PRICE"; Value = "100= 1$"; VariantName = "[No Variations]"
Add component (AddParameter): Name = "VALUE"; Value = "1uF"; VariantName = "[No Variations]"
Added Component: Designator=C10(C0402)
Add component (AddParameter): Name = "ASSEMBLY"; Value = "ASSEMBLY"; VariantName = "[No Variations]"
Add component (AddParameter): Name = "DESC"; Value = ""; VariantName = "[No Variations]"
Add component (AddParameter): Name = "DIST#"; Value = ""; VariantName = "[No Variations]"
Add component (AddParameter): Name = "MANF"; Value = "-"; VariantName = "[No Variations]"
Add component (AddParameter): Name = "MANF_P#"; Value = "MANF_PART#"; VariantName = "[No Variations]"
Add component (AddParameter): Name = "PARAM"; Value = "-, -%"; VariantName = "[No Variations]"
Add component (AddParameter): Name = "PARAM2"; Value = "-V"; VariantName = "[No Variations]"
Add component (AddParameter): Name = "PRICE"; Value = "100= 1$"; VariantName = "[No Variations]"
Add component (AddParameter): Name = "VALUE"; Value = "22uF"; VariantName = "[No Variations]"
Added Component: Designator=C11(C0402)
Add component (AddParameter): Name = "ASSEMBLY"; Value = "ASSEMBLY"; VariantName = "[No Variations]"
Add component (AddParameter): Name = "DESC"; Value = ""; VariantName = "[No Variations]"
Add component (AddParameter): Name = "DIST#"; Value = ""; VariantName = "[No Variations]"
Add component (AddParameter): Name = "MANF"; Value = "-"; VariantName = "[No Variations]"
Add component (AddParameter): Name = "MANF_P#"; Value = "MANF_PART#"; VariantName = "[No Variations]"
Add component (AddParameter): Name = "PARAM"; Value = "-, -%"; VariantName = "[No Variations]"
Add component (AddParameter): Name = "PARAM2"; Value = "-V"; VariantName = "[No Variations]"
Add component (AddParameter): Name = "PRICE"; Value = "100= 1$"; VariantName = "[No Variations]"
Add component (AddParameter): Name = "VALUE"; Value = "100nF"; VariantName = "[No Variations]"
Added Component: Designator=C12(C0402)
Add component (AddParameter): Name = "ASSEMBLY"; Value = "ASSEMBLY"; VariantName = "[No Variations]"
Add component (AddParameter): Name = "DESC"; Value = ""; VariantName = "[No Variations]"
Add component (AddParameter): Name = "DIST#"; Value = ""; VariantName = "[No Variations]"
Add component (AddParameter): Name = "MANF"; Value = "-"; VariantName = "[No Variations]"
Add component (AddParameter): Name = "MANF_P#"; Value = "MANF_PART#"; VariantName = "[No Variations]"
Add component (AddParameter): Name = "PARAM"; Value = "-, -%"; VariantName = "[No Variations]"
Add component (AddParameter): Name = "PARAM2"; Value = "-V"; VariantName = "[No Variations]"
Add component (AddParameter): Name = "PRICE"; Value = "100= 1$"; VariantName = "[No Variations]"
Add component (AddParameter): Name = "VALUE"; Value = "100nF"; VariantName = "[No Variations]"
Added Component: Designator=C13(C0402)
Add component (AddParameter): Name = "ASSEMBLY"; Value = "ASSEMBLY"; VariantName = "[No Variations]"
Add component (AddParameter): Name = "DESC"; Value = ""; VariantName = "[No Variations]"
Add component (AddParameter): Name = "DIST#"; Value = ""; VariantName = "[No Variations]"
Add component (AddParameter): Name = "MANF"; Value = "-"; VariantName = "[No Variations]"
Add component (AddParameter): Name = "MANF_P#"; Value = "MANF_PART#"; VariantName = "[No Variations]"
Add component (AddParameter): Name = "PARAM"; Value = "-, -%"; VariantName = "[No Variations]"
Add component (AddParameter): Name = "PARAM2"; Value = "-V"; VariantName = "[No Variations]"
Add component (AddParameter): Name = "PRICE"; Value = "100= 1$"; VariantName = "[No Variations]"
Add component (AddParameter): Name = "VALUE"; Value = "22uF"; VariantName = "[No Variations]"
Added Component: Designator=C14(C0402)
Add component (AddParameter): Name = "ASSEMBLY"; Value = "ASSEMBLY"; VariantName = "[No Variations]"
Add component (AddParameter): Name = "DESC"; Value = ""; VariantName = "[No Variations]"
Add component (AddParameter): Name = "DIST#"; Value = ""; VariantName = "[No Variations]"
Add component (AddParameter): Name = "MANF"; Value = "-"; VariantName = "[No Variations]"
Add component (AddParameter): Name = "MANF_P#"; Value = "MANF_PART#"; VariantName = "[No Variations]"
Add component (AddParameter): Name = "PARAM"; Value = "-, -%"; VariantName = "[No Variations]"
Add component (AddParameter): Name = "PARAM2"; Value = "-V"; VariantName = "[No Variations]"
Add component (AddParameter): Name = "PRICE"; Value = "100= 1$"; VariantName = "[No Variations]"
Add component (AddParameter): Name = "VALUE"; Value = "TBD"; VariantName = "[No Variations]"
Added Component: Designator=C15(C0402)
Add component (AddParameter): Name = "ASSEMBLY"; Value = "ASSEMBLY"; VariantName = "[No Variations]"
Add component (AddParameter): Name = "DESC"; Value = ""; VariantName = "[No Variations]"
Add component (AddParameter): Name = "DIST#"; Value = ""; VariantName = "[No Variations]"
Add component (AddParameter): Name = "MANF"; Value = "-"; VariantName = "[No Variations]"
Add component (AddParameter): Name = "MANF_P#"; Value = "MANF_PART#"; VariantName = "[No Variations]"
Add component (AddParameter): Name = "PARAM"; Value = "-, -%"; VariantName = "[No Variations]"
Add component (AddParameter): Name = "PARAM2"; Value = "-V"; VariantName = "[No Variations]"
Add component (AddParameter): Name = "PRICE"; Value = "100= 1$"; VariantName = "[No Variations]"
Add component (AddParameter): Name = "VALUE"; Value = "TBD"; VariantName = "[No Variations]"
Added Component: Designator=C16(C_EL_5)
Add component (AddParameter): Name = "ASSEMBLY"; Value = "ASSEMBLY"; VariantName = "[No Variations]"
Add component (AddParameter): Name = "DESC"; Value = "DESCRIPTION"; VariantName = "[No Variations]"
Add component (AddParameter): Name = "DIST#"; Value = "MOUSER"; VariantName = "[No Variations]"
Add component (AddParameter): Name = "MANF"; Value = "MANF"; VariantName = "[No Variations]"
Add component (AddParameter): Name = "MANF_P#"; Value = "MANF_PART#"; VariantName = "[No Variations]"
Add component (AddParameter): Name = "PARAM"; Value = "20%"; VariantName = "[No Variations]"
Add component (AddParameter): Name = "PARAM2"; Value = "-V"; VariantName = "[No Variations]"
Add component (AddParameter): Name = "PRICE"; Value = "10= -$"; VariantName = "[No Variations]"
Add component (AddParameter): Name = "VALUE"; Value = "47uF"; VariantName = "[No Variations]"
Added Component: Designator=C17(C_PLY_22X7)
Add component (AddParameter): Name = "ASSEMBLY"; Value = "ASSEMBLY"; VariantName = "[No Variations]"
Add component (AddParameter): Name = "DESC"; Value = "CAP, FILM,"; VariantName = "[No Variations]"
Add component (AddParameter): Name = "DIST#"; Value = ""; VariantName = "[No Variations]"
Add component (AddParameter): Name = "MANF"; Value = "MANF"; VariantName = "[No Variations]"
Add component (AddParameter): Name = "MANF_P#"; Value = "MANF_PART#"; VariantName = "[No Variations]"
Add component (AddParameter): Name = "PARAM"; Value = ""; VariantName = "[No Variations]"
Add component (AddParameter): Name = "PARAM2"; Value = "400V"; VariantName = "[No Variations]"
Add component (AddParameter): Name = "PRICE"; Value = "100= 1$"; VariantName = "[No Variations]"
Add component (AddParameter): Name = "VALUE"; Value = "1uF/400V"; VariantName = "[No Variations]"
Added Component: Designator=C19(C0402)
Add component (AddParameter): Name = "ASSEMBLY"; Value = "ASSEMBLY"; VariantName = "[No Variations]"
Add component (AddParameter): Name = "DESC"; Value = ""; VariantName = "[No Variations]"
Add component (AddParameter): Name = "DIST#"; Value = ""; VariantName = "[No Variations]"
Add component (AddParameter): Name = "MANF"; Value = "-"; VariantName = "[No Variations]"
Add component (AddParameter): Name = "MANF_P#"; Value = "MANF_PART#"; VariantName = "[No Variations]"
Add component (AddParameter): Name = "PARAM"; Value = "-, -%"; VariantName = "[No Variations]"
Add component (AddParameter): Name = "PARAM2"; Value = "-V"; VariantName = "[No Variations]"
Add component (AddParameter): Name = "PRICE"; Value = "100= 1$"; VariantName = "[No Variations]"
Add component (AddParameter): Name = "VALUE"; Value = "10uF"; VariantName = "[No Variations]"
Added Component: Designator=C20(C0402)
Add component (AddParameter): Name = "ASSEMBLY"; Value = "ASSEMBLY"; VariantName = "[No Variations]"
Add component (AddParameter): Name = "DESC"; Value = ""; VariantName = "[No Variations]"
Add component (AddParameter): Name = "DIST#"; Value = ""; VariantName = "[No Variations]"
Add component (AddParameter): Name = "MANF"; Value = "-"; VariantName = "[No Variations]"
Add component (AddParameter): Name = "MANF_P#"; Value = "MANF_PART#"; VariantName = "[No Variations]"
Add component (AddParameter): Name = "PARAM"; Value = "-, -%"; VariantName = "[No Variations]"
Add component (AddParameter): Name = "PARAM2"; Value = "-V"; VariantName = "[No Variations]"
Add component (AddParameter): Name = "PRICE"; Value = "100= 1$"; VariantName = "[No Variations]"
Add component (AddParameter): Name = "VALUE"; Value = "100nF"; VariantName = "[No Variations]"
Added Component: Designator=C21(C0402)
Add component (AddParameter): Name = "ASSEMBLY"; Value = "ASSEMBLY"; VariantName = "[No Variations]"
Add component (AddParameter): Name = "DESC"; Value = ""; VariantName = "[No Variations]"
Add component (AddParameter): Name = "DIST#"; Value = ""; VariantName = "[No Variations]"
Add component (AddParameter): Name = "MANF"; Value = "-"; VariantName = "[No Variations]"
Add component (AddParameter): Name = "MANF_P#"; Value = "MANF_PART#"; VariantName = "[No Variations]"
Add component (AddParameter): Name = "PARAM"; Value = "-, -%"; VariantName = "[No Variations]"
Add component (AddParameter): Name = "PARAM2"; Value = "-V"; VariantName = "[No Variations]"
Add component (AddParameter): Name = "PRICE"; Value = "100= 1$"; VariantName = "[No Variations]"
Add component (AddParameter): Name = "VALUE"; Value = "100nF"; VariantName = "[No Variations]"
Added Component: Designator=C22(C0402)
Add component (AddParameter): Name = "ASSEMBLY"; Value = "ASSEMBLY"; VariantName = "[No Variations]"
Add component (AddParameter): Name = "DESC"; Value = ""; VariantName = "[No Variations]"
Add component (AddParameter): Name = "DIST#"; Value = ""; VariantName = "[No Variations]"
Add component (AddParameter): Name = "MANF"; Value = "-"; VariantName = "[No Variations]"
Add component (AddParameter): Name = "MANF_P#"; Value = "MANF_PART#"; VariantName = "[No Variations]"
Add component (AddParameter): Name = "PARAM"; Value = "-, -%"; VariantName = "[No Variations]"
Add component (AddParameter): Name = "PARAM2"; Value = "-V"; VariantName = "[No Variations]"
Add component (AddParameter): Name = "PRICE"; Value = "100= 1$"; VariantName = "[No Variations]"
Add component (AddParameter): Name = "VALUE"; Value = "10uF"; VariantName = "[No Variations]"
Added Component: Designator=D1(D_SMA)
Add component (AddParameter): Name = "ASSEMBLY"; Value = "ASSEMBLY"; VariantName = "[No Variations]"
Add component (AddParameter): Name = "DESC"; Value = "DESCRIPTION"; VariantName = "[No Variations]"
Add component (AddParameter): Name = "MANF"; Value = "Kingtronics"; VariantName = "[No Variations]"
Add component (AddParameter): Name = "MANF_P#"; Value = "M7"; VariantName = "[No Variations]"
Add component (AddParameter): Name = "PARAM"; Value = "1000V VRRM"; VariantName = "[No Variations]"
Add component (AddParameter): Name = "PARAM2"; Value = "1A"; VariantName = "[No Variations]"
Add component (AddParameter): Name = "PRICE"; Value = "PRICE"; VariantName = "[No Variations]"
Add component (AddParameter): Name = "VALUE"; Value = "1N4007"; VariantName = "[No Variations]"
Added Component: Designator=D2(D_SMA)
Add component (AddParameter): Name = "ASSEMBLY"; Value = "ASSEMBLY"; VariantName = "[No Variations]"
Add component (AddParameter): Name = "DESC"; Value = "DESCRIPTION"; VariantName = "[No Variations]"
Add component (AddParameter): Name = "MANF"; Value = "Kingtronics"; VariantName = "[No Variations]"
Add component (AddParameter): Name = "MANF_P#"; Value = "M7"; VariantName = "[No Variations]"
Add component (AddParameter): Name = "PARAM"; Value = "1000V VRRM"; VariantName = "[No Variations]"
Add component (AddParameter): Name = "PARAM2"; Value = "1A"; VariantName = "[No Variations]"
Add component (AddParameter): Name = "PRICE"; Value = "PRICE"; VariantName = "[No Variations]"
Add component (AddParameter): Name = "VALUE"; Value = "1N4007"; VariantName = "[No Variations]"
Added Component: Designator=D3(D_SMA)
Add component (AddParameter): Name = "ASSEMBLY"; Value = "ASSEMBLY"; VariantName = "[No Variations]"
Add component (AddParameter): Name = "DESC"; Value = "DESCRIPTION"; VariantName = "[No Variations]"
Add component (AddParameter): Name = "MANF"; Value = "Kingtronics"; VariantName = "[No Variations]"
Add component (AddParameter): Name = "MANF_P#"; Value = "M7"; VariantName = "[No Variations]"
Add component (AddParameter): Name = "PARAM"; Value = "1000V VRRM"; VariantName = "[No Variations]"
Add component (AddParameter): Name = "PARAM2"; Value = "1A"; VariantName = "[No Variations]"
Add component (AddParameter): Name = "PRICE"; Value = "PRICE"; VariantName = "[No Variations]"
Add component (AddParameter): Name = "VALUE"; Value = "1N4007"; VariantName = "[No Variations]"
Added Component: Designator=D4(D_SMA)
Add component (AddParameter): Name = "ASSEMBLY"; Value = "ASSEMBLY"; VariantName = "[No Variations]"
Add component (AddParameter): Name = "DESC"; Value = "DESCRIPTION"; VariantName = "[No Variations]"
Add component (AddParameter): Name = "MANF"; Value = "Kingtronics"; VariantName = "[No Variations]"
Add component (AddParameter): Name = "MANF_P#"; Value = "M7"; VariantName = "[No Variations]"
Add component (AddParameter): Name = "PARAM"; Value = "1000V VRRM"; VariantName = "[No Variations]"
Add component (AddParameter): Name = "PARAM2"; Value = "1A"; VariantName = "[No Variations]"
Add component (AddParameter): Name = "PRICE"; Value = "PRICE"; VariantName = "[No Variations]"
Add component (AddParameter): Name = "VALUE"; Value = "1N4007"; VariantName = "[No Variations]"
Added Component: Designator=D5(D_SMA)
Add component (AddParameter): Name = "ASSEMBLY"; Value = "ASSEMBLY"; VariantName = "[No Variations]"
Add component (AddParameter): Name = "DESC"; Value = "DESCRIPTION"; VariantName = "[No Variations]"
Add component (AddParameter): Name = "MANF"; Value = "Kingtronics"; VariantName = "[No Variations]"
Add component (AddParameter): Name = "MANF_P#"; Value = "M7"; VariantName = "[No Variations]"
Add component (AddParameter): Name = "PARAM"; Value = "1000V VRRM"; VariantName = "[No Variations]"
Add component (AddParameter): Name = "PARAM2"; Value = "1A"; VariantName = "[No Variations]"
Add component (AddParameter): Name = "PRICE"; Value = "PRICE"; VariantName = "[No Variations]"
Add component (AddParameter): Name = "VALUE"; Value = "1N4007"; VariantName = "[No Variations]"
Added Component: Designator=D6(D_SMA)
Add component (AddParameter): Name = "ASSEMBLY"; Value = "ASSEMBLY"; VariantName = "[No Variations]"
Add component (AddParameter): Name = "DESC"; Value = "DESCRIPTION"; VariantName = "[No Variations]"
Add component (AddParameter): Name = "MANF"; Value = "Kingtronics"; VariantName = "[No Variations]"
Add component (AddParameter): Name = "MANF_P#"; Value = "M7"; VariantName = "[No Variations]"
Add component (AddParameter): Name = "PARAM"; Value = "1000V VRRM"; VariantName = "[No Variations]"
Add component (AddParameter): Name = "PARAM2"; Value = "1A"; VariantName = "[No Variations]"
Add component (AddParameter): Name = "PRICE"; Value = "PRICE"; VariantName = "[No Variations]"
Add component (AddParameter): Name = "VALUE"; Value = "1N4007"; VariantName = "[No Variations]"
Added Component: Designator=D7(LED0805BLU)
Add component (AddParameter): Name = "ASSEMBLY"; Value = "ASSEMBLY"; VariantName = "[No Variations]"
Add component (AddParameter): Name = "DESC"; Value = "DESCRIPTION"; VariantName = "[No Variations]"
Add component (AddParameter): Name = "MANF"; Value = "MANF"; VariantName = "[No Variations]"
Add component (AddParameter): Name = "MANF_P#"; Value = "MANF_PART#"; VariantName = "[No Variations]"
Add component (AddParameter): Name = "PARAM"; Value = ""; VariantName = "[No Variations]"
Add component (AddParameter): Name = "PARAM2"; Value = "2.2V"; VariantName = "[No Variations]"
Add component (AddParameter): Name = "PRICE"; Value = "36t@Javan"; VariantName = "[No Variations]"
Add component (AddParameter): Name = "VALUE"; Value = "LED805BLU"; VariantName = "[No Variations]"
Added Component: Designator=D8(D_SMA)
Add component (AddParameter): Name = "ASSEMBLY"; Value = "ASSEMBLY"; VariantName = "[No Variations]"
Add component (AddParameter): Name = "DESC"; Value = "DESCRIPTION"; VariantName = "[No Variations]"
Add component (AddParameter): Name = "MANF"; Value = "Diodes"; VariantName = "[No Variations]"
Add component (AddParameter): Name = "MANF_P#"; Value = "SMAZ5V6-13-F"; VariantName = "[No Variations]"
Add component (AddParameter): Name = "PARAM"; Value = "5.6V"; VariantName = "[No Variations]"
Add component (AddParameter): Name = "PARAM2"; Value = "1W, 2Ohm, -55~150oC"; VariantName = "[No Variations]"
Add component (AddParameter): Name = "PRICE"; Value = "0.5$"; VariantName = "[No Variations]"
Add component (AddParameter): Name = "VALUE"; Value = "ZENER5V6"; VariantName = "[No Variations]"
Added Component: Designator=D9(D_SMA)
Add component (AddParameter): Name = "ASSEMBLY"; Value = "ASSEMBLY"; VariantName = "[No Variations]"
Add component (AddParameter): Name = "DESC"; Value = "DESCRIPTION"; VariantName = "[No Variations]"
Add component (AddParameter): Name = "MANF"; Value = "Diodes"; VariantName = "[No Variations]"
Add component (AddParameter): Name = "MANF_P#"; Value = "SMAZ5V6-13-F"; VariantName = "[No Variations]"
Add component (AddParameter): Name = "PARAM"; Value = "5.6V"; VariantName = "[No Variations]"
Add component (AddParameter): Name = "PARAM2"; Value = "1W, 2Ohm, -55~150oC"; VariantName = "[No Variations]"
Add component (AddParameter): Name = "PRICE"; Value = "0.5$"; VariantName = "[No Variations]"
Add component (AddParameter): Name = "VALUE"; Value = "ZENER5V6"; VariantName = "[No Variations]"
Added Component: Designator=D10(D_SOD123W)
Add component (AddParameter): Name = "ASSEMBLY"; Value = "ASSEMBLY"; VariantName = "[No Variations]"
Add component (AddParameter): Name = "DESC"; Value = "DESCRIPTION"; VariantName = "[No Variations]"
Add component (AddParameter): Name = "MANF"; Value = "Diodes"; VariantName = "[No Variations]"
Add component (AddParameter): Name = "MANF_P#"; Value = "BZT52HC5V1WF-7"; VariantName = "[No Variations]"
Add component (AddParameter): Name = "PARAM"; Value = "5.1V"; VariantName = "[No Variations]"
Add component (AddParameter): Name = "PARAM2"; Value = "1W, 4Ohm, -55~150oC"; VariantName = "[No Variations]"
Add component (AddParameter): Name = "PRICE"; Value = "0.25$"; VariantName = "[No Variations]"
Add component (AddParameter): Name = "VALUE"; Value = "ZENER5V1"; VariantName = "[No Variations]"
Added Component: Designator=GND1(TPSMD_S1)
Add component (AddParameter): Name = "MANF"; Value = "MANF"; VariantName = "[No Variations]"
Add component (AddParameter): Name = "MANF_P#"; Value = "MANF_P#"; VariantName = "[No Variations]"
Add component (AddParameter): Name = "VALUE"; Value = "VALUE"; VariantName = "[No Variations]"
Added Component: Designator=J1(TBG_2)
Add component (AddParameter): Name = "ASSEMBLY"; Value = ""; VariantName = "[No Variations]"
Add component (AddParameter): Name = "DESC"; Value = ""; VariantName = "[No Variations]"
Add component (AddParameter): Name = "DIST#"; Value = ""; VariantName = "[No Variations]"
Add component (AddParameter): Name = "MANF"; Value = ""; VariantName = "[No Variations]"
Add component (AddParameter): Name = "MANF_P#"; Value = ""; VariantName = "[No Variations]"
Add component (AddParameter): Name = "PARAM"; Value = ""; VariantName = "[No Variations]"
Add component (AddParameter): Name = "PARAM2"; Value = ""; VariantName = "[No Variations]"
Add component (AddParameter): Name = "PRICE"; Value = ""; VariantName = "[No Variations]"
Add component (AddParameter): Name = "VALUE"; Value = "CONN_TB2"; VariantName = "[No Variations]"
Added Component: Designator=J2(TBG_2)
Add component (AddParameter): Name = "ASSEMBLY"; Value = ""; VariantName = "[No Variations]"
Add component (AddParameter): Name = "DESC"; Value = ""; VariantName = "[No Variations]"
Add component (AddParameter): Name = "DIST#"; Value = ""; VariantName = "[No Variations]"
Add component (AddParameter): Name = "MANF"; Value = ""; VariantName = "[No Variations]"
Add component (AddParameter): Name = "MANF_P#"; Value = ""; VariantName = "[No Variations]"
Add component (AddParameter): Name = "PARAM"; Value = ""; VariantName = "[No Variations]"
Add component (AddParameter): Name = "PARAM2"; Value = ""; VariantName = "[No Variations]"
Add component (AddParameter): Name = "PRICE"; Value = ""; VariantName = "[No Variations]"
Add component (AddParameter): Name = "VALUE"; Value = "CONN_TB2"; VariantName = "[No Variations]"
Added Component: Designator=J3(TBG_2)
Add component (AddParameter): Name = "ASSEMBLY"; Value = ""; VariantName = "[No Variations]"
Add component (AddParameter): Name = "DESC"; Value = ""; VariantName = "[No Variations]"
Add component (AddParameter): Name = "DIST#"; Value = ""; VariantName = "[No Variations]"
Add component (AddParameter): Name = "MANF"; Value = ""; VariantName = "[No Variations]"
Add component (AddParameter): Name = "MANF_P#"; Value = ""; VariantName = "[No Variations]"
Add component (AddParameter): Name = "PARAM"; Value = ""; VariantName = "[No Variations]"
Add component (AddParameter): Name = "PARAM2"; Value = ""; VariantName = "[No Variations]"
Add component (AddParameter): Name = "PRICE"; Value = ""; VariantName = "[No Variations]"
Add component (AddParameter): Name = "VALUE"; Value = "CONN_TB2"; VariantName = "[No Variations]"
Added Component: Designator=K1(REL_SPDT_5_1512)
Add component (AddParameter): Name = "MANF"; Value = "OMRON"; VariantName = "[No Variations]"
Add component (AddParameter): Name = "MANF_P#"; Value = "G8QN"; VariantName = "[No Variations]"
Add component (AddParameter): Name = "PARAM"; Value = "12V, 50mA"; VariantName = "[No Variations]"
Add component (AddParameter): Name = "PARAM2"; Value = "16VDC, 30A"; VariantName = "[No Variations]"
Add component (AddParameter): Name = "PRICE"; Value = "PRICE"; VariantName = "[No Variations]"
Add component (AddParameter): Name = "Value"; Value = "RELAY_SPDT"; VariantName = "[No Variations]"
Added Component: Designator=K2(REL_SPDT_5_1512)
Add component (AddParameter): Name = "MANF"; Value = "OMRON"; VariantName = "[No Variations]"
Add component (AddParameter): Name = "MANF_P#"; Value = "G8QN"; VariantName = "[No Variations]"
Add component (AddParameter): Name = "PARAM"; Value = "12V, 50mA"; VariantName = "[No Variations]"
Add component (AddParameter): Name = "PARAM2"; Value = "16VDC, 30A"; VariantName = "[No Variations]"
Add component (AddParameter): Name = "PRICE"; Value = "PRICE"; VariantName = "[No Variations]"
Add component (AddParameter): Name = "Value"; Value = "RELAY_SPDT"; VariantName = "[No Variations]"
Added Component: Designator=L1(L0402)
Add component (AddParameter): Name = "ASSEMBLY"; Value = ""; VariantName = "[No Variations]"
Add component (AddParameter): Name = "DESC"; Value = ""; VariantName = "[No Variations]"
Add component (AddParameter): Name = "DIST#"; Value = ""; VariantName = "[No Variations]"
Add component (AddParameter): Name = "MANF"; Value = ""; VariantName = "[No Variations]"
Add component (AddParameter): Name = "MANF_P#"; Value = ""; VariantName = "[No Variations]"
Add component (AddParameter): Name = "PARAM"; Value = ""; VariantName = "[No Variations]"
Add component (AddParameter): Name = "PARAM2"; Value = ""; VariantName = "[No Variations]"
Add component (AddParameter): Name = "PRICE"; Value = ""; VariantName = "[No Variations]"
Add component (AddParameter): Name = "VALUE"; Value = "2nH"; VariantName = "[No Variations]"
Added Component: Designator=L2(L0402)
Add component (AddParameter): Name = "ASSEMBLY"; Value = ""; VariantName = "[No Variations]"
Add component (AddParameter): Name = "DESC"; Value = ""; VariantName = "[No Variations]"
Add component (AddParameter): Name = "DIST#"; Value = ""; VariantName = "[No Variations]"
Add component (AddParameter): Name = "MANF"; Value = ""; VariantName = "[No Variations]"
Add component (AddParameter): Name = "MANF_P#"; Value = ""; VariantName = "[No Variations]"
Add component (AddParameter): Name = "PARAM"; Value = ""; VariantName = "[No Variations]"
Add component (AddParameter): Name = "PARAM2"; Value = ""; VariantName = "[No Variations]"
Add component (AddParameter): Name = "PRICE"; Value = ""; VariantName = "[No Variations]"
Add component (AddParameter): Name = "VALUE"; Value = "TBD"; VariantName = "[No Variations]"
Added Component: Designator=PR_RXD1(TPSMD_S1)
Add component (AddParameter): Name = "MANF"; Value = "MANF"; VariantName = "[No Variations]"
Add component (AddParameter): Name = "MANF_P#"; Value = "MANF_P#"; VariantName = "[No Variations]"
Add component (AddParameter): Name = "VALUE"; Value = "VALUE"; VariantName = "[No Variations]"
Added Component: Designator=PR_TXD1(TPSMD_S1)
Add component (AddParameter): Name = "MANF"; Value = "MANF"; VariantName = "[No Variations]"
Add component (AddParameter): Name = "MANF_P#"; Value = "MANF_P#"; VariantName = "[No Variations]"
Add component (AddParameter): Name = "VALUE"; Value = "VALUE"; VariantName = "[No Variations]"
Added Component: Designator=Q1(SOT23_3)
Add component (AddParameter): Name = "ASSEMBLY"; Value = ""; VariantName = "[No Variations]"
Add component (AddParameter): Name = "DESC"; Value = ""; VariantName = "[No Variations]"
Add component (AddParameter): Name = "MANF"; Value = "-"; VariantName = "[No Variations]"
Add component (AddParameter): Name = "MANF_P#"; Value = "C945, 2SC945, BC945"; VariantName = "[No Variations]"
Add component (AddParameter): Name = "PARAM"; Value = "50v, 0.15A"; VariantName = "[No Variations]"
Add component (AddParameter): Name = "PARAM2"; Value = "200mW"; VariantName = "[No Variations]"
Add component (AddParameter): Name = "PRICE"; Value = ""; VariantName = "[No Variations]"
Add component (AddParameter): Name = "VALUE"; Value = "C945"; VariantName = "[No Variations]"
Added Component: Designator=Q2(SOT23_3)
Add component (AddParameter): Name = "ASSEMBLY"; Value = ""; VariantName = "[No Variations]"
Add component (AddParameter): Name = "DESC"; Value = ""; VariantName = "[No Variations]"
Add component (AddParameter): Name = "MANF"; Value = "-"; VariantName = "[No Variations]"
Add component (AddParameter): Name = "MANF_P#"; Value = "C945, 2SC945, BC945"; VariantName = "[No Variations]"
Add component (AddParameter): Name = "PARAM"; Value = "50v, 0.15A"; VariantName = "[No Variations]"
Add component (AddParameter): Name = "PARAM2"; Value = "200mW"; VariantName = "[No Variations]"
Add component (AddParameter): Name = "PRICE"; Value = ""; VariantName = "[No Variations]"
Add component (AddParameter): Name = "VALUE"; Value = "C945"; VariantName = "[No Variations]"
Added Component: Designator=R1(R0402)
Add component (AddParameter): Name = "ASSEMBLY"; Value = "ASSEMBLY"; VariantName = "[No Variations]"
Add component (AddParameter): Name = "DESC"; Value = "DESCRIPTION"; VariantName = "[No Variations]"
Add component (AddParameter): Name = "DIST#"; Value = "MOUSER"; VariantName = "[No Variations]"
Add component (AddParameter): Name = "MANF"; Value = "-"; VariantName = "[No Variations]"
Add component (AddParameter): Name = "MANF_P#"; Value = "-"; VariantName = "[No Variations]"
Add component (AddParameter): Name = "PARAM"; Value = "-W"; VariantName = "[No Variations]"
Add component (AddParameter): Name = "PARAM2"; Value = "1%"; VariantName = "[No Variations]"
Add component (AddParameter): Name = "PRICE"; Value = "100= 0.5$"; VariantName = "[No Variations]"
Add component (AddParameter): Name = "VALUE"; Value = "20K"; VariantName = "[No Variations]"
Added Component: Designator=R2(R0402)
Add component (AddParameter): Name = "ASSEMBLY"; Value = "ASSEMBLY"; VariantName = "[No Variations]"
Add component (AddParameter): Name = "DESC"; Value = "DESCRIPTION"; VariantName = "[No Variations]"
Add component (AddParameter): Name = "DIST#"; Value = "MOUSER"; VariantName = "[No Variations]"
Add component (AddParameter): Name = "MANF"; Value = "-"; VariantName = "[No Variations]"
Add component (AddParameter): Name = "MANF_P#"; Value = "-"; VariantName = "[No Variations]"
Add component (AddParameter): Name = "PARAM"; Value = "-W"; VariantName = "[No Variations]"
Add component (AddParameter): Name = "PARAM2"; Value = "1%"; VariantName = "[No Variations]"
Add component (AddParameter): Name = "PRICE"; Value = "100= 0.5$"; VariantName = "[No Variations]"
Add component (AddParameter): Name = "VALUE"; Value = "1K"; VariantName = "[No Variations]"
Added Component: Designator=R3(R0402)
Add component (AddParameter): Name = "ASSEMBLY"; Value = "ASSEMBLY"; VariantName = "[No Variations]"
Add component (AddParameter): Name = "DESC"; Value = "DESCRIPTION"; VariantName = "[No Variations]"
Add component (AddParameter): Name = "DIST#"; Value = "MOUSER"; VariantName = "[No Variations]"
Add component (AddParameter): Name = "MANF"; Value = "-"; VariantName = "[No Variations]"
Add component (AddParameter): Name = "MANF_P#"; Value = "-"; VariantName = "[No Variations]"
Add component (AddParameter): Name = "PARAM"; Value = "-W"; VariantName = "[No Variations]"
Add component (AddParameter): Name = "PARAM2"; Value = "1%"; VariantName = "[No Variations]"
Add component (AddParameter): Name = "PRICE"; Value = "100= 0.5$"; VariantName = "[No Variations]"
Add component (AddParameter): Name = "VALUE"; Value = "499"; VariantName = "[No Variations]"
Added Component: Designator=R4(R0402)
Add component (AddParameter): Name = "ASSEMBLY"; Value = "ASSEMBLY"; VariantName = "[No Variations]"
Add component (AddParameter): Name = "DESC"; Value = "DESCRIPTION"; VariantName = "[No Variations]"
Add component (AddParameter): Name = "DIST#"; Value = "MOUSER"; VariantName = "[No Variations]"
Add component (AddParameter): Name = "MANF"; Value = "-"; VariantName = "[No Variations]"
Add component (AddParameter): Name = "MANF_P#"; Value = "-"; VariantName = "[No Variations]"
Add component (AddParameter): Name = "PARAM"; Value = "-W"; VariantName = "[No Variations]"
Add component (AddParameter): Name = "PARAM2"; Value = "1%"; VariantName = "[No Variations]"
Add component (AddParameter): Name = "PRICE"; Value = "100= 0.5$"; VariantName = "[No Variations]"
Add component (AddParameter): Name = "VALUE"; Value = "1K"; VariantName = "[No Variations]"
Added Component: Designator=R5(R0402)
Add component (AddParameter): Name = "ASSEMBLY"; Value = "ASSEMBLY"; VariantName = "[No Variations]"
Add component (AddParameter): Name = "DESC"; Value = "DESCRIPTION"; VariantName = "[No Variations]"
Add component (AddParameter): Name = "DIST#"; Value = "MOUSER"; VariantName = "[No Variations]"
Add component (AddParameter): Name = "MANF"; Value = "-"; VariantName = "[No Variations]"
Add component (AddParameter): Name = "MANF_P#"; Value = "-"; VariantName = "[No Variations]"
Add component (AddParameter): Name = "PARAM"; Value = "-W"; VariantName = "[No Variations]"
Add component (AddParameter): Name = "PARAM2"; Value = "1%"; VariantName = "[No Variations]"
Add component (AddParameter): Name = "PRICE"; Value = "100= 0.5$"; VariantName = "[No Variations]"
Add component (AddParameter): Name = "VALUE"; Value = "10K"; VariantName = "[No Variations]"
Added Component: Designator=R6(R0402)
Add component (AddParameter): Name = "ASSEMBLY"; Value = "ASSEMBLY"; VariantName = "[No Variations]"
Add component (AddParameter): Name = "DESC"; Value = "DESCRIPTION"; VariantName = "[No Variations]"
Add component (AddParameter): Name = "DIST#"; Value = "MOUSER"; VariantName = "[No Variations]"
Add component (AddParameter): Name = "MANF"; Value = "-"; VariantName = "[No Variations]"
Add component (AddParameter): Name = "MANF_P#"; Value = "-"; VariantName = "[No Variations]"
Add component (AddParameter): Name = "PARAM"; Value = "-W"; VariantName = "[No Variations]"
Add component (AddParameter): Name = "PARAM2"; Value = "1%"; VariantName = "[No Variations]"
Add component (AddParameter): Name = "PRICE"; Value = "100= 0.5$"; VariantName = "[No Variations]"
Add component (AddParameter): Name = "VALUE"; Value = "1K/1W"; VariantName = "[No Variations]"
Added Component: Designator=R7(R3W_AX09)
Add component (AddParameter): Name = "ASSEMBLY"; Value = "ASSEMBLY"; VariantName = "[No Variations]"
Add component (AddParameter): Name = "DESC"; Value = "DESCRIPTION"; VariantName = "[No Variations]"
Add component (AddParameter): Name = "DIST#"; Value = "MOUSER"; VariantName = "[No Variations]"
Add component (AddParameter): Name = "MANF"; Value = "KOA SPEER"; VariantName = "[No Variations]"
Add component (AddParameter): Name = "MANF_P#"; Value = "RK73H1ETTP4701F"; VariantName = "[No Variations]"
Add component (AddParameter): Name = "PARAM"; Value = "0.063W"; VariantName = "[No Variations]"
Add component (AddParameter): Name = "PARAM2"; Value = "1%"; VariantName = "[No Variations]"
Add component (AddParameter): Name = "PRICE"; Value = "100= 0.5$"; VariantName = "[No Variations]"
Add component (AddParameter): Name = "VALUE"; Value = "68R"; VariantName = "[No Variations]"
Added Component: Designator=R8(R0402)
Add component (AddParameter): Name = "ASSEMBLY"; Value = "ASSEMBLY"; VariantName = "[No Variations]"
Add component (AddParameter): Name = "DESC"; Value = "DESCRIPTION"; VariantName = "[No Variations]"
Add component (AddParameter): Name = "DIST#"; Value = "MOUSER"; VariantName = "[No Variations]"
Add component (AddParameter): Name = "MANF"; Value = "-"; VariantName = "[No Variations]"
Add component (AddParameter): Name = "MANF_P#"; Value = "-"; VariantName = "[No Variations]"
Add component (AddParameter): Name = "PARAM"; Value = "-W"; VariantName = "[No Variations]"
Add component (AddParameter): Name = "PARAM2"; Value = "1%"; VariantName = "[No Variations]"
Add component (AddParameter): Name = "PRICE"; Value = "100= 0.5$"; VariantName = "[No Variations]"
Add component (AddParameter): Name = "VALUE"; Value = "1M"; VariantName = "[No Variations]"
Added Component: Designator=U1(QFN35P500X500X90-49N)
Add component (AddParameter): Name = "Availability"; Value = "Unavailable"; VariantName = "[No Variations]"
Add component (AddParameter): Name = "MF"; Value = "{'manufacturer': u'Espressif Systems'}"; VariantName = "[No Variations]"
Add component (AddParameter): Name = "MP"; Value = "ESP32-D0WD"; VariantName = "[No Variations]"
Add component (AddParameter): Name = "Package"; Value = "None"; VariantName = "[No Variations]"
Add component (AddParameter): Name = "Price"; Value = "None"; VariantName = "[No Variations]"
Add component (AddParameter): Name = "Value"; Value = ""; VariantName = "[No Variations]"
Added Component: Designator=U2(SOIC127P600X175-8N)
Add component (AddParameter): Name = "Availability"; Value = "Unavailable"; VariantName = "[No Variations]"
Add component (AddParameter): Name = "MF"; Value = "{'manufacturer': u'GigaDevice Semiconductor (HK) Limited'}"; VariantName = "[No Variations]"
Add component (AddParameter): Name = "MP"; Value = "GD25Q32CTIGR"; VariantName = "[No Variations]"
Add component (AddParameter): Name = "Package"; Value = "None"; VariantName = "[No Variations]"
Add component (AddParameter): Name = "Price"; Value = "None"; VariantName = "[No Variations]"
Add component (AddParameter): Name = "Value"; Value = ""; VariantName = "[No Variations]"
Added Component: Designator=U4(SOT223_4)
Add component (AddParameter): Name = "VALUE"; Value = "AMS1117"; VariantName = "[No Variations]"
Added Component: Designator=X1(XTL_2_11X5)
Add component (AddParameter): Name = "ASSEMBLY"; Value = ""; VariantName = "[No Variations]"
Add component (AddParameter): Name = "DESC"; Value = ""; VariantName = "[No Variations]"
Add component (AddParameter): Name = "DIST#"; Value = ""; VariantName = "[No Variations]"
Add component (AddParameter): Name = "MANF"; Value = ""; VariantName = "[No Variations]"
Add component (AddParameter): Name = "MANF_P#"; Value = ""; VariantName = "[No Variations]"
Add component (AddParameter): Name = "PARAM"; Value = ""; VariantName = "[No Variations]"
Add component (AddParameter): Name = "PARAM2"; Value = ""; VariantName = "[No Variations]"
Add component (AddParameter): Name = "PRICE"; Value = ""; VariantName = "[No Variations]"
Add component (AddParameter): Name = "VALUE"; Value = "40MHz"; VariantName = "[No Variations]"
Added Pin To Net: NetName=NetANT1_1 Pin=ANT1-1
Added Pin To Net: NetName=GND Pin=ANT1-2
Added Pin To Net: NetName=GND Pin=C1-1
Added Pin To Net: NetName=+3V3 Pin=C1-2
Added Pin To Net: NetName=GND Pin=C2-1
Added Pin To Net: NetName=+3V3 Pin=C2-2
Added Pin To Net: NetName=GND Pin=C3-1
Added Pin To Net: NetName=+3V3 Pin=C3-2
Added Pin To Net: NetName=NetC4_1 Pin=C4-1
Added Pin To Net: NetName=NetC4_2 Pin=C4-2
Added Pin To Net: NetName=GND Pin=C5-1
Added Pin To Net: NetName=+3V3 Pin=C5-2
Added Pin To Net: NetName=GND Pin=C6-1
Added Pin To Net: NetName=+3V3 Pin=C6-2
Added Pin To Net: NetName=GND Pin=C7-1
Added Pin To Net: NetName=+3V3 Pin=C7-2
Added Pin To Net: NetName=NetC4_1 Pin=C8-1
Added Pin To Net: NetName=GND Pin=C8-2
Added Pin To Net: NetName=GND Pin=C9-1
Added Pin To Net: NetName=VDD_SDIO Pin=C9-2
Added Pin To Net: NetName=NetC10_1 Pin=C10-1
Added Pin To Net: NetName=GND Pin=C10-2
Added Pin To Net: NetName=GND Pin=C11-1
Added Pin To Net: NetName=+3V3 Pin=C11-2
Added Pin To Net: NetName=GND Pin=C12-1
Added Pin To Net: NetName=+3V3 Pin=C12-2
Added Pin To Net: NetName=NetC13_1 Pin=C13-1
Added Pin To Net: NetName=GND Pin=C13-2
Added Pin To Net: NetName=GND Pin=C14-1
Added Pin To Net: NetName=NetANT1_1 Pin=C14-2
Added Pin To Net: NetName=GND Pin=C15-1
Added Pin To Net: NetName=NetC15_2 Pin=C15-2
Added Pin To Net: NetName=NetC16_1 Pin=C16-1
Added Pin To Net: NetName=GND Pin=C16-2
Added Pin To Net: NetName=Null Pin=C17-1
Added Pin To Net: NetName=NetC17_2 Pin=C17-2
Added Pin To Net: NetName=+3V3 Pin=C19-1
Added Pin To Net: NetName=GND Pin=C19-2
Added Pin To Net: NetName=+3V3 Pin=C20-1
Added Pin To Net: NetName=GND Pin=C20-2
Added Pin To Net: NetName=+5V0 Pin=C21-1
Added Pin To Net: NetName=GND Pin=C21-2
Added Pin To Net: NetName=+5V0 Pin=C22-1
Added Pin To Net: NetName=GND Pin=C22-2
Added Pin To Net: NetName=NetD1_1 Pin=D1-1
Added Pin To Net: NetName=+5V0 Pin=D1-2
Added Pin To Net: NetName=NetD2_1 Pin=D2-1
Added Pin To Net: NetName=+5V0 Pin=D2-2
Added Pin To Net: NetName=NetD3_1 Pin=D3-1
Added Pin To Net: NetName=Phase Pin=D3-2
Added Pin To Net: NetName=Phase Pin=D4-1
Added Pin To Net: NetName=NetC16_1 Pin=D4-2
Added Pin To Net: NetName=NetD3_1 Pin=D5-1
Added Pin To Net: NetName=NetC17_2 Pin=D5-2
Added Pin To Net: NetName=NetC17_2 Pin=D6-1
Added Pin To Net: NetName=NetC16_1 Pin=D6-2
Added Pin To Net: NetName=NetD7_1 Pin=D7-1
Added Pin To Net: NetName=GND Pin=D7-2
Added Pin To Net: NetName=GND Pin=D8-1
Added Pin To Net: NetName=NetC16_1 Pin=D8-2
Added Pin To Net: NetName=GND Pin=D9-1
Added Pin To Net: NetName=NetC16_1 Pin=D9-2
Added Pin To Net: NetName=GND Pin=D10-1
Added Pin To Net: NetName=+5V0 Pin=D10-2
Added Pin To Net: NetName=GND Pin=GND1-1
Added Pin To Net: NetName=NetJ1_1 Pin=J1-1
Added Pin To Net: NetName=Null Pin=J1-2
Added Pin To Net: NetName=NetJ2_1 Pin=J2-1
Added Pin To Net: NetName=Null Pin=J2-2
Added Pin To Net: NetName=Null Pin=J3-1
Added Pin To Net: NetName=Phase Pin=J3-2
Added Pin To Net: NetName=NetJ2_1 Pin=K1-1
Added Pin To Net: NetName=Phase Pin=K1-3
Added Pin To Net: NetName=+5V0 Pin=K1-4
Added Pin To Net: NetName=NetD1_1 Pin=K1-5
Added Pin To Net: NetName=NetJ1_1 Pin=K2-1
Added Pin To Net: NetName=Phase Pin=K2-3
Added Pin To Net: NetName=+5V0 Pin=K2-4
Added Pin To Net: NetName=NetD2_1 Pin=K2-5
Added Pin To Net: NetName=NetL1_1 Pin=L1-1
Added Pin To Net: NetName=+3V3 Pin=L1-2
Added Pin To Net: NetName=NetANT1_1 Pin=L2-1
Added Pin To Net: NetName=NetC15_2 Pin=L2-2
Added Pin To Net: NetName=NetPR_RXD1_1 Pin=PR_RXD1-1
Added Pin To Net: NetName=NetPR_TXD1_1 Pin=PR_TXD1-1
Added Pin To Net: NetName=NetQ1_1 Pin=Q1-1
Added Pin To Net: NetName=GND Pin=Q1-2
Added Pin To Net: NetName=NetD1_1 Pin=Q1-3
Added Pin To Net: NetName=NetQ2_1 Pin=Q2-1
Added Pin To Net: NetName=GND Pin=Q2-2
Added Pin To Net: NetName=NetD2_1 Pin=Q2-3
Added Pin To Net: NetName=NetC4_1 Pin=R1-1
Added Pin To Net: NetName=NetC4_2 Pin=R1-2
Added Pin To Net: NetName=NetQ1_1 Pin=R2-1
Added Pin To Net: NetName=Relay_1 Pin=R2-2
Added Pin To Net: NetName=NetR3_1 Pin=R3-1
Added Pin To Net: NetName=NetPR_TXD1_1 Pin=R3-2
Added Pin To Net: NetName=NetQ2_1 Pin=R4-1
Added Pin To Net: NetName=Relay_2 Pin=R4-2
Added Pin To Net: NetName=+3V3 Pin=R5-1
Added Pin To Net: NetName=NetD7_1 Pin=R5-2
Added Pin To Net: NetName=+5V0 Pin=R6-1
Added Pin To Net: NetName=NetC16_1 Pin=R6-2
Added Pin To Net: NetName=GND Pin=R7-1
Added Pin To Net: NetName=NetD3_1 Pin=R7-2
Added Pin To Net: NetName=NetC17_2 Pin=R8-1
Added Pin To Net: NetName=Null Pin=R8-2
Added Pin To Net: NetName=+3V3 Pin=U1-1
Added Pin To Net: NetName=NetC15_2 Pin=U1-2
Added Pin To Net: NetName=NetL1_1 Pin=U1-3
Added Pin To Net: NetName=NetL1_1 Pin=U1-4
Added Pin To Net: NetName=+3V3 Pin=U1-19
Added Pin To Net: NetName=Relay_2 Pin=U1-22
Added Pin To Net: NetName=Relay_1 Pin=U1-23
Added Pin To Net: NetName=VDD_SDIO Pin=U1-26
Added Pin To Net: NetName=SHD/SD2 Pin=U1-28
Added Pin To Net: NetName=SWP/SD3 Pin=U1-29
Added Pin To Net: NetName=SCS/CMD Pin=U1-30
Added Pin To Net: NetName=SCK/CLK Pin=U1-31
Added Pin To Net: NetName=SDO/SD0 Pin=U1-32
Added Pin To Net: NetName=SD1/SD1 Pin=U1-33
Added Pin To Net: NetName=+3V3 Pin=U1-37
Added Pin To Net: NetName=NetPR_RXD1_1 Pin=U1-40
Added Pin To Net: NetName=NetR3_1 Pin=U1-41
Added Pin To Net: NetName=+3V3 Pin=U1-43
Added Pin To Net: NetName=NetC10_1 Pin=U1-44
Added Pin To Net: NetName=NetC13_1 Pin=U1-45
Added Pin To Net: NetName=+3V3 Pin=U1-46
Added Pin To Net: NetName=NetC4_2 Pin=U1-47
Added Pin To Net: NetName=NetC4_1 Pin=U1-48
Added Pin To Net: NetName=GND Pin=U1-49
Added Pin To Net: NetName=SCS/CMD Pin=U2-1
Added Pin To Net: NetName=SDO/SD0 Pin=U2-2
Added Pin To Net: NetName=SWP/SD3 Pin=U2-3
Added Pin To Net: NetName=GND Pin=U2-4
Added Pin To Net: NetName=SD1/SD1 Pin=U2-5
Added Pin To Net: NetName=SCK/CLK Pin=U2-6
Added Pin To Net: NetName=SHD/SD2 Pin=U2-7
Added Pin To Net: NetName=VDD_SDIO Pin=U2-8
Added Pin To Net: NetName=GND Pin=U4-1
Added Pin To Net: NetName=+3V3 Pin=U4-2
Added Pin To Net: NetName=+5V0 Pin=U4-3
Added Pin To Net: NetName=+3V3 Pin=U4-4
Added Pin To Net: NetName=NetC13_1 Pin=X1-1
Added Pin To Net: NetName=NetC10_1 Pin=X1-2
Added Member To Class: ClassName=SmartKey Member=Component ANT1 Antenna
Added Member To Class: ClassName=SmartKey Member=Component C1 100nF
Added Member To Class: ClassName=SmartKey Member=Component C2 1uF
Added Member To Class: ClassName=SmartKey Member=Component C3 10uF
Added Member To Class: ClassName=SmartKey Member=Component C4 3.3nF
Added Member To Class: ClassName=SmartKey Member=Component C5 100nF
Added Member To Class: ClassName=SmartKey Member=Component C6 1uF
Added Member To Class: ClassName=SmartKey Member=Component C7 10uF
Added Member To Class: ClassName=SmartKey Member=Component C8 10nF
Added Member To Class: ClassName=SmartKey Member=Component C9 1uF
Added Member To Class: ClassName=SmartKey Member=Component C10 22uF
Added Member To Class: ClassName=SmartKey Member=Component C11 100nF
Added Member To Class: ClassName=SmartKey Member=Component C12 100nF
Added Member To Class: ClassName=SmartKey Member=Component C13 22uF
Added Member To Class: ClassName=SmartKey Member=Component C14 TBD
Added Member To Class: ClassName=SmartKey Member=Component C15 TBD
Added Member To Class: ClassName=SmartKey Member=Component C16 47uF
Added Member To Class: ClassName=SmartKey Member=Component C17 1uF/400V
Added Member To Class: ClassName=SmartKey Member=Component C19 10uF
Added Member To Class: ClassName=SmartKey Member=Component C20 100nF
Added Member To Class: ClassName=SmartKey Member=Component C21 100nF
Added Member To Class: ClassName=SmartKey Member=Component C22 10uF
Added Member To Class: ClassName=SmartKey Member=Component D1 1N4007
Added Member To Class: ClassName=SmartKey Member=Component D2 1N4007
Added Member To Class: ClassName=SmartKey Member=Component D3 1N4007
Added Member To Class: ClassName=SmartKey Member=Component D4 1N4007
Added Member To Class: ClassName=SmartKey Member=Component D5 1N4007
Added Member To Class: ClassName=SmartKey Member=Component D6 1N4007
Added Member To Class: ClassName=SmartKey Member=Component D7 LED805BLU
Added Member To Class: ClassName=SmartKey Member=Component D8 ZENER5V6
Added Member To Class: ClassName=SmartKey Member=Component D9 ZENER5V6
Added Member To Class: ClassName=SmartKey Member=Component D10 ZENER5V1
Added Member To Class: ClassName=SmartKey Member=Component GND1 TESTPOINT_SMD
Added Member To Class: ClassName=SmartKey Member=Component J1 CONN_TB2
Added Member To Class: ClassName=SmartKey Member=Component J2 CONN_TB2
Added Member To Class: ClassName=SmartKey Member=Component J3 CONN_TB2
Added Member To Class: ClassName=SmartKey Member=Component K1 RELAY_SPDT
Added Member To Class: ClassName=SmartKey Member=Component K2 RELAY_SPDT
Added Member To Class: ClassName=SmartKey Member=Component L1 2nH
Added Member To Class: ClassName=SmartKey Member=Component L2 TBD
Added Member To Class: ClassName=SmartKey Member=Component PR_RXD1 TESTPOINT_SMD
Added Member To Class: ClassName=SmartKey Member=Component PR_TXD1 TESTPOINT_SMD
Added Member To Class: ClassName=SmartKey Member=Component Q1 C945
Added Member To Class: ClassName=SmartKey Member=Component Q2 C945
Added Member To Class: ClassName=SmartKey Member=Component R1 20K
Added Member To Class: ClassName=SmartKey Member=Component R2 1K
Added Member To Class: ClassName=SmartKey Member=Component R3 499
Added Member To Class: ClassName=SmartKey Member=Component R4 1K
Added Member To Class: ClassName=SmartKey Member=Component R5 10K
Added Member To Class: ClassName=SmartKey Member=Component R6 1K/1W
Added Member To Class: ClassName=SmartKey Member=Component R7 68R
Added Member To Class: ClassName=SmartKey Member=Component R8 1M
Added Member To Class: ClassName=SmartKey Member=Component U1 ESP32-D0WD
Added Member To Class: ClassName=SmartKey Member=Component U2 GD25Q32CTIGR
Added Member To Class: ClassName=SmartKey Member=Component U4 AMS1117
Added Member To Class: ClassName=SmartKey Member=Component X1 40MHz
