Added Component: Designator=ANT1(ANT_PCB_2P4G_IFA)
Add component (AddParameter): Name = "MANF"; Value = "MANF"; VariantName = "[No Variations]"
Add component (AddParameter): Name = "MANF_P#"; Value = "MANF_P#"; VariantName = "[No Variations]"
Add component (AddParameter): Name = "VALUE"; Value = "Antenna"; VariantName = "[No Variations]"
Added Component: Designator=C1(C0603)
Add component (AddParameter): Name = "ASSEMBLY"; Value = "ASSEMBLY"; VariantName = "[No Variations]"
Add component (AddParameter): Name = "DESC"; Value = ""; VariantName = "[No Variations]"
Add component (AddParameter): Name = "DIST#"; Value = ""; VariantName = "[No Variations]"
Add component (AddParameter): Name = "MANF"; Value = "-"; VariantName = "[No Variations]"
Add component (AddParameter): Name = "MANF_P#"; Value = "MANF_PART#"; VariantName = "[No Variations]"
Add component (AddParameter): Name = "PARAM"; Value = "-, -%"; VariantName = "[No Variations]"
Add component (AddParameter): Name = "PARAM2"; Value = "-V"; VariantName = "[No Variations]"
Add component (AddParameter): Name = "PRICE"; Value = "100= 1$"; VariantName = "[No Variations]"
Add component (AddParameter): Name = "VALUE"; Value = "100nF"; VariantName = "[No Variations]"
Added Component: Designator=C2(C0603)
Add component (AddParameter): Name = "ASSEMBLY"; Value = "ASSEMBLY"; VariantName = "[No Variations]"
Add component (AddParameter): Name = "DESC"; Value = ""; VariantName = "[No Variations]"
Add component (AddParameter): Name = "DIST#"; Value = ""; VariantName = "[No Variations]"
Add component (AddParameter): Name = "MANF"; Value = "-"; VariantName = "[No Variations]"
Add component (AddParameter): Name = "MANF_P#"; Value = "MANF_PART#"; VariantName = "[No Variations]"
Add component (AddParameter): Name = "PARAM"; Value = "-, -%"; VariantName = "[No Variations]"
Add component (AddParameter): Name = "PARAM2"; Value = "-V"; VariantName = "[No Variations]"
Add component (AddParameter): Name = "PRICE"; Value = "100= 1$"; VariantName = "[No Variations]"
Add component (AddParameter): Name = "VALUE"; Value = "1uF"; VariantName = "[No Variations]"
Added Component: Designator=C3(C0603)
Add component (AddParameter): Name = "ASSEMBLY"; Value = "ASSEMBLY"; VariantName = "[No Variations]"
Add component (AddParameter): Name = "DESC"; Value = ""; VariantName = "[No Variations]"
Add component (AddParameter): Name = "DIST#"; Value = ""; VariantName = "[No Variations]"
Add component (AddParameter): Name = "MANF"; Value = "-"; VariantName = "[No Variations]"
Add component (AddParameter): Name = "MANF_P#"; Value = "MANF_PART#"; VariantName = "[No Variations]"
Add component (AddParameter): Name = "PARAM"; Value = "-, -%"; VariantName = "[No Variations]"
Add component (AddParameter): Name = "PARAM2"; Value = "-V"; VariantName = "[No Variations]"
Add component (AddParameter): Name = "PRICE"; Value = "100= 1$"; VariantName = "[No Variations]"
Add component (AddParameter): Name = "VALUE"; Value = "10uF"; VariantName = "[No Variations]"
Added Component: Designator=C4(C0603)
Add component (AddParameter): Name = "ASSEMBLY"; Value = "ASSEMBLY"; VariantName = "[No Variations]"
Add component (AddParameter): Name = "DESC"; Value = ""; VariantName = "[No Variations]"
Add component (AddParameter): Name = "DIST#"; Value = ""; VariantName = "[No Variations]"
Add component (AddParameter): Name = "MANF"; Value = "-"; VariantName = "[No Variations]"
Add component (AddParameter): Name = "MANF_P#"; Value = "MANF_PART#"; VariantName = "[No Variations]"
Add component (AddParameter): Name = "PARAM"; Value = "-, -%"; VariantName = "[No Variations]"
Add component (AddParameter): Name = "PARAM2"; Value = "-V"; VariantName = "[No Variations]"
Add component (AddParameter): Name = "PRICE"; Value = "100= 1$"; VariantName = "[No Variations]"
Add component (AddParameter): Name = "VALUE"; Value = "3.3nF"; VariantName = "[No Variations]"
Added Component: Designator=C5(C0603)
Add component (AddParameter): Name = "ASSEMBLY"; Value = "ASSEMBLY"; VariantName = "[No Variations]"
Add component (AddParameter): Name = "DESC"; Value = ""; VariantName = "[No Variations]"
Add component (AddParameter): Name = "DIST#"; Value = ""; VariantName = "[No Variations]"
Add component (AddParameter): Name = "MANF"; Value = "-"; VariantName = "[No Variations]"
Add component (AddParameter): Name = "MANF_P#"; Value = "MANF_PART#"; VariantName = "[No Variations]"
Add component (AddParameter): Name = "PARAM"; Value = "-, -%"; VariantName = "[No Variations]"
Add component (AddParameter): Name = "PARAM2"; Value = "-V"; VariantName = "[No Variations]"
Add component (AddParameter): Name = "PRICE"; Value = "100= 1$"; VariantName = "[No Variations]"
Add component (AddParameter): Name = "VALUE"; Value = "100nF"; VariantName = "[No Variations]"
Added Component: Designator=C6(C0603)
Add component (AddParameter): Name = "ASSEMBLY"; Value = "ASSEMBLY"; VariantName = "[No Variations]"
Add component (AddParameter): Name = "DESC"; Value = ""; VariantName = "[No Variations]"
Add component (AddParameter): Name = "DIST#"; Value = ""; VariantName = "[No Variations]"
Add component (AddParameter): Name = "MANF"; Value = "-"; VariantName = "[No Variations]"
Add component (AddParameter): Name = "MANF_P#"; Value = "MANF_PART#"; VariantName = "[No Variations]"
Add component (AddParameter): Name = "PARAM"; Value = "-, -%"; VariantName = "[No Variations]"
Add component (AddParameter): Name = "PARAM2"; Value = "-V"; VariantName = "[No Variations]"
Add component (AddParameter): Name = "PRICE"; Value = "100= 1$"; VariantName = "[No Variations]"
Add component (AddParameter): Name = "VALUE"; Value = "1uF"; VariantName = "[No Variations]"
Added Component: Designator=C7(C0603)
Add component (AddParameter): Name = "ASSEMBLY"; Value = "ASSEMBLY"; VariantName = "[No Variations]"
Add component (AddParameter): Name = "DESC"; Value = ""; VariantName = "[No Variations]"
Add component (AddParameter): Name = "DIST#"; Value = ""; VariantName = "[No Variations]"
Add component (AddParameter): Name = "MANF"; Value = "-"; VariantName = "[No Variations]"
Add component (AddParameter): Name = "MANF_P#"; Value = "MANF_PART#"; VariantName = "[No Variations]"
Add component (AddParameter): Name = "PARAM"; Value = "-, -%"; VariantName = "[No Variations]"
Add component (AddParameter): Name = "PARAM2"; Value = "-V"; VariantName = "[No Variations]"
Add component (AddParameter): Name = "PRICE"; Value = "100= 1$"; VariantName = "[No Variations]"
Add component (AddParameter): Name = "VALUE"; Value = "10uF"; VariantName = "[No Variations]"
Added Component: Designator=C8(C0603)
Add component (AddParameter): Name = "ASSEMBLY"; Value = "ASSEMBLY"; VariantName = "[No Variations]"
Add component (AddParameter): Name = "DESC"; Value = ""; VariantName = "[No Variations]"
Add component (AddParameter): Name = "DIST#"; Value = ""; VariantName = "[No Variations]"
Add component (AddParameter): Name = "MANF"; Value = "-"; VariantName = "[No Variations]"
Add component (AddParameter): Name = "MANF_P#"; Value = "MANF_PART#"; VariantName = "[No Variations]"
Add component (AddParameter): Name = "PARAM"; Value = "-, -%"; VariantName = "[No Variations]"
Add component (AddParameter): Name = "PARAM2"; Value = "-V"; VariantName = "[No Variations]"
Add component (AddParameter): Name = "PRICE"; Value = "100= 1$"; VariantName = "[No Variations]"
Add component (AddParameter): Name = "VALUE"; Value = "10nF"; VariantName = "[No Variations]"
Added Component: Designator=C9(C0603)
Add component (AddParameter): Name = "ASSEMBLY"; Value = "ASSEMBLY"; VariantName = "[No Variations]"
Add component (AddParameter): Name = "DESC"; Value = ""; VariantName = "[No Variations]"
Add component (AddParameter): Name = "DIST#"; Value = ""; VariantName = "[No Variations]"
Add component (AddParameter): Name = "MANF"; Value = "-"; VariantName = "[No Variations]"
Add component (AddParameter): Name = "MANF_P#"; Value = "MANF_PART#"; VariantName = "[No Variations]"
Add component (AddParameter): Name = "PARAM"; Value = "-, -%"; VariantName = "[No Variations]"
Add component (AddParameter): Name = "PARAM2"; Value = "-V"; VariantName = "[No Variations]"
Add component (AddParameter): Name = "PRICE"; Value = "100= 1$"; VariantName = "[No Variations]"
Add component (AddParameter): Name = "VALUE"; Value = "1uF"; VariantName = "[No Variations]"
Added Component: Designator=C10(C0603)
Add component (AddParameter): Name = "ASSEMBLY"; Value = "ASSEMBLY"; VariantName = "[No Variations]"
Add component (AddParameter): Name = "DESC"; Value = ""; VariantName = "[No Variations]"
Add component (AddParameter): Name = "DIST#"; Value = ""; VariantName = "[No Variations]"
Add component (AddParameter): Name = "MANF"; Value = "-"; VariantName = "[No Variations]"
Add component (AddParameter): Name = "MANF_P#"; Value = "MANF_PART#"; VariantName = "[No Variations]"
Add component (AddParameter): Name = "PARAM"; Value = "-, -%"; VariantName = "[No Variations]"
Add component (AddParameter): Name = "PARAM2"; Value = "-V"; VariantName = "[No Variations]"
Add component (AddParameter): Name = "PRICE"; Value = "100= 1$"; VariantName = "[No Variations]"
Add component (AddParameter): Name = "VALUE"; Value = "22uF"; VariantName = "[No Variations]"
Added Component: Designator=C11(C0603)
Add component (AddParameter): Name = "ASSEMBLY"; Value = "ASSEMBLY"; VariantName = "[No Variations]"
Add component (AddParameter): Name = "DESC"; Value = ""; VariantName = "[No Variations]"
Add component (AddParameter): Name = "DIST#"; Value = ""; VariantName = "[No Variations]"
Add component (AddParameter): Name = "MANF"; Value = "-"; VariantName = "[No Variations]"
Add component (AddParameter): Name = "MANF_P#"; Value = "MANF_PART#"; VariantName = "[No Variations]"
Add component (AddParameter): Name = "PARAM"; Value = "-, -%"; VariantName = "[No Variations]"
Add component (AddParameter): Name = "PARAM2"; Value = "-V"; VariantName = "[No Variations]"
Add component (AddParameter): Name = "PRICE"; Value = "100= 1$"; VariantName = "[No Variations]"
Add component (AddParameter): Name = "VALUE"; Value = "100nF"; VariantName = "[No Variations]"
Added Component: Designator=C12(C0603)
Add component (AddParameter): Name = "ASSEMBLY"; Value = "ASSEMBLY"; VariantName = "[No Variations]"
Add component (AddParameter): Name = "DESC"; Value = ""; VariantName = "[No Variations]"
Add component (AddParameter): Name = "DIST#"; Value = ""; VariantName = "[No Variations]"
Add component (AddParameter): Name = "MANF"; Value = "-"; VariantName = "[No Variations]"
Add component (AddParameter): Name = "MANF_P#"; Value = "MANF_PART#"; VariantName = "[No Variations]"
Add component (AddParameter): Name = "PARAM"; Value = "-, -%"; VariantName = "[No Variations]"
Add component (AddParameter): Name = "PARAM2"; Value = "-V"; VariantName = "[No Variations]"
Add component (AddParameter): Name = "PRICE"; Value = "100= 1$"; VariantName = "[No Variations]"
Add component (AddParameter): Name = "VALUE"; Value = "100nF"; VariantName = "[No Variations]"
Added Component: Designator=C13(C0603)
Add component (AddParameter): Name = "ASSEMBLY"; Value = "ASSEMBLY"; VariantName = "[No Variations]"
Add component (AddParameter): Name = "DESC"; Value = ""; VariantName = "[No Variations]"
Add component (AddParameter): Name = "DIST#"; Value = ""; VariantName = "[No Variations]"
Add component (AddParameter): Name = "MANF"; Value = "-"; VariantName = "[No Variations]"
Add component (AddParameter): Name = "MANF_P#"; Value = "MANF_PART#"; VariantName = "[No Variations]"
Add component (AddParameter): Name = "PARAM"; Value = "-, -%"; VariantName = "[No Variations]"
Add component (AddParameter): Name = "PARAM2"; Value = "-V"; VariantName = "[No Variations]"
Add component (AddParameter): Name = "PRICE"; Value = "100= 1$"; VariantName = "[No Variations]"
Add component (AddParameter): Name = "VALUE"; Value = "22uF"; VariantName = "[No Variations]"
Added Component: Designator=C14(C0603)
Add component (AddParameter): Name = "ASSEMBLY"; Value = "ASSEMBLY"; VariantName = "[No Variations]"
Add component (AddParameter): Name = "DESC"; Value = ""; VariantName = "[No Variations]"
Add component (AddParameter): Name = "DIST#"; Value = ""; VariantName = "[No Variations]"
Add component (AddParameter): Name = "MANF"; Value = "-"; VariantName = "[No Variations]"
Add component (AddParameter): Name = "MANF_P#"; Value = "MANF_PART#"; VariantName = "[No Variations]"
Add component (AddParameter): Name = "PARAM"; Value = "-, -%"; VariantName = "[No Variations]"
Add component (AddParameter): Name = "PARAM2"; Value = "-V"; VariantName = "[No Variations]"
Add component (AddParameter): Name = "PRICE"; Value = "100= 1$"; VariantName = "[No Variations]"
Add component (AddParameter): Name = "VALUE"; Value = "TBD"; VariantName = "[No Variations]"
Added Component: Designator=C15(C0603)
Add component (AddParameter): Name = "ASSEMBLY"; Value = "ASSEMBLY"; VariantName = "[No Variations]"
Add component (AddParameter): Name = "DESC"; Value = ""; VariantName = "[No Variations]"
Add component (AddParameter): Name = "DIST#"; Value = ""; VariantName = "[No Variations]"
Add component (AddParameter): Name = "MANF"; Value = "-"; VariantName = "[No Variations]"
Add component (AddParameter): Name = "MANF_P#"; Value = "MANF_PART#"; VariantName = "[No Variations]"
Add component (AddParameter): Name = "PARAM"; Value = "-, -%"; VariantName = "[No Variations]"
Add component (AddParameter): Name = "PARAM2"; Value = "-V"; VariantName = "[No Variations]"
Add component (AddParameter): Name = "PRICE"; Value = "100= 1$"; VariantName = "[No Variations]"
Add component (AddParameter): Name = "VALUE"; Value = "TBD"; VariantName = "[No Variations]"
Added Component: Designator=C16(C_EL_12)
Add component (AddParameter): Name = "ASSEMBLY"; Value = "ASSEMBLY"; VariantName = "[No Variations]"
Add component (AddParameter): Name = "DESC"; Value = "DESCRIPTION"; VariantName = "[No Variations]"
Add component (AddParameter): Name = "DIST#"; Value = "MOUSER"; VariantName = "[No Variations]"
Add component (AddParameter): Name = "MANF"; Value = "MANF"; VariantName = "[No Variations]"
Add component (AddParameter): Name = "MANF_P#"; Value = "MANF_PART#"; VariantName = "[No Variations]"
Add component (AddParameter): Name = "PARAM"; Value = "20%"; VariantName = "[No Variations]"
Add component (AddParameter): Name = "PARAM2"; Value = "-V"; VariantName = "[No Variations]"
Add component (AddParameter): Name = "PRICE"; Value = "10= -$"; VariantName = "[No Variations]"
Add component (AddParameter): Name = "VALUE"; Value = "47uF"; VariantName = "[No Variations]"
Added Component: Designator=C17(C_EL_12)
Add component (AddParameter): Name = "ASSEMBLY"; Value = "ASSEMBLY"; VariantName = "[No Variations]"
Add component (AddParameter): Name = "DESC"; Value = "DESCRIPTION"; VariantName = "[No Variations]"
Add component (AddParameter): Name = "DIST#"; Value = "MOUSER"; VariantName = "[No Variations]"
Add component (AddParameter): Name = "MANF"; Value = "MANF"; VariantName = "[No Variations]"
Add component (AddParameter): Name = "MANF_P#"; Value = "MANF_PART#"; VariantName = "[No Variations]"
Add component (AddParameter): Name = "PARAM"; Value = "20%"; VariantName = "[No Variations]"
Add component (AddParameter): Name = "PARAM2"; Value = "-V"; VariantName = "[No Variations]"
Add component (AddParameter): Name = "PRICE"; Value = "10= -$"; VariantName = "[No Variations]"
Add component (AddParameter): Name = "VALUE"; Value = "10uF"; VariantName = "[No Variations]"
Added Component: Designator=C18(C0603)
Add component (AddParameter): Name = "ASSEMBLY"; Value = "ASSEMBLY"; VariantName = "[No Variations]"
Add component (AddParameter): Name = "DESC"; Value = ""; VariantName = "[No Variations]"
Add component (AddParameter): Name = "DIST#"; Value = ""; VariantName = "[No Variations]"
Add component (AddParameter): Name = "MANF"; Value = "-"; VariantName = "[No Variations]"
Add component (AddParameter): Name = "MANF_P#"; Value = "MANF_PART#"; VariantName = "[No Variations]"
Add component (AddParameter): Name = "PARAM"; Value = "-, -%"; VariantName = "[No Variations]"
Add component (AddParameter): Name = "PARAM2"; Value = "-V"; VariantName = "[No Variations]"
Add component (AddParameter): Name = "PRICE"; Value = "100= 1$"; VariantName = "[No Variations]"
Add component (AddParameter): Name = "VALUE"; Value = "100nF"; VariantName = "[No Variations]"
Added Component: Designator=C19(C0603)
Add component (AddParameter): Name = "ASSEMBLY"; Value = "ASSEMBLY"; VariantName = "[No Variations]"
Add component (AddParameter): Name = "DESC"; Value = ""; VariantName = "[No Variations]"
Add component (AddParameter): Name = "DIST#"; Value = ""; VariantName = "[No Variations]"
Add component (AddParameter): Name = "MANF"; Value = "-"; VariantName = "[No Variations]"
Add component (AddParameter): Name = "MANF_P#"; Value = "MANF_PART#"; VariantName = "[No Variations]"
Add component (AddParameter): Name = "PARAM"; Value = "-, -%"; VariantName = "[No Variations]"
Add component (AddParameter): Name = "PARAM2"; Value = "-V"; VariantName = "[No Variations]"
Add component (AddParameter): Name = "PRICE"; Value = "100= 1$"; VariantName = "[No Variations]"
Add component (AddParameter): Name = "VALUE"; Value = "10uF"; VariantName = "[No Variations]"
Added Component: Designator=C20(C0603)
Add component (AddParameter): Name = "ASSEMBLY"; Value = "ASSEMBLY"; VariantName = "[No Variations]"
Add component (AddParameter): Name = "DESC"; Value = ""; VariantName = "[No Variations]"
Add component (AddParameter): Name = "DIST#"; Value = ""; VariantName = "[No Variations]"
Add component (AddParameter): Name = "MANF"; Value = "-"; VariantName = "[No Variations]"
Add component (AddParameter): Name = "MANF_P#"; Value = "MANF_PART#"; VariantName = "[No Variations]"
Add component (AddParameter): Name = "PARAM"; Value = "-, -%"; VariantName = "[No Variations]"
Add component (AddParameter): Name = "PARAM2"; Value = "-V"; VariantName = "[No Variations]"
Add component (AddParameter): Name = "PRICE"; Value = "100= 1$"; VariantName = "[No Variations]"
Add component (AddParameter): Name = "VALUE"; Value = "100nF"; VariantName = "[No Variations]"
Added Component: Designator=C21(C0603)
Add component (AddParameter): Name = "ASSEMBLY"; Value = "ASSEMBLY"; VariantName = "[No Variations]"
Add component (AddParameter): Name = "DESC"; Value = ""; VariantName = "[No Variations]"
Add component (AddParameter): Name = "DIST#"; Value = ""; VariantName = "[No Variations]"
Add component (AddParameter): Name = "MANF"; Value = "-"; VariantName = "[No Variations]"
Add component (AddParameter): Name = "MANF_P#"; Value = "MANF_PART#"; VariantName = "[No Variations]"
Add component (AddParameter): Name = "PARAM"; Value = "-, -%"; VariantName = "[No Variations]"
Add component (AddParameter): Name = "PARAM2"; Value = "-V"; VariantName = "[No Variations]"
Add component (AddParameter): Name = "PRICE"; Value = "100= 1$"; VariantName = "[No Variations]"
Add component (AddParameter): Name = "VALUE"; Value = "100nF"; VariantName = "[No Variations]"
Added Component: Designator=C22(C0603)
Add component (AddParameter): Name = "ASSEMBLY"; Value = "ASSEMBLY"; VariantName = "[No Variations]"
Add component (AddParameter): Name = "DESC"; Value = ""; VariantName = "[No Variations]"
Add component (AddParameter): Name = "DIST#"; Value = ""; VariantName = "[No Variations]"
Add component (AddParameter): Name = "MANF"; Value = "-"; VariantName = "[No Variations]"
Add component (AddParameter): Name = "MANF_P#"; Value = "MANF_PART#"; VariantName = "[No Variations]"
Add component (AddParameter): Name = "PARAM"; Value = "-, -%"; VariantName = "[No Variations]"
Add component (AddParameter): Name = "PARAM2"; Value = "-V"; VariantName = "[No Variations]"
Add component (AddParameter): Name = "PRICE"; Value = "100= 1$"; VariantName = "[No Variations]"
Add component (AddParameter): Name = "VALUE"; Value = "10uF"; VariantName = "[No Variations]"
Added Component: Designator=D1(D_SMA)
Add component (AddParameter): Name = "ASSEMBLY"; Value = "ASSEMBLY"; VariantName = "[No Variations]"
Add component (AddParameter): Name = "DESC"; Value = "DESCRIPTION"; VariantName = "[No Variations]"
Add component (AddParameter): Name = "MANF"; Value = "Kingtronics"; VariantName = "[No Variations]"
Add component (AddParameter): Name = "MANF_P#"; Value = "M7"; VariantName = "[No Variations]"
Add component (AddParameter): Name = "PARAM"; Value = "1000V VRRM"; VariantName = "[No Variations]"
Add component (AddParameter): Name = "PARAM2"; Value = "1A"; VariantName = "[No Variations]"
Add component (AddParameter): Name = "PRICE"; Value = "PRICE"; VariantName = "[No Variations]"
Add component (AddParameter): Name = "VALUE"; Value = "1N4007"; VariantName = "[No Variations]"
Added Component: Designator=D2(D_SMA)
Add component (AddParameter): Name = "ASSEMBLY"; Value = "ASSEMBLY"; VariantName = "[No Variations]"
Add component (AddParameter): Name = "DESC"; Value = "DESCRIPTION"; VariantName = "[No Variations]"
Add component (AddParameter): Name = "MANF"; Value = "Kingtronics"; VariantName = "[No Variations]"
Add component (AddParameter): Name = "MANF_P#"; Value = "M7"; VariantName = "[No Variations]"
Add component (AddParameter): Name = "PARAM"; Value = "1000V VRRM"; VariantName = "[No Variations]"
Add component (AddParameter): Name = "PARAM2"; Value = "1A"; VariantName = "[No Variations]"
Add component (AddParameter): Name = "PRICE"; Value = "PRICE"; VariantName = "[No Variations]"
Add component (AddParameter): Name = "VALUE"; Value = "1N4007"; VariantName = "[No Variations]"
Added Component: Designator=D3(D_SMA)
Add component (AddParameter): Name = "ASSEMBLY"; Value = "ASSEMBLY"; VariantName = "[No Variations]"
Add component (AddParameter): Name = "DESC"; Value = "DESCRIPTION"; VariantName = "[No Variations]"
Add component (AddParameter): Name = "MANF"; Value = "Kingtronics"; VariantName = "[No Variations]"
Add component (AddParameter): Name = "MANF_P#"; Value = "M7"; VariantName = "[No Variations]"
Add component (AddParameter): Name = "PARAM"; Value = "1000V VRRM"; VariantName = "[No Variations]"
Add component (AddParameter): Name = "PARAM2"; Value = "1A"; VariantName = "[No Variations]"
Add component (AddParameter): Name = "PRICE"; Value = "PRICE"; VariantName = "[No Variations]"
Add component (AddParameter): Name = "VALUE"; Value = "1N4007"; VariantName = "[No Variations]"
Added Component: Designator=D4(D_SMA)
Add component (AddParameter): Name = "ASSEMBLY"; Value = "ASSEMBLY"; VariantName = "[No Variations]"
Add component (AddParameter): Name = "DESC"; Value = "DESCRIPTION"; VariantName = "[No Variations]"
Add component (AddParameter): Name = "MANF"; Value = "Kingtronics"; VariantName = "[No Variations]"
Add component (AddParameter): Name = "MANF_P#"; Value = "M7"; VariantName = "[No Variations]"
Add component (AddParameter): Name = "PARAM"; Value = "1000V VRRM"; VariantName = "[No Variations]"
Add component (AddParameter): Name = "PARAM2"; Value = "1A"; VariantName = "[No Variations]"
Add component (AddParameter): Name = "PRICE"; Value = "PRICE"; VariantName = "[No Variations]"
Add component (AddParameter): Name = "VALUE"; Value = "1N4007"; VariantName = "[No Variations]"
Added Component: Designator=D5(D_SMA)
Add component (AddParameter): Name = "ASSEMBLY"; Value = "ASSEMBLY"; VariantName = "[No Variations]"
Add component (AddParameter): Name = "DESC"; Value = "DESCRIPTION"; VariantName = "[No Variations]"
Add component (AddParameter): Name = "MANF"; Value = "Kingtronics"; VariantName = "[No Variations]"
Add component (AddParameter): Name = "MANF_P#"; Value = "M7"; VariantName = "[No Variations]"
Add component (AddParameter): Name = "PARAM"; Value = "1000V VRRM"; VariantName = "[No Variations]"
Add component (AddParameter): Name = "PARAM2"; Value = "1A"; VariantName = "[No Variations]"
Add component (AddParameter): Name = "PRICE"; Value = "PRICE"; VariantName = "[No Variations]"
Add component (AddParameter): Name = "VALUE"; Value = "1N4007"; VariantName = "[No Variations]"
Added Component: Designator=D6(D_SMA)
Add component (AddParameter): Name = "ASSEMBLY"; Value = "ASSEMBLY"; VariantName = "[No Variations]"
Add component (AddParameter): Name = "DESC"; Value = "DESCRIPTION"; VariantName = "[No Variations]"
Add component (AddParameter): Name = "MANF"; Value = "Kingtronics"; VariantName = "[No Variations]"
Add component (AddParameter): Name = "MANF_P#"; Value = "M7"; VariantName = "[No Variations]"
Add component (AddParameter): Name = "PARAM"; Value = "1000V VRRM"; VariantName = "[No Variations]"
Add component (AddParameter): Name = "PARAM2"; Value = "1A"; VariantName = "[No Variations]"
Add component (AddParameter): Name = "PRICE"; Value = "PRICE"; VariantName = "[No Variations]"
Add component (AddParameter): Name = "VALUE"; Value = "1N4007"; VariantName = "[No Variations]"
Added Component: Designator=D7(LED0805BLU)
Add component (AddParameter): Name = "ASSEMBLY"; Value = "ASSEMBLY"; VariantName = "[No Variations]"
Add component (AddParameter): Name = "DESC"; Value = "DESCRIPTION"; VariantName = "[No Variations]"
Add component (AddParameter): Name = "MANF"; Value = "MANF"; VariantName = "[No Variations]"
Add component (AddParameter): Name = "MANF_P#"; Value = "MANF_PART#"; VariantName = "[No Variations]"
Add component (AddParameter): Name = "PARAM"; Value = ""; VariantName = "[No Variations]"
Add component (AddParameter): Name = "PARAM2"; Value = "2.2V"; VariantName = "[No Variations]"
Add component (AddParameter): Name = "PRICE"; Value = "36t@Javan"; VariantName = "[No Variations]"
Add component (AddParameter): Name = "VALUE"; Value = "LED805BLU"; VariantName = "[No Variations]"
Added Component: Designator=GND1(TPSMD_S1)
Add component (AddParameter): Name = "MANF"; Value = "MANF"; VariantName = "[No Variations]"
Add component (AddParameter): Name = "MANF_P#"; Value = "MANF_P#"; VariantName = "[No Variations]"
Add component (AddParameter): Name = "VALUE"; Value = "VALUE"; VariantName = "[No Variations]"
Added Component: Designator=J1(TBG_2)
Add component (AddParameter): Name = "ASSEMBLY"; Value = ""; VariantName = "[No Variations]"
Add component (AddParameter): Name = "DESC"; Value = ""; VariantName = "[No Variations]"
Add component (AddParameter): Name = "DIST#"; Value = ""; VariantName = "[No Variations]"
Add component (AddParameter): Name = "MANF"; Value = ""; VariantName = "[No Variations]"
Add component (AddParameter): Name = "MANF_P#"; Value = ""; VariantName = "[No Variations]"
Add component (AddParameter): Name = "PARAM"; Value = ""; VariantName = "[No Variations]"
Add component (AddParameter): Name = "PARAM2"; Value = ""; VariantName = "[No Variations]"
Add component (AddParameter): Name = "PRICE"; Value = ""; VariantName = "[No Variations]"
Add component (AddParameter): Name = "VALUE"; Value = "CONN_TB2"; VariantName = "[No Variations]"
Added Component: Designator=J2(TBG_2)
Add component (AddParameter): Name = "ASSEMBLY"; Value = ""; VariantName = "[No Variations]"
Add component (AddParameter): Name = "DESC"; Value = ""; VariantName = "[No Variations]"
Add component (AddParameter): Name = "DIST#"; Value = ""; VariantName = "[No Variations]"
Add component (AddParameter): Name = "MANF"; Value = ""; VariantName = "[No Variations]"
Add component (AddParameter): Name = "MANF_P#"; Value = ""; VariantName = "[No Variations]"
Add component (AddParameter): Name = "PARAM"; Value = ""; VariantName = "[No Variations]"
Add component (AddParameter): Name = "PARAM2"; Value = ""; VariantName = "[No Variations]"
Add component (AddParameter): Name = "PRICE"; Value = ""; VariantName = "[No Variations]"
Add component (AddParameter): Name = "VALUE"; Value = "CONN_TB2"; VariantName = "[No Variations]"
Added Component: Designator=J3(TBG_2)
Add component (AddParameter): Name = "ASSEMBLY"; Value = ""; VariantName = "[No Variations]"
Add component (AddParameter): Name = "DESC"; Value = ""; VariantName = "[No Variations]"
Add component (AddParameter): Name = "DIST#"; Value = ""; VariantName = "[No Variations]"
Add component (AddParameter): Name = "MANF"; Value = ""; VariantName = "[No Variations]"
Add component (AddParameter): Name = "MANF_P#"; Value = ""; VariantName = "[No Variations]"
Add component (AddParameter): Name = "PARAM"; Value = ""; VariantName = "[No Variations]"
Add component (AddParameter): Name = "PARAM2"; Value = ""; VariantName = "[No Variations]"
Add component (AddParameter): Name = "PRICE"; Value = ""; VariantName = "[No Variations]"
Add component (AddParameter): Name = "VALUE"; Value = "CONN_TB2"; VariantName = "[No Variations]"
Added Component: Designator=K1(REL_SPDT_5_1512)
Add component (AddParameter): Name = "MANF"; Value = "OMRON"; VariantName = "[No Variations]"
Add component (AddParameter): Name = "MANF_P#"; Value = "G8QN"; VariantName = "[No Variations]"
Add component (AddParameter): Name = "PARAM"; Value = "12V, 50mA"; VariantName = "[No Variations]"
Add component (AddParameter): Name = "PARAM2"; Value = "16VDC, 30A"; VariantName = "[No Variations]"
Add component (AddParameter): Name = "PRICE"; Value = "PRICE"; VariantName = "[No Variations]"
Add component (AddParameter): Name = "Value"; Value = "RELAY_SPDT"; VariantName = "[No Variations]"
Added Component: Designator=K2(REL_SPDT_5_1512)
Add component (AddParameter): Name = "MANF"; Value = "OMRON"; VariantName = "[No Variations]"
Add component (AddParameter): Name = "MANF_P#"; Value = "G8QN"; VariantName = "[No Variations]"
Add component (AddParameter): Name = "PARAM"; Value = "12V, 50mA"; VariantName = "[No Variations]"
Add component (AddParameter): Name = "PARAM2"; Value = "16VDC, 30A"; VariantName = "[No Variations]"
Add component (AddParameter): Name = "PRICE"; Value = "PRICE"; VariantName = "[No Variations]"
Add component (AddParameter): Name = "Value"; Value = "RELAY_SPDT"; VariantName = "[No Variations]"
Added Component: Designator=L1(L0603)
Add component (AddParameter): Name = "ASSEMBLY"; Value = ""; VariantName = "[No Variations]"
Add component (AddParameter): Name = "DESC"; Value = ""; VariantName = "[No Variations]"
Add component (AddParameter): Name = "DIST#"; Value = ""; VariantName = "[No Variations]"
Add component (AddParameter): Name = "MANF"; Value = ""; VariantName = "[No Variations]"
Add component (AddParameter): Name = "MANF_P#"; Value = ""; VariantName = "[No Variations]"
Add component (AddParameter): Name = "PARAM"; Value = ""; VariantName = "[No Variations]"
Add component (AddParameter): Name = "PARAM2"; Value = ""; VariantName = "[No Variations]"
Add component (AddParameter): Name = "PRICE"; Value = ""; VariantName = "[No Variations]"
Add component (AddParameter): Name = "VALUE"; Value = "2nH"; VariantName = "[No Variations]"
Added Component: Designator=L2(L0603)
Add component (AddParameter): Name = "ASSEMBLY"; Value = ""; VariantName = "[No Variations]"
Add component (AddParameter): Name = "DESC"; Value = ""; VariantName = "[No Variations]"
Add component (AddParameter): Name = "DIST#"; Value = ""; VariantName = "[No Variations]"
Add component (AddParameter): Name = "MANF"; Value = ""; VariantName = "[No Variations]"
Add component (AddParameter): Name = "MANF_P#"; Value = ""; VariantName = "[No Variations]"
Add component (AddParameter): Name = "PARAM"; Value = ""; VariantName = "[No Variations]"
Add component (AddParameter): Name = "PARAM2"; Value = ""; VariantName = "[No Variations]"
Add component (AddParameter): Name = "PRICE"; Value = ""; VariantName = "[No Variations]"
Add component (AddParameter): Name = "VALUE"; Value = "TBD"; VariantName = "[No Variations]"
Added Component: Designator=PR_RXD1(TPSMD_S1)
Add component (AddParameter): Name = "MANF"; Value = "MANF"; VariantName = "[No Variations]"
Add component (AddParameter): Name = "MANF_P#"; Value = "MANF_P#"; VariantName = "[No Variations]"
Add component (AddParameter): Name = "VALUE"; Value = "VALUE"; VariantName = "[No Variations]"
Added Component: Designator=PR_TXD1(TPSMD_S1)
Add component (AddParameter): Name = "MANF"; Value = "MANF"; VariantName = "[No Variations]"
Add component (AddParameter): Name = "MANF_P#"; Value = "MANF_P#"; VariantName = "[No Variations]"
Add component (AddParameter): Name = "VALUE"; Value = "VALUE"; VariantName = "[No Variations]"
Added Component: Designator=Q1(TO92_3)
Add component (AddParameter): Name = "ASSEMBLY"; Value = ""; VariantName = "[No Variations]"
Add component (AddParameter): Name = "DESC"; Value = ""; VariantName = "[No Variations]"
Add component (AddParameter): Name = "MANF"; Value = "FAIRCHILD"; VariantName = "[No Variations]"
Add component (AddParameter): Name = "MANF_P#"; Value = "BC547"; VariantName = "[No Variations]"
Add component (AddParameter): Name = "PARAM"; Value = "0.1A, Hfe110~800"; VariantName = "[No Variations]"
Add component (AddParameter): Name = "PARAM2"; Value = "45v, 500mW"; VariantName = "[No Variations]"
Add component (AddParameter): Name = "PRICE"; Value = ""; VariantName = "[No Variations]"
Add component (AddParameter): Name = "VALUE"; Value = "BC547"; VariantName = "[No Variations]"
Added Component: Designator=Q2(TO92_3)
Add component (AddParameter): Name = "ASSEMBLY"; Value = ""; VariantName = "[No Variations]"
Add component (AddParameter): Name = "DESC"; Value = ""; VariantName = "[No Variations]"
Add component (AddParameter): Name = "MANF"; Value = "FAIRCHILD"; VariantName = "[No Variations]"
Add component (AddParameter): Name = "MANF_P#"; Value = "BC547"; VariantName = "[No Variations]"
Add component (AddParameter): Name = "PARAM"; Value = "0.1A, Hfe110~800"; VariantName = "[No Variations]"
Add component (AddParameter): Name = "PARAM2"; Value = "45v, 500mW"; VariantName = "[No Variations]"
Add component (AddParameter): Name = "PRICE"; Value = ""; VariantName = "[No Variations]"
Add component (AddParameter): Name = "VALUE"; Value = "BC547"; VariantName = "[No Variations]"
Added Component: Designator=R1(R0603)
Add component (AddParameter): Name = "ASSEMBLY"; Value = "ASSEMBLY"; VariantName = "[No Variations]"
Add component (AddParameter): Name = "DESC"; Value = "DESCRIPTION"; VariantName = "[No Variations]"
Add component (AddParameter): Name = "DIST#"; Value = "MOUSER"; VariantName = "[No Variations]"
Add component (AddParameter): Name = "MANF"; Value = "-"; VariantName = "[No Variations]"
Add component (AddParameter): Name = "MANF_P#"; Value = "-"; VariantName = "[No Variations]"
Add component (AddParameter): Name = "PARAM"; Value = "-W"; VariantName = "[No Variations]"
Add component (AddParameter): Name = "PARAM2"; Value = "1%"; VariantName = "[No Variations]"
Add component (AddParameter): Name = "PRICE"; Value = "100= 0.5$"; VariantName = "[No Variations]"
Add component (AddParameter): Name = "VALUE"; Value = "20K"; VariantName = "[No Variations]"
Added Component: Designator=R2(R0603)
Add component (AddParameter): Name = "ASSEMBLY"; Value = "ASSEMBLY"; VariantName = "[No Variations]"
Add component (AddParameter): Name = "DESC"; Value = "DESCRIPTION"; VariantName = "[No Variations]"
Add component (AddParameter): Name = "DIST#"; Value = "MOUSER"; VariantName = "[No Variations]"
Add component (AddParameter): Name = "MANF"; Value = "-"; VariantName = "[No Variations]"
Add component (AddParameter): Name = "MANF_P#"; Value = "-"; VariantName = "[No Variations]"
Add component (AddParameter): Name = "PARAM"; Value = "-W"; VariantName = "[No Variations]"
Add component (AddParameter): Name = "PARAM2"; Value = "1%"; VariantName = "[No Variations]"
Add component (AddParameter): Name = "PRICE"; Value = "100= 0.5$"; VariantName = "[No Variations]"
Add component (AddParameter): Name = "VALUE"; Value = "1K"; VariantName = "[No Variations]"
Added Component: Designator=R3(R0603)
Add component (AddParameter): Name = "ASSEMBLY"; Value = "ASSEMBLY"; VariantName = "[No Variations]"
Add component (AddParameter): Name = "DESC"; Value = "DESCRIPTION"; VariantName = "[No Variations]"
Add component (AddParameter): Name = "DIST#"; Value = "MOUSER"; VariantName = "[No Variations]"
Add component (AddParameter): Name = "MANF"; Value = "-"; VariantName = "[No Variations]"
Add component (AddParameter): Name = "MANF_P#"; Value = "-"; VariantName = "[No Variations]"
Add component (AddParameter): Name = "PARAM"; Value = "-W"; VariantName = "[No Variations]"
Add component (AddParameter): Name = "PARAM2"; Value = "1%"; VariantName = "[No Variations]"
Add component (AddParameter): Name = "PRICE"; Value = "100= 0.5$"; VariantName = "[No Variations]"
Add component (AddParameter): Name = "VALUE"; Value = "499"; VariantName = "[No Variations]"
Added Component: Designator=R4(R0603)
Add component (AddParameter): Name = "ASSEMBLY"; Value = "ASSEMBLY"; VariantName = "[No Variations]"
Add component (AddParameter): Name = "DESC"; Value = "DESCRIPTION"; VariantName = "[No Variations]"
Add component (AddParameter): Name = "DIST#"; Value = "MOUSER"; VariantName = "[No Variations]"
Add component (AddParameter): Name = "MANF"; Value = "-"; VariantName = "[No Variations]"
Add component (AddParameter): Name = "MANF_P#"; Value = "-"; VariantName = "[No Variations]"
Add component (AddParameter): Name = "PARAM"; Value = "-W"; VariantName = "[No Variations]"
Add component (AddParameter): Name = "PARAM2"; Value = "1%"; VariantName = "[No Variations]"
Add component (AddParameter): Name = "PRICE"; Value = "100= 0.5$"; VariantName = "[No Variations]"
Add component (AddParameter): Name = "VALUE"; Value = "1K"; VariantName = "[No Variations]"
Added Component: Designator=R5(R0603)
Add component (AddParameter): Name = "ASSEMBLY"; Value = "ASSEMBLY"; VariantName = "[No Variations]"
Add component (AddParameter): Name = "DESC"; Value = "DESCRIPTION"; VariantName = "[No Variations]"
Add component (AddParameter): Name = "DIST#"; Value = "MOUSER"; VariantName = "[No Variations]"
Add component (AddParameter): Name = "MANF"; Value = "-"; VariantName = "[No Variations]"
Add component (AddParameter): Name = "MANF_P#"; Value = "-"; VariantName = "[No Variations]"
Add component (AddParameter): Name = "PARAM"; Value = "-W"; VariantName = "[No Variations]"
Add component (AddParameter): Name = "PARAM2"; Value = "1%"; VariantName = "[No Variations]"
Add component (AddParameter): Name = "PRICE"; Value = "100= 0.5$"; VariantName = "[No Variations]"
Add component (AddParameter): Name = "VALUE"; Value = "10K"; VariantName = "[No Variations]"
Added Component: Designator=U1(QFN35P500X500X90-49N)
Add component (AddParameter): Name = "Availability"; Value = "Unavailable"; VariantName = "[No Variations]"
Add component (AddParameter): Name = "MF"; Value = "{'manufacturer': u'Espressif Systems'}"; VariantName = "[No Variations]"
Add component (AddParameter): Name = "MP"; Value = "ESP32-D0WD"; VariantName = "[No Variations]"
Add component (AddParameter): Name = "Package"; Value = "None"; VariantName = "[No Variations]"
Add component (AddParameter): Name = "Price"; Value = "None"; VariantName = "[No Variations]"
Add component (AddParameter): Name = "Value"; Value = ""; VariantName = "[No Variations]"
Added Component: Designator=U2(SOIC127P600X175-8N)
Add component (AddParameter): Name = "Availability"; Value = "Unavailable"; VariantName = "[No Variations]"
Add component (AddParameter): Name = "MF"; Value = "{'manufacturer': u'GigaDevice Semiconductor (HK) Limited'}"; VariantName = "[No Variations]"
Add component (AddParameter): Name = "MP"; Value = "GD25Q32CTIGR"; VariantName = "[No Variations]"
Add component (AddParameter): Name = "Package"; Value = "None"; VariantName = "[No Variations]"
Add component (AddParameter): Name = "Price"; Value = "None"; VariantName = "[No Variations]"
Add component (AddParameter): Name = "Value"; Value = ""; VariantName = "[No Variations]"
Added Component: Designator=U3(D2PAK_2)
Add component (AddParameter): Name = "ASSEMBLY"; Value = ""; VariantName = "[No Variations]"
Add component (AddParameter): Name = "DESC"; Value = ""; VariantName = "[No Variations]"
Add component (AddParameter): Name = "MANF"; Value = "TI"; VariantName = "[No Variations]"
Add component (AddParameter): Name = "MANF_P#"; Value = "L7805CD2T"; VariantName = "[No Variations]"
Add component (AddParameter): Name = "PARAM"; Value = "0.5A"; VariantName = "[No Variations]"
Add component (AddParameter): Name = "PARAM2"; Value = "7~25vIn, 5vOut"; VariantName = "[No Variations]"
Add component (AddParameter): Name = "PRICE"; Value = ""; VariantName = "[No Variations]"
Add component (AddParameter): Name = "VALUE"; Value = "7805"; VariantName = "[No Variations]"
Added Component: Designator=U4(SOT223_4)
Add component (AddParameter): Name = "VALUE"; Value = "AMS1117"; VariantName = "[No Variations]"
Added Component: Designator=X1(XTL_2_11X5)
Add component (AddParameter): Name = "ASSEMBLY"; Value = ""; VariantName = "[No Variations]"
Add component (AddParameter): Name = "DESC"; Value = ""; VariantName = "[No Variations]"
Add component (AddParameter): Name = "DIST#"; Value = ""; VariantName = "[No Variations]"
Add component (AddParameter): Name = "MANF"; Value = ""; VariantName = "[No Variations]"
Add component (AddParameter): Name = "MANF_P#"; Value = ""; VariantName = "[No Variations]"
Add component (AddParameter): Name = "PARAM"; Value = ""; VariantName = "[No Variations]"
Add component (AddParameter): Name = "PARAM2"; Value = ""; VariantName = "[No Variations]"
Add component (AddParameter): Name = "PRICE"; Value = ""; VariantName = "[No Variations]"
Add component (AddParameter): Name = "VALUE"; Value = "XTL_26MHz"; VariantName = "[No Variations]"
Added Pin To Net: NetName=GND Pin=ANT1-2
Added Pin To Net: NetName=GND Pin=C1-1
Added Pin To Net: NetName=+3V3 Pin=C1-2
Added Pin To Net: NetName=GND Pin=C2-1
Added Pin To Net: NetName=+3V3 Pin=C2-2
Added Pin To Net: NetName=GND Pin=C3-1
Added Pin To Net: NetName=+3V3 Pin=C3-2
Added Pin To Net: NetName=GND Pin=C5-1
Added Pin To Net: NetName=+3V3 Pin=C5-2
Added Pin To Net: NetName=GND Pin=C6-1
Added Pin To Net: NetName=+3V3 Pin=C6-2
Added Pin To Net: NetName=GND Pin=C7-1
Added Pin To Net: NetName=+3V3 Pin=C7-2
Added Pin To Net: NetName=GND Pin=C8-2
Added Pin To Net: NetName=GND Pin=C9-1
Added Pin To Net: NetName=GND Pin=C10-2
Added Pin To Net: NetName=GND Pin=C11-1
Added Pin To Net: NetName=+3V3 Pin=C11-2
Added Pin To Net: NetName=GND Pin=C12-1
Added Pin To Net: NetName=+3V3 Pin=C12-2
Added Pin To Net: NetName=GND Pin=C13-2
Added Pin To Net: NetName=GND Pin=C14-1
Added Pin To Net: NetName=GND Pin=C15-1
Added Pin To Net: NetName=GND Pin=C16-2
Added Pin To Net: NetName=GND Pin=C17-2
Added Pin To Net: NetName=GND Pin=C18-1
Added Pin To Net: NetName=+3V3 Pin=C19-1
Added Pin To Net: NetName=GND Pin=C19-2
Added Pin To Net: NetName=+3V3 Pin=C20-1
Added Pin To Net: NetName=GND Pin=C20-2
Added Pin To Net: NetName=GND Pin=C21-2
Added Pin To Net: NetName=GND Pin=C22-2
Added Pin To Net: NetName=GND Pin=D3-1
Added Pin To Net: NetName=GND Pin=D5-1
Added Pin To Net: NetName=GND Pin=D7-2
Added Pin To Net: NetName=GND Pin=GND1-1
Added Pin To Net: NetName=NetJ1_1 Pin=J1-1
Added Pin To Net: NetName=NetJ2_1 Pin=J2-1
Added Pin To Net: NetName=NetJ1_1 Pin=K1-1
Added Pin To Net: NetName=NetJ2_1 Pin=K2-1
Added Pin To Net: NetName=+3V3 Pin=L1-2
Added Pin To Net: NetName=GND Pin=Q1-3
Added Pin To Net: NetName=GND Pin=Q2-3
Added Pin To Net: NetName=+3V3 Pin=R5-1
Added Pin To Net: NetName=+3V3 Pin=U1-1
Added Pin To Net: NetName=+3V3 Pin=U1-19
Added Pin To Net: NetName=+3V3 Pin=U1-37
Added Pin To Net: NetName=+3V3 Pin=U1-43
Added Pin To Net: NetName=+3V3 Pin=U1-46
Added Pin To Net: NetName=GND Pin=U1-49
Added Pin To Net: NetName=GND Pin=U2-4
Added Pin To Net: NetName=GND Pin=U3-4
Added Pin To Net: NetName=GND Pin=U4-1
Added Pin To Net: NetName=+3V3 Pin=U4-2
Added Pin To Net: NetName=+3V3 Pin=U4-4
Added Pin To Net: NetName=+5V0 Pin=C18-2
Added Pin To Net: NetName=+5V0 Pin=C21-1
Added Pin To Net: NetName=+5V0 Pin=C22-1
Added Pin To Net: NetName=+5V0 Pin=D1-2
Added Pin To Net: NetName=+5V0 Pin=D2-2
Added Pin To Net: NetName=+5V0 Pin=K1-4
Added Pin To Net: NetName=+5V0 Pin=K2-4
Added Pin To Net: NetName=+5V0 Pin=U3-3
Added Pin To Net: NetName=+5V0 Pin=U4-3
Added Net: Name=+5V0
Added Pin To Net: NetName=NetANT1_1 Pin=ANT1-1
Added Pin To Net: NetName=NetANT1_1 Pin=C14-2
Added Pin To Net: NetName=NetANT1_1 Pin=L2-1
Added Net: Name=NetANT1_1
Added Pin To Net: NetName=NetC4_1 Pin=C4-1
Added Pin To Net: NetName=NetC4_1 Pin=C8-1
Added Pin To Net: NetName=NetC4_1 Pin=R1-1
Added Pin To Net: NetName=NetC4_1 Pin=U1-48
Added Net: Name=NetC4_1
Added Pin To Net: NetName=NetC4_2 Pin=C4-2
Added Pin To Net: NetName=NetC4_2 Pin=R1-2
Added Pin To Net: NetName=NetC4_2 Pin=U1-47
Added Net: Name=NetC4_2
Added Pin To Net: NetName=NetC10_1 Pin=C10-1
Added Pin To Net: NetName=NetC10_1 Pin=U1-44
Added Pin To Net: NetName=NetC10_1 Pin=X1-2
Added Net: Name=NetC10_1
Added Pin To Net: NetName=NetC13_1 Pin=C13-1
Added Pin To Net: NetName=NetC13_1 Pin=U1-45
Added Pin To Net: NetName=NetC13_1 Pin=X1-1
Added Net: Name=NetC13_1
Added Pin To Net: NetName=NetC15_2 Pin=C15-2
Added Pin To Net: NetName=NetC15_2 Pin=L2-2
Added Pin To Net: NetName=NetC15_2 Pin=U1-2
Added Net: Name=NetC15_2
Added Pin To Net: NetName=NetC16_1 Pin=C16-1
Added Pin To Net: NetName=NetC16_1 Pin=C17-1
Added Pin To Net: NetName=NetC16_1 Pin=D4-2
Added Pin To Net: NetName=NetC16_1 Pin=D6-2
Added Pin To Net: NetName=NetC16_1 Pin=U3-1
Added Net: Name=NetC16_1
Added Pin To Net: NetName=NetD1_1 Pin=D1-1
Added Pin To Net: NetName=NetD1_1 Pin=K1-5
Added Pin To Net: NetName=NetD1_1 Pin=Q1-1
Added Net: Name=NetD1_1
Added Pin To Net: NetName=NetD2_1 Pin=D2-1
Added Pin To Net: NetName=NetD2_1 Pin=K2-5
Added Pin To Net: NetName=NetD2_1 Pin=Q2-1
Added Net: Name=NetD2_1
Added Pin To Net: NetName=NetD7_1 Pin=D7-1
Added Pin To Net: NetName=NetD7_1 Pin=R5-2
Added Net: Name=NetD7_1
Added Pin To Net: NetName=NetL1_1 Pin=L1-1
Added Pin To Net: NetName=NetL1_1 Pin=U1-3
Added Pin To Net: NetName=NetL1_1 Pin=U1-4
Added Net: Name=NetL1_1
Added Pin To Net: NetName=NetPR_RXD1_1 Pin=PR_RXD1-1
Added Pin To Net: NetName=NetPR_RXD1_1 Pin=U1-40
Added Net: Name=NetPR_RXD1_1
Added Pin To Net: NetName=NetPR_TXD1_1 Pin=PR_TXD1-1
Added Pin To Net: NetName=NetPR_TXD1_1 Pin=R3-2
Added Net: Name=NetPR_TXD1_1
Added Pin To Net: NetName=NetQ1_2 Pin=Q1-2
Added Pin To Net: NetName=NetQ1_2 Pin=R2-1
Added Net: Name=NetQ1_2
Added Pin To Net: NetName=NetQ2_2 Pin=Q2-2
Added Pin To Net: NetName=NetQ2_2 Pin=R4-1
Added Net: Name=NetQ2_2
Added Pin To Net: NetName=NetR3_1 Pin=R3-1
Added Pin To Net: NetName=NetR3_1 Pin=U1-41
Added Net: Name=NetR3_1
Added Pin To Net: NetName=Null Pin=D5-2
Added Pin To Net: NetName=Null Pin=D6-1
Added Pin To Net: NetName=Null Pin=J1-2
Added Pin To Net: NetName=Null Pin=J2-2
Added Pin To Net: NetName=Null Pin=J3-1
Added Net: Name=Null
Added Pin To Net: NetName=Phase Pin=D3-2
Added Pin To Net: NetName=Phase Pin=D4-1
Added Pin To Net: NetName=Phase Pin=J3-2
Added Pin To Net: NetName=Phase Pin=K1-3
Added Pin To Net: NetName=Phase Pin=K2-3
Added Net: Name=Phase
Added Pin To Net: NetName=Relay_1 Pin=R2-2
Added Pin To Net: NetName=Relay_1 Pin=U1-23
Added Net: Name=Relay_1
Added Pin To Net: NetName=Relay_2 Pin=R4-2
Added Pin To Net: NetName=Relay_2 Pin=U1-22
Added Net: Name=Relay_2
Added Pin To Net: NetName=SCK/CLK Pin=U1-31
Added Pin To Net: NetName=SCK/CLK Pin=U2-6
Added Net: Name=SCK/CLK
Added Pin To Net: NetName=SCS/CMD Pin=U1-30
Added Pin To Net: NetName=SCS/CMD Pin=U2-1
Added Net: Name=SCS/CMD
Added Pin To Net: NetName=SD1/SD1 Pin=U2-5
Added Net: Name=SD1/SD1
Added Pin To Net: NetName=SDO/SD0 Pin=U2-2
Added Net: Name=SDO/SD0
Added Pin To Net: NetName=SDO/SD1 Pin=U1-32
Added Pin To Net: NetName=SDO/SD1 Pin=U1-33
Added Net: Name=SDO/SD1
Added Pin To Net: NetName=SHD/SD2 Pin=U1-28
Added Pin To Net: NetName=SHD/SD2 Pin=U2-7
Added Net: Name=SHD/SD2
Added Pin To Net: NetName=SHD/SD3 Pin=U1-29
Added Net: Name=SHD/SD3
Added Pin To Net: NetName=SWP/SD3 Pin=U2-3
Added Net: Name=SWP/SD3
Added Pin To Net: NetName=VDD_SDIO Pin=C9-2
Added Pin To Net: NetName=VDD_SDIO Pin=U1-26
Added Pin To Net: NetName=VDD_SDIO Pin=U2-8
Added Net: Name=VDD_SDIO
Added Class: Name=SmartKey
