Added Component: Designator=R2(POT_7X5)
Add component (AddParameter): Name = "ASSEMBLY"; Value = ""; VariantName = "[No Variations]"
Add component (AddParameter): Name = "DESC"; Value = ""; VariantName = "[No Variations]"
Add component (AddParameter): Name = "DIST#"; Value = ""; VariantName = "[No Variations]"
Add component (AddParameter): Name = "MANF"; Value = ""; VariantName = "[No Variations]"
Add component (AddParameter): Name = "MANF_P#"; Value = ""; VariantName = "[No Variations]"
Add component (AddParameter): Name = "PARAM"; Value = ""; VariantName = "[No Variations]"
Add component (AddParameter): Name = "PARAM2"; Value = ""; VariantName = "[No Variations]"
Add component (AddParameter): Name = "PRICE"; Value = ""; VariantName = "[No Variations]"
Add component (AddParameter): Name = "VALUE"; Value = "POT10K"; VariantName = "[No Variations]"
Added Component: Designator=R15(R0805)
Add component (AddParameter): Name = "ASSEMBLY"; Value = "ASSEMBLY"; VariantName = "[No Variations]"
Add component (AddParameter): Name = "DESC"; Value = "DESCRIPTION"; VariantName = "[No Variations]"
Add component (AddParameter): Name = "DIST#"; Value = "MOUSER"; VariantName = "[No Variations]"
Add component (AddParameter): Name = "MANF"; Value = "-"; VariantName = "[No Variations]"
Add component (AddParameter): Name = "MANF_P#"; Value = "-"; VariantName = "[No Variations]"
Add component (AddParameter): Name = "PARAM"; Value = "-W"; VariantName = "[No Variations]"
Add component (AddParameter): Name = "PARAM2"; Value = "1%"; VariantName = "[No Variations]"
Add component (AddParameter): Name = "PRICE"; Value = "100= 0.5$"; VariantName = "[No Variations]"
Add component (AddParameter): Name = "VALUE"; Value = "1K"; VariantName = "[No Variations]"
Added Pin To Net: NetName=+5V0 Pin=R2-1
Added Pin To Net: NetName=NetR2_2 Pin=R2-2
Added Pin To Net: NetName=GND Pin=R2-3
Added Pin To Net: NetName=+5V0 Pin=R15-1
Added Pin To Net: NetName=NetR15_2 Pin=R15-2
Added Member To Class: ClassName=MetalDetector Member=Component R2 POT10K
Added Member To Class: ClassName=MetalDetector Member=Component R15 1K
