Added Component: Designator=C1(C0805)
Add component (AddParameter): Name = "ASSEMBLY"; Value = "ASSEMBLY"; VariantName = "[No Variations]"
Add component (AddParameter): Name = "DESC"; Value = ""; VariantName = "[No Variations]"
Add component (AddParameter): Name = "DIST#"; Value = ""; VariantName = "[No Variations]"
Add component (AddParameter): Name = "MANF"; Value = "-"; VariantName = "[No Variations]"
Add component (AddParameter): Name = "MANF_P#"; Value = "MANF_PART#"; VariantName = "[No Variations]"
Add component (AddParameter): Name = "PARAM"; Value = "-, -%"; VariantName = "[No Variations]"
Add component (AddParameter): Name = "PARAM2"; Value = "-V"; VariantName = "[No Variations]"
Add component (AddParameter): Name = "PRICE"; Value = "100= 1$"; VariantName = "[No Variations]"
Add component (AddParameter): Name = "VALUE"; Value = "100nF"; VariantName = "[No Variations]"
Added Component: Designator=C2(C0805)
Add component (AddParameter): Name = "ASSEMBLY"; Value = "ASSEMBLY"; VariantName = "[No Variations]"
Add component (AddParameter): Name = "DESC"; Value = ""; VariantName = "[No Variations]"
Add component (AddParameter): Name = "DIST#"; Value = ""; VariantName = "[No Variations]"
Add component (AddParameter): Name = "MANF"; Value = "-"; VariantName = "[No Variations]"
Add component (AddParameter): Name = "MANF_P#"; Value = "MANF_PART#"; VariantName = "[No Variations]"
Add component (AddParameter): Name = "PARAM"; Value = "-, -%"; VariantName = "[No Variations]"
Add component (AddParameter): Name = "PARAM2"; Value = "-V"; VariantName = "[No Variations]"
Add component (AddParameter): Name = "PRICE"; Value = "100= 1$"; VariantName = "[No Variations]"
Add component (AddParameter): Name = "VALUE"; Value = "100nF"; VariantName = "[No Variations]"
Added Component: Designator=C3(C0805)
Add component (AddParameter): Name = "ASSEMBLY"; Value = "ASSEMBLY"; VariantName = "[No Variations]"
Add component (AddParameter): Name = "DESC"; Value = ""; VariantName = "[No Variations]"
Add component (AddParameter): Name = "DIST#"; Value = ""; VariantName = "[No Variations]"
Add component (AddParameter): Name = "MANF"; Value = "-"; VariantName = "[No Variations]"
Add component (AddParameter): Name = "MANF_P#"; Value = "MANF_PART#"; VariantName = "[No Variations]"
Add component (AddParameter): Name = "PARAM"; Value = "-, -%"; VariantName = "[No Variations]"
Add component (AddParameter): Name = "PARAM2"; Value = "-V"; VariantName = "[No Variations]"
Add component (AddParameter): Name = "PRICE"; Value = "100= 1$"; VariantName = "[No Variations]"
Add component (AddParameter): Name = "VALUE"; Value = "100nF"; VariantName = "[No Variations]"
Added Component: Designator=C4(C0805)
Add component (AddParameter): Name = "ASSEMBLY"; Value = "ASSEMBLY"; VariantName = "[No Variations]"
Add component (AddParameter): Name = "DESC"; Value = ""; VariantName = "[No Variations]"
Add component (AddParameter): Name = "DIST#"; Value = ""; VariantName = "[No Variations]"
Add component (AddParameter): Name = "MANF"; Value = "-"; VariantName = "[No Variations]"
Add component (AddParameter): Name = "MANF_P#"; Value = "MANF_PART#"; VariantName = "[No Variations]"
Add component (AddParameter): Name = "PARAM"; Value = "-, -%"; VariantName = "[No Variations]"
Add component (AddParameter): Name = "PARAM2"; Value = "-V"; VariantName = "[No Variations]"
Add component (AddParameter): Name = "PRICE"; Value = "100= 1$"; VariantName = "[No Variations]"
Add component (AddParameter): Name = "VALUE"; Value = "10uF"; VariantName = "[No Variations]"
Added Component: Designator=C5(C0805)
Add component (AddParameter): Name = "ASSEMBLY"; Value = "ASSEMBLY"; VariantName = "[No Variations]"
Add component (AddParameter): Name = "DESC"; Value = ""; VariantName = "[No Variations]"
Add component (AddParameter): Name = "DIST#"; Value = ""; VariantName = "[No Variations]"
Add component (AddParameter): Name = "MANF"; Value = "-"; VariantName = "[No Variations]"
Add component (AddParameter): Name = "MANF_P#"; Value = "MANF_PART#"; VariantName = "[No Variations]"
Add component (AddParameter): Name = "PARAM"; Value = "-, -%"; VariantName = "[No Variations]"
Add component (AddParameter): Name = "PARAM2"; Value = "-V"; VariantName = "[No Variations]"
Add component (AddParameter): Name = "PRICE"; Value = "100= 1$"; VariantName = "[No Variations]"
Add component (AddParameter): Name = "VALUE"; Value = "100nF"; VariantName = "[No Variations]"
Added Component: Designator=C6(C0805)
Add component (AddParameter): Name = "ASSEMBLY"; Value = "ASSEMBLY"; VariantName = "[No Variations]"
Add component (AddParameter): Name = "DESC"; Value = ""; VariantName = "[No Variations]"
Add component (AddParameter): Name = "DIST#"; Value = ""; VariantName = "[No Variations]"
Add component (AddParameter): Name = "MANF"; Value = "-"; VariantName = "[No Variations]"
Add component (AddParameter): Name = "MANF_P#"; Value = "MANF_PART#"; VariantName = "[No Variations]"
Add component (AddParameter): Name = "PARAM"; Value = "-, -%"; VariantName = "[No Variations]"
Add component (AddParameter): Name = "PARAM2"; Value = "-V"; VariantName = "[No Variations]"
Add component (AddParameter): Name = "PRICE"; Value = "100= 1$"; VariantName = "[No Variations]"
Add component (AddParameter): Name = "VALUE"; Value = "100nF"; VariantName = "[No Variations]"
Added Component: Designator=C7(C0805)
Add component (AddParameter): Name = "ASSEMBLY"; Value = "ASSEMBLY"; VariantName = "[No Variations]"
Add component (AddParameter): Name = "DESC"; Value = ""; VariantName = "[No Variations]"
Add component (AddParameter): Name = "DIST#"; Value = ""; VariantName = "[No Variations]"
Add component (AddParameter): Name = "MANF"; Value = "-"; VariantName = "[No Variations]"
Add component (AddParameter): Name = "MANF_P#"; Value = "MANF_PART#"; VariantName = "[No Variations]"
Add component (AddParameter): Name = "PARAM"; Value = "-, -%"; VariantName = "[No Variations]"
Add component (AddParameter): Name = "PARAM2"; Value = "-V"; VariantName = "[No Variations]"
Add component (AddParameter): Name = "PRICE"; Value = "100= 1$"; VariantName = "[No Variations]"
Add component (AddParameter): Name = "VALUE"; Value = "22uF"; VariantName = "[No Variations]"
Added Component: Designator=C8(C0805)
Add component (AddParameter): Name = "ASSEMBLY"; Value = "ASSEMBLY"; VariantName = "[No Variations]"
Add component (AddParameter): Name = "DESC"; Value = ""; VariantName = "[No Variations]"
Add component (AddParameter): Name = "DIST#"; Value = ""; VariantName = "[No Variations]"
Add component (AddParameter): Name = "MANF"; Value = "-"; VariantName = "[No Variations]"
Add component (AddParameter): Name = "MANF_P#"; Value = "MANF_PART#"; VariantName = "[No Variations]"
Add component (AddParameter): Name = "PARAM"; Value = "-, -%"; VariantName = "[No Variations]"
Add component (AddParameter): Name = "PARAM2"; Value = "-V"; VariantName = "[No Variations]"
Add component (AddParameter): Name = "PRICE"; Value = "100= 1$"; VariantName = "[No Variations]"
Add component (AddParameter): Name = "VALUE"; Value = "22uF"; VariantName = "[No Variations]"
Added Component: Designator=C9(C0805)
Add component (AddParameter): Name = "ASSEMBLY"; Value = "ASSEMBLY"; VariantName = "[No Variations]"
Add component (AddParameter): Name = "DESC"; Value = ""; VariantName = "[No Variations]"
Add component (AddParameter): Name = "DIST#"; Value = ""; VariantName = "[No Variations]"
Add component (AddParameter): Name = "MANF"; Value = "-"; VariantName = "[No Variations]"
Add component (AddParameter): Name = "MANF_P#"; Value = "MANF_PART#"; VariantName = "[No Variations]"
Add component (AddParameter): Name = "PARAM"; Value = "-, -%"; VariantName = "[No Variations]"
Add component (AddParameter): Name = "PARAM2"; Value = "-V"; VariantName = "[No Variations]"
Add component (AddParameter): Name = "PRICE"; Value = "100= 1$"; VariantName = "[No Variations]"
Add component (AddParameter): Name = "VALUE"; Value = "100nF"; VariantName = "[No Variations]"
Added Component: Designator=C10(C0805)
Add component (AddParameter): Name = "ASSEMBLY"; Value = "ASSEMBLY"; VariantName = "[No Variations]"
Add component (AddParameter): Name = "DESC"; Value = ""; VariantName = "[No Variations]"
Add component (AddParameter): Name = "DIST#"; Value = ""; VariantName = "[No Variations]"
Add component (AddParameter): Name = "MANF"; Value = "-"; VariantName = "[No Variations]"
Add component (AddParameter): Name = "MANF_P#"; Value = "MANF_PART#"; VariantName = "[No Variations]"
Add component (AddParameter): Name = "PARAM"; Value = "-, -%"; VariantName = "[No Variations]"
Add component (AddParameter): Name = "PARAM2"; Value = "-V"; VariantName = "[No Variations]"
Add component (AddParameter): Name = "PRICE"; Value = "100= 1$"; VariantName = "[No Variations]"
Add component (AddParameter): Name = "VALUE"; Value = "100nF"; VariantName = "[No Variations]"
Added Component: Designator=C12(C0805)
Add component (AddParameter): Name = "ASSEMBLY"; Value = "ASSEMBLY"; VariantName = "[No Variations]"
Add component (AddParameter): Name = "DESC"; Value = ""; VariantName = "[No Variations]"
Add component (AddParameter): Name = "DIST#"; Value = ""; VariantName = "[No Variations]"
Add component (AddParameter): Name = "MANF"; Value = "-"; VariantName = "[No Variations]"
Add component (AddParameter): Name = "MANF_P#"; Value = "MANF_PART#"; VariantName = "[No Variations]"
Add component (AddParameter): Name = "PARAM"; Value = "-, -%"; VariantName = "[No Variations]"
Add component (AddParameter): Name = "PARAM2"; Value = "-V"; VariantName = "[No Variations]"
Add component (AddParameter): Name = "PRICE"; Value = "100= 1$"; VariantName = "[No Variations]"
Add component (AddParameter): Name = "VALUE"; Value = "100nF"; VariantName = "[No Variations]"
Added Component: Designator=C13(C0805)
Add component (AddParameter): Name = "ASSEMBLY"; Value = "ASSEMBLY"; VariantName = "[No Variations]"
Add component (AddParameter): Name = "DESC"; Value = ""; VariantName = "[No Variations]"
Add component (AddParameter): Name = "DIST#"; Value = ""; VariantName = "[No Variations]"
Add component (AddParameter): Name = "MANF"; Value = "-"; VariantName = "[No Variations]"
Add component (AddParameter): Name = "MANF_P#"; Value = "MANF_PART#"; VariantName = "[No Variations]"
Add component (AddParameter): Name = "PARAM"; Value = "-, -%"; VariantName = "[No Variations]"
Add component (AddParameter): Name = "PARAM2"; Value = "-V"; VariantName = "[No Variations]"
Add component (AddParameter): Name = "PRICE"; Value = "100= 1$"; VariantName = "[No Variations]"
Add component (AddParameter): Name = "VALUE"; Value = "100nF"; VariantName = "[No Variations]"
Added Component: Designator=C14(C0805)
Add component (AddParameter): Name = "ASSEMBLY"; Value = "ASSEMBLY"; VariantName = "[No Variations]"
Add component (AddParameter): Name = "DESC"; Value = ""; VariantName = "[No Variations]"
Add component (AddParameter): Name = "DIST#"; Value = ""; VariantName = "[No Variations]"
Add component (AddParameter): Name = "MANF"; Value = "-"; VariantName = "[No Variations]"
Add component (AddParameter): Name = "MANF_P#"; Value = "MANF_PART#"; VariantName = "[No Variations]"
Add component (AddParameter): Name = "PARAM"; Value = "-, -%"; VariantName = "[No Variations]"
Add component (AddParameter): Name = "PARAM2"; Value = "-V"; VariantName = "[No Variations]"
Add component (AddParameter): Name = "PRICE"; Value = "100= 1$"; VariantName = "[No Variations]"
Add component (AddParameter): Name = "VALUE"; Value = "100nF"; VariantName = "[No Variations]"
Added Component: Designator=C15(C_EL_5)
Add component (AddParameter): Name = "ASSEMBLY"; Value = "ASSEMBLY"; VariantName = "[No Variations]"
Add component (AddParameter): Name = "DESC"; Value = "DESCRIPTION"; VariantName = "[No Variations]"
Add component (AddParameter): Name = "DIST#"; Value = "MOUSER"; VariantName = "[No Variations]"
Add component (AddParameter): Name = "MANF"; Value = "MANF"; VariantName = "[No Variations]"
Add component (AddParameter): Name = "MANF_P#"; Value = "MANF_PART#"; VariantName = "[No Variations]"
Add component (AddParameter): Name = "PARAM"; Value = "20%"; VariantName = "[No Variations]"
Add component (AddParameter): Name = "PARAM2"; Value = "-V"; VariantName = "[No Variations]"
Add component (AddParameter): Name = "PRICE"; Value = "10= -$"; VariantName = "[No Variations]"
Add component (AddParameter): Name = "VALUE"; Value = "470uF"; VariantName = "[No Variations]"
Added Component: Designator=C16(C_EL_5)
Add component (AddParameter): Name = "ASSEMBLY"; Value = "ASSEMBLY"; VariantName = "[No Variations]"
Add component (AddParameter): Name = "DESC"; Value = "DESCRIPTION"; VariantName = "[No Variations]"
Add component (AddParameter): Name = "DIST#"; Value = "MOUSER"; VariantName = "[No Variations]"
Add component (AddParameter): Name = "MANF"; Value = "MANF"; VariantName = "[No Variations]"
Add component (AddParameter): Name = "MANF_P#"; Value = "MANF_PART#"; VariantName = "[No Variations]"
Add component (AddParameter): Name = "PARAM"; Value = "20%"; VariantName = "[No Variations]"
Add component (AddParameter): Name = "PARAM2"; Value = "-V"; VariantName = "[No Variations]"
Add component (AddParameter): Name = "PRICE"; Value = "10= -$"; VariantName = "[No Variations]"
Add component (AddParameter): Name = "VALUE"; Value = "470uF"; VariantName = "[No Variations]"
Added Component: Designator=C17(C0805)
Add component (AddParameter): Name = "ASSEMBLY"; Value = "ASSEMBLY"; VariantName = "[No Variations]"
Add component (AddParameter): Name = "DESC"; Value = ""; VariantName = "[No Variations]"
Add component (AddParameter): Name = "DIST#"; Value = ""; VariantName = "[No Variations]"
Add component (AddParameter): Name = "MANF"; Value = "-"; VariantName = "[No Variations]"
Add component (AddParameter): Name = "MANF_P#"; Value = "MANF_PART#"; VariantName = "[No Variations]"
Add component (AddParameter): Name = "PARAM"; Value = "-, -%"; VariantName = "[No Variations]"
Add component (AddParameter): Name = "PARAM2"; Value = "-V"; VariantName = "[No Variations]"
Add component (AddParameter): Name = "PRICE"; Value = "100= 1$"; VariantName = "[No Variations]"
Add component (AddParameter): Name = "VALUE"; Value = "100nF"; VariantName = "[No Variations]"
Added Component: Designator=C18(C0805)
Add component (AddParameter): Name = "ASSEMBLY"; Value = "ASSEMBLY"; VariantName = "[No Variations]"
Add component (AddParameter): Name = "DESC"; Value = ""; VariantName = "[No Variations]"
Add component (AddParameter): Name = "DIST#"; Value = ""; VariantName = "[No Variations]"
Add component (AddParameter): Name = "MANF"; Value = "-"; VariantName = "[No Variations]"
Add component (AddParameter): Name = "MANF_P#"; Value = "MANF_PART#"; VariantName = "[No Variations]"
Add component (AddParameter): Name = "PARAM"; Value = "-, -%"; VariantName = "[No Variations]"
Add component (AddParameter): Name = "PARAM2"; Value = "-V"; VariantName = "[No Variations]"
Add component (AddParameter): Name = "PRICE"; Value = "100= 1$"; VariantName = "[No Variations]"
Add component (AddParameter): Name = "VALUE"; Value = "10uF"; VariantName = "[No Variations]"
Added Component: Designator=D1(D_SOD323)
Add component (AddParameter): Name = "ASSEMBLY"; Value = "ASSEMBLY"; VariantName = "[No Variations]"
Add component (AddParameter): Name = "DESC"; Value = "DESCRIPTION"; VariantName = "[No Variations]"
Add component (AddParameter): Name = "MANF"; Value = "Diodes"; VariantName = "[No Variations]"
Add component (AddParameter): Name = "MANF_P#"; Value = "1N4148WS"; VariantName = "[No Variations]"
Add component (AddParameter): Name = "PARAM"; Value = "200~300mA"; VariantName = "[No Variations]"
Add component (AddParameter): Name = "PARAM2"; Value = "75V"; VariantName = "[No Variations]"
Add component (AddParameter): Name = "PRICE"; Value = "0.2$"; VariantName = "[No Variations]"
Add component (AddParameter): Name = "VALUE"; Value = "1N4148"; VariantName = "[No Variations]"
Added Component: Designator=D2(D_SMA)
Add component (AddParameter): Name = "ASSEMBLY"; Value = "ASSEMBLY"; VariantName = "[No Variations]"
Add component (AddParameter): Name = "DESC"; Value = "DESCRIPTION"; VariantName = "[No Variations]"
Add component (AddParameter): Name = "MANF"; Value = "DIODES"; VariantName = "[No Variations]"
Add component (AddParameter): Name = "MANF_P#"; Value = "1N5822"; VariantName = "[No Variations]"
Add component (AddParameter): Name = "PARAM"; Value = "40V"; VariantName = "[No Variations]"
Add component (AddParameter): Name = "PARAM2"; Value = "3A"; VariantName = "[No Variations]"
Add component (AddParameter): Name = "PRICE"; Value = "PRICE"; VariantName = "[No Variations]"
Add component (AddParameter): Name = "VALUE"; Value = "1N5822"; VariantName = "[No Variations]"
Added Component: Designator=D3(D_SMA)
Add component (AddParameter): Name = "ASSEMBLY"; Value = "ASSEMBLY"; VariantName = "[No Variations]"
Add component (AddParameter): Name = "DESC"; Value = "DESCRIPTION"; VariantName = "[No Variations]"
Add component (AddParameter): Name = "MANF"; Value = "MANF"; VariantName = "[No Variations]"
Add component (AddParameter): Name = "MANF_P#"; Value = "1N4001"; VariantName = "[No Variations]"
Add component (AddParameter): Name = "PARAM"; Value = "50V VRRM"; VariantName = "[No Variations]"
Add component (AddParameter): Name = "PARAM2"; Value = "1A"; VariantName = "[No Variations]"
Add component (AddParameter): Name = "PRICE"; Value = "PRICE"; VariantName = "[No Variations]"
Add component (AddParameter): Name = "VALUE"; Value = "1N4001"; VariantName = "[No Variations]"
Added Component: Designator=D6(D_SOD323)
Add component (AddParameter): Name = "ASSEMBLY"; Value = "ASSEMBLY"; VariantName = "[No Variations]"
Add component (AddParameter): Name = "DESC"; Value = "DESCRIPTION"; VariantName = "[No Variations]"
Add component (AddParameter): Name = "MANF"; Value = "Diodes"; VariantName = "[No Variations]"
Add component (AddParameter): Name = "MANF_P#"; Value = "1N4148WS"; VariantName = "[No Variations]"
Add component (AddParameter): Name = "PARAM"; Value = "200~300mA"; VariantName = "[No Variations]"
Add component (AddParameter): Name = "PARAM2"; Value = "75V"; VariantName = "[No Variations]"
Add component (AddParameter): Name = "PRICE"; Value = "0.2$"; VariantName = "[No Variations]"
Add component (AddParameter): Name = "VALUE"; Value = "1N4148"; VariantName = "[No Variations]"
Added Component: Designator=J1(HDRR_F_1X4)
Add component (AddParameter): Name = "ASSEMBLY"; Value = ""; VariantName = "[No Variations]"
Add component (AddParameter): Name = "DESC"; Value = ""; VariantName = "[No Variations]"
Add component (AddParameter): Name = "MANF"; Value = ""; VariantName = "[No Variations]"
Add component (AddParameter): Name = "MANF_P#"; Value = ""; VariantName = "[No Variations]"
Add component (AddParameter): Name = "PARAM"; Value = ""; VariantName = "[No Variations]"
Add component (AddParameter): Name = "PRICE"; Value = ""; VariantName = "[No Variations]"
Add component (AddParameter): Name = "VALUE"; Value = "HDRF4"; VariantName = "[No Variations]"
Added Component: Designator=J2(MSTB_3)
Add component (AddParameter): Name = "ASSEMBLY"; Value = ""; VariantName = "[No Variations]"
Add component (AddParameter): Name = "DESC"; Value = ""; VariantName = "[No Variations]"
Add component (AddParameter): Name = "DIST#"; Value = ""; VariantName = "[No Variations]"
Add component (AddParameter): Name = "MANF"; Value = ""; VariantName = "[No Variations]"
Add component (AddParameter): Name = "MANF_P#"; Value = ""; VariantName = "[No Variations]"
Add component (AddParameter): Name = "PARAM"; Value = "12A"; VariantName = "[No Variations]"
Add component (AddParameter): Name = "PARAM2"; Value = "320V"; VariantName = "[No Variations]"
Add component (AddParameter): Name = "PRICE"; Value = ""; VariantName = "[No Variations]"
Add component (AddParameter): Name = "VALUE"; Value = "CONN_TB3"; VariantName = "[No Variations]"
Added Component: Designator=J3(HDRR_F_1X2)
Add component (AddParameter): Name = "ASSEMBLY"; Value = ""; VariantName = "[No Variations]"
Add component (AddParameter): Name = "DESC"; Value = ""; VariantName = "[No Variations]"
Add component (AddParameter): Name = "MANF"; Value = ""; VariantName = "[No Variations]"
Add component (AddParameter): Name = "MANF_P#"; Value = ""; VariantName = "[No Variations]"
Add component (AddParameter): Name = "PARAM"; Value = ""; VariantName = "[No Variations]"
Add component (AddParameter): Name = "PRICE"; Value = ""; VariantName = "[No Variations]"
Add component (AddParameter): Name = "VALUE"; Value = "HDRF2"; VariantName = "[No Variations]"
Added Component: Designator=J4(MSTB_2)
Add component (AddParameter): Name = "ASSEMBLY"; Value = ""; VariantName = "[No Variations]"
Add component (AddParameter): Name = "DESC"; Value = ""; VariantName = "[No Variations]"
Add component (AddParameter): Name = "DIST#"; Value = ""; VariantName = "[No Variations]"
Add component (AddParameter): Name = "MANF"; Value = ""; VariantName = "[No Variations]"
Add component (AddParameter): Name = "MANF_P#"; Value = ""; VariantName = "[No Variations]"
Add component (AddParameter): Name = "PARAM"; Value = "12A"; VariantName = "[No Variations]"
Add component (AddParameter): Name = "PARAM2"; Value = "320V"; VariantName = "[No Variations]"
Add component (AddParameter): Name = "PRICE"; Value = ""; VariantName = "[No Variations]"
Add component (AddParameter): Name = "VALUE"; Value = "CONN_TB2"; VariantName = "[No Variations]"
Added Component: Designator=J5(HDR_F_1X16)
Add component (AddParameter): Name = "ASSEMBLY"; Value = ""; VariantName = "[No Variations]"
Add component (AddParameter): Name = "DESC"; Value = ""; VariantName = "[No Variations]"
Add component (AddParameter): Name = "MANF"; Value = ""; VariantName = "[No Variations]"
Add component (AddParameter): Name = "MANF_P#"; Value = ""; VariantName = "[No Variations]"
Add component (AddParameter): Name = "PARAM"; Value = ""; VariantName = "[No Variations]"
Add component (AddParameter): Name = "PRICE"; Value = ""; VariantName = "[No Variations]"
Add component (AddParameter): Name = "VALUE"; Value = "HDRF16"; VariantName = "[No Variations]"
Added Component: Designator=J6(MSTB_2)
Add component (AddParameter): Name = "ASSEMBLY"; Value = ""; VariantName = "[No Variations]"
Add component (AddParameter): Name = "DESC"; Value = ""; VariantName = "[No Variations]"
Add component (AddParameter): Name = "DIST#"; Value = ""; VariantName = "[No Variations]"
Add component (AddParameter): Name = "MANF"; Value = ""; VariantName = "[No Variations]"
Add component (AddParameter): Name = "MANF_P#"; Value = ""; VariantName = "[No Variations]"
Add component (AddParameter): Name = "PARAM"; Value = "12A"; VariantName = "[No Variations]"
Add component (AddParameter): Name = "PARAM2"; Value = "320V"; VariantName = "[No Variations]"
Add component (AddParameter): Name = "PRICE"; Value = ""; VariantName = "[No Variations]"
Add component (AddParameter): Name = "VALUE"; Value = "CONN_TB2"; VariantName = "[No Variations]"
Added Component: Designator=J7(MSTB_2)
Add component (AddParameter): Name = "ASSEMBLY"; Value = ""; VariantName = "[No Variations]"
Add component (AddParameter): Name = "DESC"; Value = ""; VariantName = "[No Variations]"
Add component (AddParameter): Name = "DIST#"; Value = ""; VariantName = "[No Variations]"
Add component (AddParameter): Name = "MANF"; Value = ""; VariantName = "[No Variations]"
Add component (AddParameter): Name = "MANF_P#"; Value = ""; VariantName = "[No Variations]"
Add component (AddParameter): Name = "PARAM"; Value = "12A"; VariantName = "[No Variations]"
Add component (AddParameter): Name = "PARAM2"; Value = "320V"; VariantName = "[No Variations]"
Add component (AddParameter): Name = "PRICE"; Value = ""; VariantName = "[No Variations]"
Add component (AddParameter): Name = "VALUE"; Value = "CONN_TB2"; VariantName = "[No Variations]"
Added Component: Designator=J8(MSTB_2)
Add component (AddParameter): Name = "ASSEMBLY"; Value = ""; VariantName = "[No Variations]"
Add component (AddParameter): Name = "DESC"; Value = ""; VariantName = "[No Variations]"
Add component (AddParameter): Name = "DIST#"; Value = ""; VariantName = "[No Variations]"
Add component (AddParameter): Name = "MANF"; Value = ""; VariantName = "[No Variations]"
Add component (AddParameter): Name = "MANF_P#"; Value = ""; VariantName = "[No Variations]"
Add component (AddParameter): Name = "PARAM"; Value = "12A"; VariantName = "[No Variations]"
Add component (AddParameter): Name = "PARAM2"; Value = "320V"; VariantName = "[No Variations]"
Add component (AddParameter): Name = "PRICE"; Value = ""; VariantName = "[No Variations]"
Add component (AddParameter): Name = "VALUE"; Value = "CONN_TB2"; VariantName = "[No Variations]"
Added Component: Designator=K1(REL_SPDT_5_1512)
Add component (AddParameter): Name = "MANF"; Value = "SUN HOLD"; VariantName = "[No Variations]"
Add component (AddParameter): Name = "MANF_P#"; Value = "RAM-1C-12"; VariantName = "[No Variations]"
Add component (AddParameter): Name = "PARAM"; Value = "12V, 50mA"; VariantName = "[No Variations]"
Add component (AddParameter): Name = "PARAM2"; Value = "14V, 20A"; VariantName = "[No Variations]"
Add component (AddParameter): Name = "PRICE"; Value = "PRICE"; VariantName = "[No Variations]"
Add component (AddParameter): Name = "Value"; Value = "RELAY_SPDT"; VariantName = "[No Variations]"
Added Component: Designator=LP1(L_7)
Add component (AddParameter): Name = "ASSEMBLY"; Value = "ASSEMBLY"; VariantName = "[No Variations]"
Add component (AddParameter): Name = "DESC"; Value = "INDUCTOR, 3.3uH, 8A (Irms), 10mOhm"; VariantName = "[No Variations]"
Add component (AddParameter): Name = "DIST#"; Value = ""; VariantName = "[No Variations]"
Add component (AddParameter): Name = "MANF"; Value = "Bourns"; VariantName = "[No Variations]"
Add component (AddParameter): Name = "MANF_P#"; Value = "SRP7050TA-3R3M"; VariantName = "[No Variations]"
Add component (AddParameter): Name = "PARAM"; Value = "8A (Irms), 12A Isat"; VariantName = "[No Variations]"
Add component (AddParameter): Name = "PARAM2"; Value = "10mOhm"; VariantName = "[No Variations]"
Add component (AddParameter): Name = "PRICE"; Value = "1.3$"; VariantName = "[No Variations]"
Add component (AddParameter): Name = "VALUE"; Value = "3.3uH"; VariantName = "[No Variations]"
Added Component: Designator=M1(SCMH_M3)
Add component (AddParameter): Name = "ASSEMBLY"; Value = "DNP"; VariantName = "[No Variations]"
Add component (AddParameter): Name = "MANF"; Value = ""; VariantName = "[No Variations]"
Add component (AddParameter): Name = "MANF_P#"; Value = ""; VariantName = "[No Variations]"
Add component (AddParameter): Name = "VALUE"; Value = "DNP/MH"; VariantName = "[No Variations]"
Added Component: Designator=M2(SCMH_M3)
Add component (AddParameter): Name = "ASSEMBLY"; Value = "DNP"; VariantName = "[No Variations]"
Add component (AddParameter): Name = "MANF"; Value = ""; VariantName = "[No Variations]"
Add component (AddParameter): Name = "MANF_P#"; Value = ""; VariantName = "[No Variations]"
Add component (AddParameter): Name = "VALUE"; Value = "DNP/MH"; VariantName = "[No Variations]"
Added Component: Designator=M3(SCMH_M3)
Add component (AddParameter): Name = "ASSEMBLY"; Value = "DNP"; VariantName = "[No Variations]"
Add component (AddParameter): Name = "MANF"; Value = ""; VariantName = "[No Variations]"
Add component (AddParameter): Name = "MANF_P#"; Value = ""; VariantName = "[No Variations]"
Add component (AddParameter): Name = "VALUE"; Value = "DNP/MH"; VariantName = "[No Variations]"
Added Component: Designator=M4(SCMH_M3)
Add component (AddParameter): Name = "ASSEMBLY"; Value = "DNP"; VariantName = "[No Variations]"
Add component (AddParameter): Name = "MANF"; Value = ""; VariantName = "[No Variations]"
Add component (AddParameter): Name = "MANF_P#"; Value = ""; VariantName = "[No Variations]"
Add component (AddParameter): Name = "VALUE"; Value = "DNP/MH"; VariantName = "[No Variations]"
Added Component: Designator=R1(R0805)
Add component (AddParameter): Name = "ASSEMBLY"; Value = "ASSEMBLY"; VariantName = "[No Variations]"
Add component (AddParameter): Name = "DESC"; Value = "DESCRIPTION"; VariantName = "[No Variations]"
Add component (AddParameter): Name = "DIST#"; Value = "MOUSER"; VariantName = "[No Variations]"
Add component (AddParameter): Name = "MANF"; Value = "-"; VariantName = "[No Variations]"
Add component (AddParameter): Name = "MANF_P#"; Value = "-"; VariantName = "[No Variations]"
Add component (AddParameter): Name = "PARAM"; Value = "-W"; VariantName = "[No Variations]"
Add component (AddParameter): Name = "PARAM2"; Value = "1%"; VariantName = "[No Variations]"
Add component (AddParameter): Name = "PRICE"; Value = "100= 0.5$"; VariantName = "[No Variations]"
Add component (AddParameter): Name = "VALUE"; Value = "10K"; VariantName = "[No Variations]"
Added Component: Designator=R3(R0805)
Add component (AddParameter): Name = "ASSEMBLY"; Value = "ASSEMBLY"; VariantName = "[No Variations]"
Add component (AddParameter): Name = "DESC"; Value = "DESCRIPTION"; VariantName = "[No Variations]"
Add component (AddParameter): Name = "DIST#"; Value = "MOUSER"; VariantName = "[No Variations]"
Add component (AddParameter): Name = "MANF"; Value = "-"; VariantName = "[No Variations]"
Add component (AddParameter): Name = "MANF_P#"; Value = "-"; VariantName = "[No Variations]"
Add component (AddParameter): Name = "PARAM"; Value = "-W"; VariantName = "[No Variations]"
Add component (AddParameter): Name = "PARAM2"; Value = "1%"; VariantName = "[No Variations]"
Add component (AddParameter): Name = "PRICE"; Value = "100= 0.5$"; VariantName = "[No Variations]"
Add component (AddParameter): Name = "VALUE"; Value = "1K"; VariantName = "[No Variations]"
Added Component: Designator=R4(R0805)
Add component (AddParameter): Name = "ASSEMBLY"; Value = "ASSEMBLY"; VariantName = "[No Variations]"
Add component (AddParameter): Name = "DESC"; Value = "DESCRIPTION"; VariantName = "[No Variations]"
Add component (AddParameter): Name = "DIST#"; Value = "MOUSER"; VariantName = "[No Variations]"
Add component (AddParameter): Name = "MANF"; Value = "-"; VariantName = "[No Variations]"
Add component (AddParameter): Name = "MANF_P#"; Value = "-"; VariantName = "[No Variations]"
Add component (AddParameter): Name = "PARAM"; Value = "-W"; VariantName = "[No Variations]"
Add component (AddParameter): Name = "PARAM2"; Value = "1%"; VariantName = "[No Variations]"
Add component (AddParameter): Name = "PRICE"; Value = "100= 0.5$"; VariantName = "[No Variations]"
Add component (AddParameter): Name = "VALUE"; Value = "10K"; VariantName = "[No Variations]"
Added Component: Designator=R5(R0805)
Add component (AddParameter): Name = "ASSEMBLY"; Value = "ASSEMBLY"; VariantName = "[No Variations]"
Add component (AddParameter): Name = "DESC"; Value = "DESCRIPTION"; VariantName = "[No Variations]"
Add component (AddParameter): Name = "DIST#"; Value = "MOUSER"; VariantName = "[No Variations]"
Add component (AddParameter): Name = "MANF"; Value = "-"; VariantName = "[No Variations]"
Add component (AddParameter): Name = "MANF_P#"; Value = "-"; VariantName = "[No Variations]"
Add component (AddParameter): Name = "PARAM"; Value = "-W"; VariantName = "[No Variations]"
Add component (AddParameter): Name = "PARAM2"; Value = "1%"; VariantName = "[No Variations]"
Add component (AddParameter): Name = "PRICE"; Value = "100= 0.5$"; VariantName = "[No Variations]"
Add component (AddParameter): Name = "VALUE"; Value = "10K"; VariantName = "[No Variations]"
Added Component: Designator=R6(R0805)
Add component (AddParameter): Name = "ASSEMBLY"; Value = "ASSEMBLY"; VariantName = "[No Variations]"
Add component (AddParameter): Name = "DESC"; Value = "DESCRIPTION"; VariantName = "[No Variations]"
Add component (AddParameter): Name = "DIST#"; Value = "MOUSER"; VariantName = "[No Variations]"
Add component (AddParameter): Name = "MANF"; Value = "-"; VariantName = "[No Variations]"
Add component (AddParameter): Name = "MANF_P#"; Value = "-"; VariantName = "[No Variations]"
Add component (AddParameter): Name = "PARAM"; Value = "-W"; VariantName = "[No Variations]"
Add component (AddParameter): Name = "PARAM2"; Value = "1%"; VariantName = "[No Variations]"
Add component (AddParameter): Name = "PRICE"; Value = "100= 0.5$"; VariantName = "[No Variations]"
Add component (AddParameter): Name = "VALUE"; Value = "10K"; VariantName = "[No Variations]"
Added Component: Designator=R7(R0805)
Add component (AddParameter): Name = "ASSEMBLY"; Value = "ASSEMBLY"; VariantName = "[No Variations]"
Add component (AddParameter): Name = "DESC"; Value = "DESCRIPTION"; VariantName = "[No Variations]"
Add component (AddParameter): Name = "DIST#"; Value = "MOUSER"; VariantName = "[No Variations]"
Add component (AddParameter): Name = "MANF"; Value = "-"; VariantName = "[No Variations]"
Add component (AddParameter): Name = "MANF_P#"; Value = "-"; VariantName = "[No Variations]"
Add component (AddParameter): Name = "PARAM"; Value = "-W"; VariantName = "[No Variations]"
Add component (AddParameter): Name = "PARAM2"; Value = "1%"; VariantName = "[No Variations]"
Add component (AddParameter): Name = "PRICE"; Value = "100= 0.5$"; VariantName = "[No Variations]"
Add component (AddParameter): Name = "VALUE"; Value = "10K"; VariantName = "[No Variations]"
Added Component: Designator=R8(R0805)
Add component (AddParameter): Name = "ASSEMBLY"; Value = "ASSEMBLY"; VariantName = "[No Variations]"
Add component (AddParameter): Name = "DESC"; Value = "DESCRIPTION"; VariantName = "[No Variations]"
Add component (AddParameter): Name = "DIST#"; Value = "MOUSER"; VariantName = "[No Variations]"
Add component (AddParameter): Name = "MANF"; Value = "-"; VariantName = "[No Variations]"
Add component (AddParameter): Name = "MANF_P#"; Value = "-"; VariantName = "[No Variations]"
Add component (AddParameter): Name = "PARAM"; Value = "-W"; VariantName = "[No Variations]"
Add component (AddParameter): Name = "PARAM2"; Value = "1%"; VariantName = "[No Variations]"
Add component (AddParameter): Name = "PRICE"; Value = "100= 0.5$"; VariantName = "[No Variations]"
Add component (AddParameter): Name = "VALUE"; Value = "10K"; VariantName = "[No Variations]"
Added Component: Designator=R9(R0805)
Add component (AddParameter): Name = "ASSEMBLY"; Value = "ASSEMBLY"; VariantName = "[No Variations]"
Add component (AddParameter): Name = "DESC"; Value = "DESCRIPTION"; VariantName = "[No Variations]"
Add component (AddParameter): Name = "DIST#"; Value = "MOUSER"; VariantName = "[No Variations]"
Add component (AddParameter): Name = "MANF"; Value = "-"; VariantName = "[No Variations]"
Add component (AddParameter): Name = "MANF_P#"; Value = "-"; VariantName = "[No Variations]"
Add component (AddParameter): Name = "PARAM"; Value = "-W"; VariantName = "[No Variations]"
Add component (AddParameter): Name = "PARAM2"; Value = "1%"; VariantName = "[No Variations]"
Add component (AddParameter): Name = "PRICE"; Value = "100= 0.5$"; VariantName = "[No Variations]"
Add component (AddParameter): Name = "VALUE"; Value = "1K"; VariantName = "[No Variations]"
Added Component: Designator=R10(R0805)
Add component (AddParameter): Name = "ASSEMBLY"; Value = "ASSEMBLY"; VariantName = "[No Variations]"
Add component (AddParameter): Name = "DESC"; Value = "DESCRIPTION"; VariantName = "[No Variations]"
Add component (AddParameter): Name = "DIST#"; Value = "MOUSER"; VariantName = "[No Variations]"
Add component (AddParameter): Name = "MANF"; Value = "-"; VariantName = "[No Variations]"
Add component (AddParameter): Name = "MANF_P#"; Value = "-"; VariantName = "[No Variations]"
Add component (AddParameter): Name = "PARAM"; Value = "-W"; VariantName = "[No Variations]"
Add component (AddParameter): Name = "PARAM2"; Value = "1%"; VariantName = "[No Variations]"
Add component (AddParameter): Name = "PRICE"; Value = "100= 0.5$"; VariantName = "[No Variations]"
Add component (AddParameter): Name = "VALUE"; Value = "10K"; VariantName = "[No Variations]"
Added Component: Designator=R11(R0805)
Add component (AddParameter): Name = "ASSEMBLY"; Value = "ASSEMBLY"; VariantName = "[No Variations]"
Add component (AddParameter): Name = "DESC"; Value = "DESCRIPTION"; VariantName = "[No Variations]"
Add component (AddParameter): Name = "DIST#"; Value = "MOUSER"; VariantName = "[No Variations]"
Add component (AddParameter): Name = "MANF"; Value = "-"; VariantName = "[No Variations]"
Add component (AddParameter): Name = "MANF_P#"; Value = "-"; VariantName = "[No Variations]"
Add component (AddParameter): Name = "PARAM"; Value = "-W"; VariantName = "[No Variations]"
Add component (AddParameter): Name = "PARAM2"; Value = "1%"; VariantName = "[No Variations]"
Add component (AddParameter): Name = "PRICE"; Value = "100= 0.5$"; VariantName = "[No Variations]"
Add component (AddParameter): Name = "VALUE"; Value = "10K"; VariantName = "[No Variations]"
Added Component: Designator=R12(R0805)
Add component (AddParameter): Name = "ASSEMBLY"; Value = "ASSEMBLY"; VariantName = "[No Variations]"
Add component (AddParameter): Name = "DESC"; Value = "DESCRIPTION"; VariantName = "[No Variations]"
Add component (AddParameter): Name = "DIST#"; Value = "MOUSER"; VariantName = "[No Variations]"
Add component (AddParameter): Name = "MANF"; Value = "-"; VariantName = "[No Variations]"
Add component (AddParameter): Name = "MANF_P#"; Value = "-"; VariantName = "[No Variations]"
Add component (AddParameter): Name = "PARAM"; Value = "-W"; VariantName = "[No Variations]"
Add component (AddParameter): Name = "PARAM2"; Value = "1%"; VariantName = "[No Variations]"
Add component (AddParameter): Name = "PRICE"; Value = "100= 0.5$"; VariantName = "[No Variations]"
Add component (AddParameter): Name = "VALUE"; Value = "10K"; VariantName = "[No Variations]"
Added Component: Designator=R13(R0805)
Add component (AddParameter): Name = "ASSEMBLY"; Value = "ASSEMBLY"; VariantName = "[No Variations]"
Add component (AddParameter): Name = "DESC"; Value = "DESCRIPTION"; VariantName = "[No Variations]"
Add component (AddParameter): Name = "DIST#"; Value = "MOUSER"; VariantName = "[No Variations]"
Add component (AddParameter): Name = "MANF"; Value = "-"; VariantName = "[No Variations]"
Add component (AddParameter): Name = "MANF_P#"; Value = "-"; VariantName = "[No Variations]"
Add component (AddParameter): Name = "PARAM"; Value = "-W"; VariantName = "[No Variations]"
Add component (AddParameter): Name = "PARAM2"; Value = "1%"; VariantName = "[No Variations]"
Add component (AddParameter): Name = "PRICE"; Value = "100= 0.5$"; VariantName = "[No Variations]"
Add component (AddParameter): Name = "VALUE"; Value = "10K"; VariantName = "[No Variations]"
Added Component: Designator=R14(R0805)
Add component (AddParameter): Name = "ASSEMBLY"; Value = "ASSEMBLY"; VariantName = "[No Variations]"
Add component (AddParameter): Name = "DESC"; Value = "DESCRIPTION"; VariantName = "[No Variations]"
Add component (AddParameter): Name = "DIST#"; Value = "MOUSER"; VariantName = "[No Variations]"
Add component (AddParameter): Name = "MANF"; Value = "-"; VariantName = "[No Variations]"
Add component (AddParameter): Name = "MANF_P#"; Value = "-"; VariantName = "[No Variations]"
Add component (AddParameter): Name = "PARAM"; Value = "-W"; VariantName = "[No Variations]"
Add component (AddParameter): Name = "PARAM2"; Value = "1%"; VariantName = "[No Variations]"
Add component (AddParameter): Name = "PRICE"; Value = "100= 0.5$"; VariantName = "[No Variations]"
Add component (AddParameter): Name = "VALUE"; Value = "10K"; VariantName = "[No Variations]"
Added Component: Designator=R15(POT_7X5)
Add component (AddParameter): Name = "ASSEMBLY"; Value = ""; VariantName = "[No Variations]"
Add component (AddParameter): Name = "DESC"; Value = ""; VariantName = "[No Variations]"
Add component (AddParameter): Name = "DIST#"; Value = ""; VariantName = "[No Variations]"
Add component (AddParameter): Name = "MANF"; Value = ""; VariantName = "[No Variations]"
Add component (AddParameter): Name = "MANF_P#"; Value = ""; VariantName = "[No Variations]"
Add component (AddParameter): Name = "PARAM"; Value = ""; VariantName = "[No Variations]"
Add component (AddParameter): Name = "PARAM2"; Value = ""; VariantName = "[No Variations]"
Add component (AddParameter): Name = "PRICE"; Value = ""; VariantName = "[No Variations]"
Add component (AddParameter): Name = "VALUE"; Value = "POT10K"; VariantName = "[No Variations]"
Added Component: Designator=R16(R0805)
Add component (AddParameter): Name = "ASSEMBLY"; Value = "ASSEMBLY"; VariantName = "[No Variations]"
Add component (AddParameter): Name = "DESC"; Value = "DESCRIPTION"; VariantName = "[No Variations]"
Add component (AddParameter): Name = "DIST#"; Value = "MOUSER"; VariantName = "[No Variations]"
Add component (AddParameter): Name = "MANF"; Value = "-"; VariantName = "[No Variations]"
Add component (AddParameter): Name = "MANF_P#"; Value = "-"; VariantName = "[No Variations]"
Add component (AddParameter): Name = "PARAM"; Value = "-W"; VariantName = "[No Variations]"
Add component (AddParameter): Name = "PARAM2"; Value = "1%"; VariantName = "[No Variations]"
Add component (AddParameter): Name = "PRICE"; Value = "100= 0.5$"; VariantName = "[No Variations]"
Add component (AddParameter): Name = "VALUE"; Value = "1K"; VariantName = "[No Variations]"
Added Component: Designator=R17(R0805)
Add component (AddParameter): Name = "ASSEMBLY"; Value = "ASSEMBLY"; VariantName = "[No Variations]"
Add component (AddParameter): Name = "DESC"; Value = "DESCRIPTION"; VariantName = "[No Variations]"
Add component (AddParameter): Name = "DIST#"; Value = "MOUSER"; VariantName = "[No Variations]"
Add component (AddParameter): Name = "MANF"; Value = "-"; VariantName = "[No Variations]"
Add component (AddParameter): Name = "MANF_P#"; Value = "-"; VariantName = "[No Variations]"
Add component (AddParameter): Name = "PARAM"; Value = "-W"; VariantName = "[No Variations]"
Add component (AddParameter): Name = "PARAM2"; Value = "1%"; VariantName = "[No Variations]"
Add component (AddParameter): Name = "PRICE"; Value = "100= 0.5$"; VariantName = "[No Variations]"
Add component (AddParameter): Name = "VALUE"; Value = "10K"; VariantName = "[No Variations]"
Added Component: Designator=SW1(SWPBS_SPST_6X3X2)
Add component (AddParameter): Name = "ASSEMBLY"; Value = "ASSEMBLY"; VariantName = "[No Variations]"
Add component (AddParameter): Name = "DESC"; Value = "DESCRIPTION"; VariantName = "[No Variations]"
Add component (AddParameter): Name = "MANF"; Value = "C&K"; VariantName = "[No Variations]"
Add component (AddParameter): Name = "MANF_P#"; Value = "RS-282G05A3-SM RT"; VariantName = "[No Variations]"
Add component (AddParameter): Name = "PARAM"; Value = "PARAM"; VariantName = "[No Variations]"
Add component (AddParameter): Name = "PRICE"; Value = "0.8$"; VariantName = "[No Variations]"
Add component (AddParameter): Name = "VALUE"; Value = "PUSHBUTTON"; VariantName = "[No Variations]"
Added Component: Designator=U1(QFG50_48)
Add component (AddParameter): Name = "Availability"; Value = "Unavailable"; VariantName = "[No Variations]"
Add component (AddParameter): Name = "MF"; Value = ""; VariantName = "[No Variations]"
Add component (AddParameter): Name = "MP"; Value = "STM32F030C8T6"; VariantName = "[No Variations]"
Add component (AddParameter): Name = "Package"; Value = "None"; VariantName = "[No Variations]"
Add component (AddParameter): Name = "Price"; Value = "None"; VariantName = "[No Variations]"
Add component (AddParameter): Name = "Value"; Value = ""; VariantName = "[No Variations]"
Added Component: Designator=U2(SOP50P490X110-10N)
Add component (AddParameter): Name = "Availability"; Value = "Unavailable"; VariantName = "[No Variations]"
Add component (AddParameter): Name = "MF"; Value = ""; VariantName = "[No Variations]"
Add component (AddParameter): Name = "MP"; Value = "ADS1115IDGST"; VariantName = "[No Variations]"
Add component (AddParameter): Name = "Package"; Value = "None"; VariantName = "[No Variations]"
Add component (AddParameter): Name = "Price"; Value = "None"; VariantName = "[No Variations]"
Add component (AddParameter): Name = "Value"; Value = ""; VariantName = "[No Variations]"
Added Component: Designator=U3(SOIC254P1000X460-4N)
Add component (AddParameter): Name = "MANF"; Value = "SHARP"; VariantName = "[No Variations]"
Add component (AddParameter): Name = "MANF_P#"; Value = "PC817"; VariantName = "[No Variations]"
Add component (AddParameter): Name = "PARAM"; Value = "IF=20mA"; VariantName = "[No Variations]"
Add component (AddParameter): Name = "PARAM2"; Value = "VCE = 35V"; VariantName = "[No Variations]"
Add component (AddParameter): Name = "PRICE"; Value = "-"; VariantName = "[No Variations]"
Add component (AddParameter): Name = "VALUE"; Value = "PC817"; VariantName = "[No Variations]"
Added Component: Designator=U4(D2PAK_5)
Added Component: Designator=U6(SOT223_4)
Add component (AddParameter): Name = "VALUE"; Value = "AMS1117"; VariantName = "[No Variations]"
Added Component: Designator=X1(XTL_2_11X5)
Add component (AddParameter): Name = "ASSEMBLY"; Value = ""; VariantName = "[No Variations]"
Add component (AddParameter): Name = "DESC"; Value = ""; VariantName = "[No Variations]"
Add component (AddParameter): Name = "DIST#"; Value = ""; VariantName = "[No Variations]"
Add component (AddParameter): Name = "MANF"; Value = ""; VariantName = "[No Variations]"
Add component (AddParameter): Name = "MANF_P#"; Value = ""; VariantName = "[No Variations]"
Add component (AddParameter): Name = "PARAM"; Value = ""; VariantName = "[No Variations]"
Add component (AddParameter): Name = "PARAM2"; Value = ""; VariantName = "[No Variations]"
Add component (AddParameter): Name = "PRICE"; Value = ""; VariantName = "[No Variations]"
Add component (AddParameter): Name = "VALUE"; Value = "XTL_12MHz"; VariantName = "[No Variations]"
Added Pin To Net: NetName=+3V3 Pin=C1-1
Added Pin To Net: NetName=+3V3 Pin=C2-1
Added Pin To Net: NetName=GND Pin=C2-2
Added Pin To Net: NetName=+3V3 Pin=C3-1
Added Pin To Net: NetName=GND Pin=C3-2
Added Pin To Net: NetName=+3V3 Pin=C4-1
Added Pin To Net: NetName=GND Pin=C4-2
Added Pin To Net: NetName=+3V3 Pin=C5-1
Added Pin To Net: NetName=GND Pin=C5-2
Added Pin To Net: NetName=+3V3 Pin=C6-1
Added Pin To Net: NetName=GND Pin=C6-2
Added Pin To Net: NetName=GND Pin=C7-1
Added Pin To Net: NetName=GND Pin=C8-1
Added Pin To Net: NetName=+3V3 Pin=C9-1
Added Pin To Net: NetName=GND Pin=C9-2
Added Pin To Net: NetName=+5V0 Pin=C10-1
Added Pin To Net: NetName=GND Pin=C10-2
Added Pin To Net: NetName=+5V0 Pin=C12-1
Added Pin To Net: NetName=GND Pin=C12-2
Added Pin To Net: NetName=+Vin Pin=C13-1
Added Pin To Net: NetName=GND Pin=C13-2
Added Pin To Net: NetName=PWR1 Pin=C14-1
Added Pin To Net: NetName=GND Pin=C14-2
Added Pin To Net: NetName=GND Pin=C15-1
Added Pin To Net: NetName=+Vin Pin=C15-2
Added Pin To Net: NetName=GND Pin=C16-1
Added Pin To Net: NetName=PWR1 Pin=C16-2
Added Pin To Net: NetName=+3V3 Pin=C17-1
Added Pin To Net: NetName=NetC17_2 Pin=C17-2
Added Pin To Net: NetName=+5V0 Pin=C18-1
Added Pin To Net: NetName=GND Pin=C18-2
Added Pin To Net: NetName=+Vin Pin=D1-1
Added Pin To Net: NetName=GND Pin=D2-1
Added Pin To Net: NetName=NetD2_2 Pin=D2-2
Added Pin To Net: NetName=+Vin Pin=D3-2
Added Pin To Net: NetName=PWR1 Pin=D6-1
Added Pin To Net: NetName=+5V0 Pin=D6-2
Added Pin To Net: NetName=+3V3 Pin=J1-1
Added Pin To Net: NetName=SYS_DIO Pin=J1-2
Added Pin To Net: NetName=SYS_CLK Pin=J1-3
Added Pin To Net: NetName=GND Pin=J1-4
Added Pin To Net: NetName=+5V0 Pin=J2-1
Added Pin To Net: NetName=GND Pin=J2-3
Added Pin To Net: NetName=+3V3 Pin=J3-1
Added Pin To Net: NetName=GND Pin=J5-1
Added Pin To Net: NetName=+5V0 Pin=J5-2
Added Pin To Net: NetName=+5V0 Pin=J5-15
Added Pin To Net: NetName=GND Pin=J5-16
Added Pin To Net: NetName=GND Pin=J8-1
Added Pin To Net: NetName=+Vin Pin=K1-4
Added Pin To Net: NetName=NetD2_2 Pin=LP1-1
Added Pin To Net: NetName=PWR1 Pin=LP1-2
Added Pin To Net: NetName=GND Pin=R1-2
Added Pin To Net: NetName=GND Pin=R4-1
Added Pin To Net: NetName=GND Pin=R6-1
Added Pin To Net: NetName=NetC17_2 Pin=R7-1
Added Pin To Net: NetName=GND Pin=R7-2
Added Pin To Net: NetName=NetC17_2 Pin=R9-1
Added Pin To Net: NetName=NRST Pin=R9-2
Added Pin To Net: NetName=GND Pin=R10-1
Added Pin To Net: NetName=+3V3 Pin=R11-2
Added Pin To Net: NetName=+3V3 Pin=R12-2
Added Pin To Net: NetName=+3V3 Pin=R13-2
Added Pin To Net: NetName=GND Pin=R14-2
Added Pin To Net: NetName=+5V0 Pin=R15-1
Added Pin To Net: NetName=GND Pin=R15-3
Added Pin To Net: NetName=+3V3 Pin=R16-1
Added Pin To Net: NetName=+Vin Pin=R17-1
Added Pin To Net: NetName=NetC17_2 Pin=SW1-1
Added Pin To Net: NetName=+3V3 Pin=SW1-2
Added Pin To Net: NetName=+3V3 Pin=U1-1
Added Pin To Net: NetName=NRST Pin=U1-7
Added Pin To Net: NetName=GND Pin=U1-8
Added Pin To Net: NetName=+3V3 Pin=U1-9
Added Pin To Net: NetName=GND Pin=U1-23
Added Pin To Net: NetName=+3V3 Pin=U1-24
Added Pin To Net: NetName=SYS_DIO Pin=U1-34
Added Pin To Net: NetName=SYS_CLK Pin=U1-37
Added Pin To Net: NetName=GND Pin=U1-47
Added Pin To Net: NetName=+3V3 Pin=U1-48
Added Pin To Net: NetName=GND Pin=U2-3
Added Pin To Net: NetName=+5V0 Pin=U2-8
Added Pin To Net: NetName=GND Pin=U3-3
Added Pin To Net: NetName=+Vin Pin=U4-1
Added Pin To Net: NetName=NetD2_2 Pin=U4-2
Added Pin To Net: NetName=GND Pin=U4-3
Added Pin To Net: NetName=PWR1 Pin=U4-4
Added Pin To Net: NetName=GND Pin=U4-5
Added Pin To Net: NetName=GND Pin=U4-6
Added Pin To Net: NetName=GND Pin=U6-1
Added Pin To Net: NetName=+3V3 Pin=U6-2
Added Pin To Net: NetName=+5V0 Pin=U6-3
Added Pin To Net: NetName=+3V3 Pin=U6-4
Change Net Color : Old Net Color=RGB(144, 145, 0) New Net Color=Default
Change Net Color : Old Net Color=RGB(63, 69, 17) New Net Color=Default
Change Net Color : Old Net Color=Yellow New Net Color=Default
Added Pin To Net: NetName=ADC_1 Pin=R4-2
Added Pin To Net: NetName=ADC_1 Pin=R5-1
Added Pin To Net: NetName=ADC_1 Pin=U2-4
Added Net: Name=ADC_1
Added Pin To Net: NetName=ADC_2 Pin=R8-1
Added Pin To Net: NetName=ADC_2 Pin=R10-2
Added Pin To Net: NetName=ADC_2 Pin=U2-5
Added Net: Name=ADC_2
Added Pin To Net: NetName=ADC_3 Pin=J2-2
Added Pin To Net: NetName=ADC_3 Pin=U2-6
Added Net: Name=ADC_3
Added Pin To Net: NetName=ADS_ADDR Pin=R14-1
Added Pin To Net: NetName=ADS_ADDR Pin=U2-1
Added Net: Name=ADS_ADDR
Added Pin To Net: NetName=ADS_ALERT Pin=R13-1
Added Pin To Net: NetName=ADS_ALERT Pin=U1-41
Added Pin To Net: NetName=ADS_ALERT Pin=U2-2
Added Net: Name=ADS_ALERT
Added Pin To Net: NetName=ADS_SCL Pin=R11-1
Added Pin To Net: NetName=ADS_SCL Pin=U1-42
Added Pin To Net: NetName=ADS_SCL Pin=U2-10
Added Net: Name=ADS_SCL
Added Pin To Net: NetName=ADS_SDA Pin=R12-1
Added Pin To Net: NetName=ADS_SDA Pin=U1-43
Added Pin To Net: NetName=ADS_SDA Pin=U2-9
Added Net: Name=ADS_SDA
Added Pin To Net: NetName=LCD_D4 Pin=J5-6
Added Pin To Net: NetName=LCD_D4 Pin=U1-28
Added Net: Name=LCD_D4
Added Pin To Net: NetName=LCD_D5 Pin=J5-5
Added Pin To Net: NetName=LCD_D5 Pin=U1-27
Added Net: Name=LCD_D5
Added Pin To Net: NetName=LCD_D6 Pin=J5-4
Added Pin To Net: NetName=LCD_D6 Pin=U1-26
Added Net: Name=LCD_D6
Added Pin To Net: NetName=LCD_D7 Pin=J5-3
Added Pin To Net: NetName=LCD_D7 Pin=U1-25
Added Net: Name=LCD_D7
Added Pin To Net: NetName=LCD_E Pin=J5-11
Added Pin To Net: NetName=LCD_E Pin=U1-30
Added Net: Name=LCD_E
Added Pin To Net: NetName=LCD_RS Pin=J5-13
Added Pin To Net: NetName=LCD_RS Pin=U1-32
Added Net: Name=LCD_RS
Added Pin To Net: NetName=LCD_RW Pin=J5-12
Added Pin To Net: NetName=LCD_RW Pin=U1-31
Added Net: Name=LCD_RW
Added Pin To Net: NetName=NetC1_2 Pin=C1-2
Added Pin To Net: NetName=NetC1_2 Pin=J3-2
Added Pin To Net: NetName=NetC1_2 Pin=R1-1
Added Pin To Net: NetName=NetC1_2 Pin=R3-1
Added Net: Name=NetC1_2
Added Pin To Net: NetName=NetC7_2 Pin=C7-2
Added Pin To Net: NetName=NetC7_2 Pin=U1-5
Added Pin To Net: NetName=NetC7_2 Pin=X1-2
Added Net: Name=NetC7_2
Added Pin To Net: NetName=NetC8_2 Pin=C8-2
Added Pin To Net: NetName=NetC8_2 Pin=U1-6
Added Pin To Net: NetName=NetC8_2 Pin=X1-1
Added Net: Name=NetC8_2
Added Pin To Net: NetName=NetD1_2 Pin=D1-2
Added Pin To Net: NetName=NetD1_2 Pin=J7-2
Added Net: Name=NetD1_2
Added Pin To Net: NetName=NetD3_1 Pin=D3-1
Added Pin To Net: NetName=NetD3_1 Pin=K1-5
Added Pin To Net: NetName=NetD3_1 Pin=R17-2
Added Pin To Net: NetName=NetD3_1 Pin=U3-4
Added Net: Name=NetD3_1
Added Pin To Net: NetName=NetJ4_1 Pin=J4-1
Added Pin To Net: NetName=NetJ4_1 Pin=R8-2
Added Net: Name=NetJ4_1
Added Pin To Net: NetName=NetJ4_2 Pin=J4-2
Added Pin To Net: NetName=NetJ4_2 Pin=R5-2
Added Net: Name=NetJ4_2
Added Pin To Net: NetName=NetJ5_14 Pin=J5-14
Added Pin To Net: NetName=NetJ5_14 Pin=R15-2
Added Net: Name=NetJ5_14
Added Pin To Net: NetName=NetJ6_1 Pin=J6-1
Added Pin To Net: NetName=NetJ6_1 Pin=K1-3
Added Net: Name=NetJ6_1
Added Pin To Net: NetName=NetJ6_2 Pin=J6-2
Added Pin To Net: NetName=NetJ6_2 Pin=K1-1
Added Net: Name=NetJ6_2
Added Pin To Net: NetName=NetJ7_1 Pin=J7-1
Added Pin To Net: NetName=NetJ7_1 Pin=J8-2
Added Net: Name=NetJ7_1
Added Pin To Net: NetName=NetR6_2 Pin=R6-2
Added Pin To Net: NetName=NetR6_2 Pin=U1-44
Added Net: Name=NetR6_2
Added Pin To Net: NetName=NetR16_2 Pin=R16-2
Added Pin To Net: NetName=NetR16_2 Pin=U3-1
Added Net: Name=NetR16_2
Added Pin To Net: NetName=RELAY Pin=U1-10
Added Pin To Net: NetName=RELAY Pin=U3-2
Added Net: Name=RELAY
Added Pin To Net: NetName=sfw_reset Pin=R3-2
Added Pin To Net: NetName=sfw_reset Pin=U1-2
Added Net: Name=sfw_reset
Added Class: Name=MetalDetector
Change Room Name: Old Name=PressCounter New Name=MetalDetector
Change Room Scope: Old Scope=InComponentClass('PressCounter') New Scope=InComponentClass('MetalDetector')
