Change Component Designator: Old Designator=C_ETH_POWER? New Designator=C_ETH_POWER1
Change Component Designator: Old Designator=C_ETH_POWER? New Designator=C_ETH_POWER2
Change Component Designator: Old Designator=C_ETH_POWER? New Designator=C_ETH_POWER3
Change Component Designator: Old Designator=C_ETH_POWER? New Designator=C_ETH_POWER4
Change Component Designator: Old Designator=C_ETH_POWER? New Designator=C_ETH_POWER5
Change Component Designator: Old Designator=C_ETH_POWER? New Designator=C_ETH_POWER6
Change Component Designator: Old Designator=C_ETH_POWER? New Designator=C_ETH_POWER7
Change Component Designator: Old Designator=C_ETH_POWER? New Designator=C_ETH_POWER8
Change Component Designator: Old Designator=C_ETH_POWER_DECOUPLING? New Designator=C_ETH_POWER_DECOUPLING1
Change Component Designator: Old Designator=C_ETH_POWER_DECOUPLING? New Designator=C_ETH_POWER_DECOUPLING2
Change Component Designator: Old Designator=C_ETH_XTAL? New Designator=C_ETH_XTAL1
Change Component Designator: Old Designator=C_ETH_XTAL? New Designator=C_ETH_XTAL2
Change Component Designator: Old Designator=GND? New Designator=GND1
Change Component Designator: Old Designator=IC? New Designator=IC1
Change Component Designator: Old Designator=L_ETH_BEAD? New Designator=L_ETH_BEAD1
Change Component Designator: Old Designator=nintsel_down? New Designator=nintsel_down1
Change Component Designator: Old Designator=R_ETH_CRS_DV? New Designator=R_ETH_CRS_DV1
Change Component Designator: Old Designator=R_ETH_CRS_DV_UP? New Designator=R_ETH_CRS_DV_UP1
Change Component Designator: Old Designator=R_ETH_LED? New Designator=R_ETH_LED1
Change Component Designator: Old Designator=R_ETH_LED? New Designator=R_ETH_LED2
Change Component Designator: Old Designator=R_ETH_MDIO? New Designator=R_ETH_MDIO1
Change Component Designator: Old Designator=R_ETH_PHY_ADD? New Designator=R_ETH_PHY_ADD1
Change Component Designator: Old Designator=R_ETH_REF_CLK? New Designator=R_ETH_REF_CLK1
Change Component Designator: Old Designator=R_ETH_REF_CLK_UP? New Designator=R_ETH_REF_CLK_UP1
Change Component Designator: Old Designator=R_ETH_RXD? New Designator=R_ETH_RXD1
Change Component Designator: Old Designator=R_ETH_RXD? New Designator=R_ETH_RXD2
Change Component Designator: Old Designator=R_ETH_RXD? New Designator=R_ETH_RXD3
Change Component Designator: Old Designator=R_ETH_RXD? New Designator=R_ETH_RXD4
Change Component Designator: Old Designator=R_ETH_RXN? New Designator=R_ETH_RXN1
Change Component Designator: Old Designator=R_ETH_RXP? New Designator=R_ETH_RXP1
Change Component Designator: Old Designator=R_ETH_TXN? New Designator=R_ETH_TXN1
Change Component Designator: Old Designator=R_ETH_TXP? New Designator=R_ETH_TXP1
Change Component Designator: Old Designator=RBIAS? New Designator=RBIAS1
Change Component Designator: Old Designator=RJ? New Designator=RJ1
Change Component Designator: Old Designator=Y_PHY? New Designator=Y_PHY1
