Removed Pin From Net: NetName=NetJ5_2 Pin=R18-2
Removed Pin From Net: NetName=NetJ5_1 Pin=R19-2
Removed Pin From Net: NetName=TM4_CH2 Pin=U1-7
Removed Pin From Net: NetName=TM4_CH1 Pin=U1-80
Change Component Footprint: Designator=J5 Old Footprint=MSTB_2 New Footprint=MSTB_4
Change Component Comment : Designator=J5 Old Comment=CONN_TB2 New Comment=CONN_TB4
Change component parameters: Designator = "J5" ("J5"); Footprint = "MSTB_2"; UniqueID = "\KZZAXCKZ" ("\KZZAXCKZ")
Change component parameters (AddParameter): Name = "ASSEMBLY"; Value = ""; VariantName = "[No Variations]"
Change component parameters (AddParameter): Name = "DESC"; Value = ""; VariantName = "[No Variations]"
Change component parameters (AddParameter): Name = "DIST#"; Value = ""; VariantName = "[No Variations]"
Change component parameters (AddParameter): Name = "MANF"; Value = ""; VariantName = "[No Variations]"
Change component parameters (AddParameter): Name = "MANF_P#"; Value = ""; VariantName = "[No Variations]"
Change component parameters (AddParameter): Name = "PARAM"; Value = "12A"; VariantName = "[No Variations]"
Change component parameters (AddParameter): Name = "PARAM2"; Value = "320V"; VariantName = "[No Variations]"
Change component parameters (AddParameter): Name = "PRICE"; Value = ""; VariantName = "[No Variations]"
Change component parameters (AddParameter): Name = "VALUE"; Value = "CONN_TB4"; VariantName = "[No Variations]"
Added Component: Designator=R?(R0603)
Add component (AddParameter): Name = "ASSEMBLY"; Value = "ASSEMBLY"; VariantName = "[No Variations]"
Add component (AddParameter): Name = "DESC"; Value = "DESCRIPTION"; VariantName = "[No Variations]"
Add component (AddParameter): Name = "DIST#"; Value = "MOUSER"; VariantName = "[No Variations]"
Add component (AddParameter): Name = "MANF"; Value = "-"; VariantName = "[No Variations]"
Add component (AddParameter): Name = "MANF_P#"; Value = "-"; VariantName = "[No Variations]"
Add component (AddParameter): Name = "PARAM"; Value = "-W"; VariantName = "[No Variations]"
Add component (AddParameter): Name = "PARAM2"; Value = "1%"; VariantName = "[No Variations]"
Add component (AddParameter): Name = "PRICE"; Value = "100= 0.5$"; VariantName = "[No Variations]"
Add component (AddParameter): Name = "VALUE"; Value = "2.2K"; VariantName = "[No Variations]"
Added Component: Designator=R?(R0603)
Add component (AddParameter): Name = "ASSEMBLY"; Value = "ASSEMBLY"; VariantName = "[No Variations]"
Add component (AddParameter): Name = "DESC"; Value = "DESCRIPTION"; VariantName = "[No Variations]"
Add component (AddParameter): Name = "DIST#"; Value = "MOUSER"; VariantName = "[No Variations]"
Add component (AddParameter): Name = "MANF"; Value = "-"; VariantName = "[No Variations]"
Add component (AddParameter): Name = "MANF_P#"; Value = "-"; VariantName = "[No Variations]"
Add component (AddParameter): Name = "PARAM"; Value = "-W"; VariantName = "[No Variations]"
Add component (AddParameter): Name = "PARAM2"; Value = "1%"; VariantName = "[No Variations]"
Add component (AddParameter): Name = "PRICE"; Value = "100= 0.5$"; VariantName = "[No Variations]"
Add component (AddParameter): Name = "VALUE"; Value = "2.2K"; VariantName = "[No Variations]"
Added Pin To Net: NetName=NetJ5_1 Pin=R?-2
Added Pin To Net: NetName=NetJ5_2 Pin=R?-2
Add Pin To Net: Unknown Pin: Pin RJ1-13
Add Pin To Net: Unknown Pin: Pin RJ1-14
Added Pin To Net: NetName=TM4_CH1 Pin=U1-59
Added Pin To Net: NetName=TM4_CH2 Pin=U1-60
Added Pin To Net: NetName=NetJ5_3 Pin=J5-3
Added Pin To Net: NetName=NetJ5_3 Pin=R19-2
Added Net: Name=NetJ5_3
Added Pin To Net: NetName=NetJ5_4 Pin=J5-4
Added Pin To Net: NetName=NetJ5_4 Pin=R18-2
Added Net: Name=NetJ5_4
Added Pin To Net: NetName=TM4_CH3 Pin=R?-1
Added Pin To Net: NetName=TM4_CH3 Pin=U1-61
Added Net: Name=TM4_CH3
Added Pin To Net: NetName=TM4_CH4 Pin=R?-1
Added Pin To Net: NetName=TM4_CH4 Pin=U1-62
Added Net: Name=TM4_CH4
Added Member To Class: ClassName=TimerHs Member=Component R? 2.2K
Added Member To Class: ClassName=TimerHs Member=Component R? 2.2K
