Removed Pin From Net: NetName=VDDIO Pin=R12-1
Removed Pin From Net: NetName=VDDIO Pin=R14-1
Removed Pin From Net: NetName=VDDIO Pin=R16-1
Removed Pin From Net: NetName=VDDIO Pin=R19-1
Removed Pin From Net: NetName=VDDIO Pin=R21-1
Removed Pin From Net: NetName=VDDIO Pin=R25-1
Removed Pin From Net: NetName=VDDIO Pin=R27-1
Removed Pin From Net: NetName=VDDIO Pin=R29-1
Removed Pin From Net: NetName=VDDIO Pin=R43-1
Removed Pin From Net: NetName=VDDIO Pin=R45-1
Removed Pin From Net: NetName=VDDIO Pin=R51-1
Removed Pin From Net: NetName=VDDIO Pin=R53-1
Removed Pin From Net: NetName=VDDIO Pin=R55-1
Removed Pin From Net: NetName=VDDIO Pin=R57-1
Removed Pin From Net: NetName=VDDIO Pin=R59-1
Removed Pin From Net: NetName=VDDIO Pin=R61-1
Removed Pin From Net: NetName=NetJ4_9 Pin=U10-2
Removed Pin From Net: NetName=NetJ3_9 Pin=U11-2
Removed Pin From Net: NetName=NetJ4_8 Pin=U12-2
Removed Pin From Net: NetName=NetJ3_8 Pin=U13-2
Removed Pin From Net: NetName=NetJ4_7 Pin=U14-2
Removed Pin From Net: NetName=NetJ3_7 Pin=U15-2
Removed Pin From Net: NetName=NetJ4_6 Pin=U16-2
Removed Pin From Net: NetName=NetJ3_6 Pin=U17-2
Removed Pin From Net: NetName=NetJ4_5 Pin=U18-2
Removed Pin From Net: NetName=NetJ3_5 Pin=U19-2
Removed Pin From Net: NetName=NetJ4_4 Pin=U20-2
Removed Pin From Net: NetName=NetJ3_4 Pin=U21-2
Removed Pin From Net: NetName=NetJ4_3 Pin=U22-2
Removed Pin From Net: NetName=NetJ3_3 Pin=U23-2
Removed Pin From Net: NetName=NetJ4_2 Pin=U24-2
Removed Pin From Net: NetName=NetJ3_2 Pin=U25-2
Added Pin To Net: NetName=NetJ4_9 Pin=R12-1
Added Pin To Net: NetName=NetJ3_9 Pin=R14-1
Added Pin To Net: NetName=NetJ4_8 Pin=R16-1
Added Pin To Net: NetName=NetJ3_8 Pin=R19-1
Added Pin To Net: NetName=NetJ4_7 Pin=R21-1
Added Pin To Net: NetName=NetJ3_7 Pin=R25-1
Added Pin To Net: NetName=NetJ4_6 Pin=R27-1
Added Pin To Net: NetName=NetJ3_6 Pin=R29-1
Added Pin To Net: NetName=NetJ4_5 Pin=R43-1
Added Pin To Net: NetName=NetJ3_5 Pin=R45-1
Added Pin To Net: NetName=NetJ4_4 Pin=R51-1
Added Pin To Net: NetName=NetJ3_4 Pin=R53-1
Added Pin To Net: NetName=NetJ4_3 Pin=R55-1
Added Pin To Net: NetName=NetJ3_3 Pin=R57-1
Added Pin To Net: NetName=NetJ4_2 Pin=R59-1
Added Pin To Net: NetName=NetJ3_2 Pin=R61-1
Add Pin To Net: Unknown Pin: Pin RJ1-13
Add Pin To Net: Unknown Pin: Pin RJ1-14
Added Pin To Net: NetName=ETH_GND Pin=U10-2
Added Pin To Net: NetName=ETH_GND Pin=U11-2
Added Pin To Net: NetName=ETH_GND Pin=U12-2
Added Pin To Net: NetName=ETH_GND Pin=U13-2
Added Pin To Net: NetName=ETH_GND Pin=U14-2
Added Pin To Net: NetName=ETH_GND Pin=U15-2
Added Pin To Net: NetName=ETH_GND Pin=U16-2
Added Pin To Net: NetName=ETH_GND Pin=U17-2
Added Pin To Net: NetName=ETH_GND Pin=U18-2
Added Pin To Net: NetName=ETH_GND Pin=U19-2
Added Pin To Net: NetName=ETH_GND Pin=U20-2
Added Pin To Net: NetName=ETH_GND Pin=U21-2
Added Pin To Net: NetName=ETH_GND Pin=U22-2
Added Pin To Net: NetName=ETH_GND Pin=U23-2
Added Pin To Net: NetName=ETH_GND Pin=U24-2
Added Pin To Net: NetName=ETH_GND Pin=U25-2
