Added Component: Designator=U1(QFG50_100)
Add component (AddParameter): Name = "Availability"; Value = "Unavailable"; VariantName = "[No Variations]"
Add component (AddParameter): Name = "MF"; Value = ""; VariantName = "[No Variations]"
Add component (AddParameter): Name = "MP"; Value = "STM32F407VGT6"; VariantName = "[No Variations]"
Add component (AddParameter): Name = "Package"; Value = "None"; VariantName = "[No Variations]"
Add component (AddParameter): Name = "Price"; Value = "None"; VariantName = "[No Variations]"
Add component (AddParameter): Name = "Value"; Value = ""; VariantName = "[No Variations]"
Add Pin To Net: Unknown Pin: Pin RJ1-13
Add Pin To Net: Unknown Pin: Pin RJ1-14
Added Pin To Net: NetName=OPT_MCU1 Pin=U1-2
Added Pin To Net: NetName=OPT_MCU2 Pin=U1-3
Added Pin To Net: NetName=OPT_MCU3 Pin=U1-4
Added Pin To Net: NetName=OPT_MCU4 Pin=U1-5
Added Pin To Net: NetName=VDDIO Pin=U1-6
Added Pin To Net: NetName=ETH_GND Pin=U1-10
Added Pin To Net: NetName=VDDIO Pin=U1-11
Added Pin To Net: NetName=NetC17_2 Pin=U1-12
Added Pin To Net: NetName=NetC18_2 Pin=U1-13
Added Pin To Net: NetName=NRST Pin=U1-14
Added Pin To Net: NetName=ETH_RST Pin=U1-15
Added Pin To Net: NetName=ETH_MDC Pin=U1-16
Added Pin To Net: NetName=VDDIO Pin=U1-19
Added Pin To Net: NetName=ETH_GND Pin=U1-20
Added Pin To Net: NetName=NetC19_1 Pin=U1-21
Added Pin To Net: NetName=NetC19_1 Pin=U1-22
Added Pin To Net: NetName=TM2_CH1 Pin=U1-23
Added Pin To Net: NetName=ETH_REF_CLK Pin=U1-24
Added Pin To Net: NetName=ETH_MDIO Pin=U1-25
Added Pin To Net: NetName=TM2_CH4 Pin=U1-26
Added Pin To Net: NetName=ETH_GND Pin=U1-27
Added Pin To Net: NetName=VDDIO Pin=U1-28
Added Pin To Net: NetName=TM3_CH1 Pin=U1-31
Added Pin To Net: NetName=ETH_CRS_DV Pin=U1-32
Added Pin To Net: NetName=ETH_RXD0 Pin=U1-33
Added Pin To Net: NetName=ETH_RXD1 Pin=U1-34
Added Pin To Net: NetName=TM3_CH3 Pin=U1-35
Added Pin To Net: NetName=TM3_CH4 Pin=U1-36
Added Pin To Net: NetName=TM1_CH1 Pin=U1-40
Added Pin To Net: NetName=TM1_CH2 Pin=U1-42
Added Pin To Net: NetName=TM1_CH3 Pin=U1-44
Added Pin To Net: NetName=TM1_CH4 Pin=U1-45
Added Pin To Net: NetName=TM2_CH3 Pin=U1-47
Added Pin To Net: NetName=ETH_TX_EN Pin=U1-48
Added Pin To Net: NetName=NetC21_1 Pin=U1-49
Added Pin To Net: NetName=VDDIO Pin=U1-50
Added Pin To Net: NetName=ETH_TXD0 Pin=U1-51
Added Pin To Net: NetName=ETH_TXD1 Pin=U1-52
Added Pin To Net: NetName=RS485_TXD Pin=U1-55
Added Pin To Net: NetName=RS485_RXD Pin=U1-56
Added Pin To Net: NetName=TM4_CH1 Pin=U1-59
Added Pin To Net: NetName=TM4_CH2 Pin=U1-60
Added Pin To Net: NetName=TM4_CH3 Pin=U1-61
Added Pin To Net: NetName=TM4_CH4 Pin=U1-62
Added Pin To Net: NetName=TM3_CH2 Pin=U1-64
Added Pin To Net: NetName=SWDIO Pin=U1-72
Added Pin To Net: NetName=NetC22_1 Pin=U1-73
Added Pin To Net: NetName=ETH_GND Pin=U1-74
Added Pin To Net: NetName=VDDIO Pin=U1-75
Added Pin To Net: NetName=SWCLK Pin=U1-76
Added Pin To Net: NetName=RS485_RX/TX Pin=U1-77
Added Pin To Net: NetName=TM2_CH2 Pin=U1-89
Added Pin To Net: NetName=NetR17_2 Pin=U1-94
Added Pin To Net: NetName=ETH_GND Pin=U1-99
Added Pin To Net: NetName=VDDIO Pin=U1-100
Added Member To Class: ClassName=TimerHs Member=Component U1 STM32F407VGT6
