Removed Pin From Net: NetName=+Vin Pin=D1-1
Removed Pin From Net: NetName=+Vin Pin=D6-1
Removed Pin From Net: NetName=+Vin Pin=J7-2
Removed Member From Class: ClassName=TimerHs Member=D1
Removed Member From Class: ClassName=TimerHs Member=D6
Added Component: Designator=D?(D_SOD80)
Add component (AddParameter): Name = "ASSEMBLY"; Value = "ASSEMBLY"; VariantName = "[No Variations]"
Add component (AddParameter): Name = "DESC"; Value = "DESCRIPTION"; VariantName = "[No Variations]"
Add component (AddParameter): Name = "MANF"; Value = "Diodes"; VariantName = "[No Variations]"
Add component (AddParameter): Name = "MANF_P#"; Value = "1N4148WS"; VariantName = "[No Variations]"
Add component (AddParameter): Name = "PARAM"; Value = "200~300mA"; VariantName = "[No Variations]"
Add component (AddParameter): Name = "PARAM2"; Value = "75V"; VariantName = "[No Variations]"
Add component (AddParameter): Name = "PRICE"; Value = "0.2$"; VariantName = "[No Variations]"
Add component (AddParameter): Name = "VALUE"; Value = "1N4148"; VariantName = "[No Variations]"
Added Pin To Net: NetName=+Vin Pin=C2-1
Added Pin To Net: NetName=+Vin Pin=C4-1
Added Pin To Net: NetName=+Vin Pin=C23-1
Added Pin To Net: NetName=+Vin Pin=C25-1
Added Pin To Net: NetName=+Vin Pin=D?-2
Add Pin To Net: Unknown Pin: Pin RJ1-13
Add Pin To Net: Unknown Pin: Pin RJ1-14
Added Pin To Net: NetName=+Vin Pin=U3-1
Added Pin To Net: NetName=+Vin Pin=U5-1
Added Pin To Net: NetName=NetD?_1 Pin=D?-1
Added Pin To Net: NetName=NetD?_1 Pin=J7-2
Added Net: Name=NetD?_1
Added Member To Class: ClassName=TimerHs Member=Component D? 1N4148
