Removed Pin From Net: NetName=+5V0_O Pin=C8-1
Removed Pin From Net: NetName=+5V0_O Pin=C9-1
Removed Pin From Net: NetName=ETH_GND Pin=RJ1-SH1
Removed Pin From Net: NetName=ETH_GND Pin=RJ1-SH2
Removed Pin From Net: NetName=+5V0_O Pin=U4-3
Removed Member From Class: ClassName=TimerHs Member=C6
Removed Member From Class: ClassName=TimerHs Member=C7
Removed Member From Class: ClassName=TimerHs Member=C8
Removed Member From Class: ClassName=TimerHs Member=C9
Removed Member From Class: ClassName=TimerHs Member=D5
Removed Member From Class: ClassName=TimerHs Member=R9
Removed Member From Class: ClassName=TimerHs Member=U4
Change Component Comment : Designator=R1 Old Comment=10K New Comment=470R
Change Component Comment : Designator=R3 Old Comment=10K New Comment=470R
Change component parameters: Designator = "R1" ("R1"); Footprint = "R0603"; UniqueID = "\PZPCIKFI" ("\PZPCIKFI")
Change component parameters (AddParameter): Name = "ASSEMBLY"; Value = "ASSEMBLY"; VariantName = "[No Variations]"
Change component parameters (AddParameter): Name = "DESC"; Value = "DESCRIPTION"; VariantName = "[No Variations]"
Change component parameters (AddParameter): Name = "DIST#"; Value = "MOUSER"; VariantName = "[No Variations]"
Change component parameters (AddParameter): Name = "MANF"; Value = "-"; VariantName = "[No Variations]"
Change component parameters (AddParameter): Name = "MANF_P#"; Value = "-"; VariantName = "[No Variations]"
Change component parameters (AddParameter): Name = "PARAM"; Value = "-W"; VariantName = "[No Variations]"
Change component parameters (AddParameter): Name = "PARAM2"; Value = "1%"; VariantName = "[No Variations]"
Change component parameters (AddParameter): Name = "PRICE"; Value = "100= 0.5$"; VariantName = "[No Variations]"
Change component parameters (AddParameter): Name = "VALUE"; Value = "470R"; VariantName = "[No Variations]"
Change component parameters: Designator = "R3" ("R3"); Footprint = "R0603"; UniqueID = "\SCKPSKAV" ("\SCKPSKAV")
Change component parameters (AddParameter): Name = "ASSEMBLY"; Value = "ASSEMBLY"; VariantName = "[No Variations]"
Change component parameters (AddParameter): Name = "DESC"; Value = "DESCRIPTION"; VariantName = "[No Variations]"
Change component parameters (AddParameter): Name = "DIST#"; Value = "MOUSER"; VariantName = "[No Variations]"
Change component parameters (AddParameter): Name = "MANF"; Value = "-"; VariantName = "[No Variations]"
Change component parameters (AddParameter): Name = "MANF_P#"; Value = "-"; VariantName = "[No Variations]"
Change component parameters (AddParameter): Name = "PARAM"; Value = "-W"; VariantName = "[No Variations]"
Change component parameters (AddParameter): Name = "PARAM2"; Value = "1%"; VariantName = "[No Variations]"
Change component parameters (AddParameter): Name = "PRICE"; Value = "100= 0.5$"; VariantName = "[No Variations]"
Change component parameters (AddParameter): Name = "VALUE"; Value = "470R"; VariantName = "[No Variations]"
Added Pin To Net: NetName=ETH_GND Pin=C2-2
Added Pin To Net: NetName=ETH_GND Pin=C3-2
Added Pin To Net: NetName=ETH_GND Pin=C4-2
Added Pin To Net: NetName=ETH_GND Pin=C5-2
Added Pin To Net: NetName=ETH_GND Pin=D3-1
Added Pin To Net: NetName=ETH_GND Pin=D4-1
Added Pin To Net: NetName=+5V0_O Pin=J2-1
Added Pin To Net: NetName=ETH_GND Pin=J2-2
Add Pin To Net: Unknown Pin: Pin RJ1-13
Add Pin To Net: Unknown Pin: Pin RJ1-14
Added Pin To Net: NetName=RS485_RX/TX Pin=U1-46
Added Pin To Net: NetName=ETH_GND Pin=U3-3
Added Pin To Net: NetName=ETH_GND Pin=U3-5
Added Pin To Net: NetName=ETH_GND Pin=U3-6
Change Net Color : Old Net Color=Yellow New Net Color=Default
